[ 2016-08-26T10:54:59+08:00 ] 125.223.2.59 /tp/index.php/Home/Sdk/index/
INFO: [ app_init ] --START--
INFO: Run Behavior\BuildLiteBehavior [ RunTime:0.000014s ]
INFO: [ app_init ] --END-- [ RunTime:0.000092s ]
INFO: [ app_begin ] --START--
INFO: Run Behavior\ReadHtmlCacheBehavior [ RunTime:0.000040s ]
INFO: [ app_begin ] --END-- [ RunTime:0.000076s ]
NOTIC: [8] Undefined index: expries_in /alidata/www/mywechat/tp/Application/Home/Controller/SdkController.class.php 第 21 行.
NOTIC: [8] A session had already been started - ignoring session_start() /alidata/www/mywechat/tp/ThinkPHP/Common/functions.php 第 1263 行.
NOTIC: [8] Undefined index: $accsess_token /alidata/www/mywechat/tp/Application/Home/Controller/SdkController.class.php 第 23 行.
NOTIC: [8] Undefined variable: accsess_token /alidata/www/mywechat/tp/Application/Home/Controller/SdkController.class.php 第 25 行.
NOTIC: [8] curl_setopt(): CURLOPT_SSL_VERIFYHOST no longer accepts the value 1, value 2 will be used instead /alidata/www/mywechat/tp/Application/Home/Controller/SdkController.class.php 第 118 行.
NOTIC: [8] Undefined property: stdClass::$ticket /alidata/www/mywechat/tp/Application/Home/Controller/SdkController.class.php 第 49 行.
NOTIC: [8] A session had already been started - ignoring session_start() /alidata/www/mywechat/tp/ThinkPHP/Common/functions.php 第 1263 行.
INFO: [ view_parse ] --START--
INFO: [ template_filter ] --START--
INFO: Run Behavior\ContentReplaceBehavior [ RunTime:0.000036s ]
INFO: [ template_filter ] --END-- [ RunTime:0.000080s ]
INFO: Run Behavior\ParseTemplateBehavior [ RunTime:0.001700s ]
INFO: [ view_parse ] --END-- [ RunTime:0.001742s ]
INFO: [ view_filter ] --START--
INFO: Run Behavior\WriteHtmlCacheBehavior [ RunTime:0.000038s ]
INFO: [ view_filter ] --END-- [ RunTime:0.000064s ]
INFO: [ app_end ] --START--
INFO: Run Behavior\ShowPageTraceBehavior [ RunTime:0.000040s ]
INFO: [ app_end ] --END-- [ RunTime:0.000070s ]

[ 2016-08-26T10:58:02+08:00 ] 101.226.66.173 /tp/index.php/Home/Sdk/index
INFO: [ app_init ] --START--
INFO: Run Behavior\BuildLiteBehavior [ RunTime:0.000014s ]
INFO: [ app_init ] --END-- [ RunTime:0.000091s ]
INFO: [ app_begin ] --START--
INFO: Run Behavior\ReadHtmlCacheBehavior [ RunTime:0.000037s ]
INFO: [ app_begin ] --END-- [ RunTime:0.000071s ]
NOTIC: [8] Undefined index: expries_in /alidata/www/mywechat/tp/Application/Home/Controller/SdkController.class.php 第 21 行.
NOTIC: [8] A session had already been started - ignoring session_start() /alidata/www/mywechat/tp/ThinkPHP/Common/functions.php 第 1263 行.
NOTIC: [8] Undefined index: $accsess_token /alidata/www/mywechat/tp/Application/Home/Controller/SdkController.class.php 第 23 行.
NOTIC: [8] Undefined variable: accsess_token /alidata/www/mywechat/tp/Application/Home/Controller/SdkController.class.php 第 25 行.
NOTIC: [8] curl_setopt(): CURLOPT_SSL_VERIFYHOST no longer accepts the value 1, value 2 will be used instead /alidata/www/mywechat/tp/Application/Home/Controller/SdkController.class.php 第 118 行.
NOTIC: [8] Undefined property: stdClass::$ticket /alidata/www/mywechat/tp/Application/Home/Controller/SdkController.class.php 第 49 行.
NOTIC: [8] A session had already been started - ignoring session_start() /alidata/www/mywechat/tp/ThinkPHP/Common/functions.php 第 1263 行.
INFO: [ view_parse ] --START--
INFO: [ template_filter ] --START--
INFO: Run Behavior\ContentReplaceBehavior [ RunTime:0.000035s ]
INFO: [ template_filter ] --END-- [ RunTime:0.000078s ]
INFO: Run Behavior\ParseTemplateBehavior [ RunTime:0.001680s ]
INFO: [ view_parse ] --END-- [ RunTime:0.001724s ]
INFO: [ view_filter ] --START--
INFO: Run Behavior\WriteHtmlCacheBehavior [ RunTime:0.000040s ]
INFO: [ view_filter ] --END-- [ RunTime:0.000067s ]
INFO: [ app_end ] --START--
INFO: Run Behavior\ShowPageTraceBehavior [ RunTime:0.000036s ]
INFO: [ app_end ] --END-- [ RunTime:0.000065s ]

[ 2016-08-26T10:58:06+08:00 ] 101.226.66.192 /tp/index.php/Home/Sdk/index
INFO: [ app_init ] --START--
INFO: Run Behavior\BuildLiteBehavior [ RunTime:0.000013s ]
INFO: [ app_init ] --END-- [ RunTime:0.000092s ]
INFO: [ app_begin ] --START--
INFO: Run Behavior\ReadHtmlCacheBehavior [ RunTime:0.000037s ]
INFO: [ app_begin ] --END-- [ RunTime:0.000073s ]
NOTIC: [8] Undefined index: expries_in /alidata/www/mywechat/tp/Application/Home/Controller/SdkController.class.php 第 21 行.
NOTIC: [8] A session had already been started - ignoring session_start() /alidata/www/mywechat/tp/ThinkPHP/Common/functions.php 第 1263 行.
NOTIC: [8] Undefined index: $accsess_token /alidata/www/mywechat/tp/Application/Home/Controller/SdkController.class.php 第 23 行.
NOTIC: [8] Undefined variable: accsess_token /alidata/www/mywechat/tp/Application/Home/Controller/SdkController.class.php 第 25 行.
NOTIC: [8] curl_setopt(): CURLOPT_SSL_VERIFYHOST no longer accepts the value 1, value 2 will be used instead /alidata/www/mywechat/tp/Application/Home/Controller/SdkController.class.php 第 118 行.
NOTIC: [8] Undefined property: stdClass::$ticket /alidata/www/mywechat/tp/Application/Home/Controller/SdkController.class.php 第 49 行.
NOTIC: [8] A session had already been started - ignoring session_start() /alidata/www/mywechat/tp/ThinkPHP/Common/functions.php 第 1263 行.
INFO: [ view_parse ] --START--
INFO: [ template_filter ] --START--
INFO: Run Behavior\ContentReplaceBehavior [ RunTime:0.000034s ]
INFO: [ template_filter ] --END-- [ RunTime:0.000078s ]
INFO: Run Behavior\ParseTemplateBehavior [ RunTime:0.001729s ]
INFO: [ view_parse ] --END-- [ RunTime:0.001770s ]
INFO: [ view_filter ] --START--
INFO: Run Behavior\WriteHtmlCacheBehavior [ RunTime:0.000038s ]
INFO: [ view_filter ] --END-- [ RunTime:0.000065s ]
INFO: [ app_end ] --START--
INFO: Run Behavior\ShowPageTraceBehavior [ RunTime:0.000038s ]
INFO: [ app_end ] --END-- [ RunTime:0.000066s ]

[ 2016-08-26T10:58:26+08:00 ] 101.226.99.195 /tp/index.php/Home/Sdk/index
INFO: [ app_init ] --START--
INFO: Run Behavior\BuildLiteBehavior [ RunTime:0.000013s ]
INFO: [ app_init ] --END-- [ RunTime:0.000092s ]
INFO: [ app_begin ] --START--
INFO: Run Behavior\ReadHtmlCacheBehavior [ RunTime:0.000036s ]
INFO: [ app_begin ] --END-- [ RunTime:0.000070s ]
NOTIC: [8] Undefined index: expries_in /alidata/www/mywechat/tp/Application/Home/Controller/SdkController.class.php 第 21 行.
NOTIC: [8] A session had already been started - ignoring session_start() /alidata/www/mywechat/tp/ThinkPHP/Common/functions.php 第 1263 行.
NOTIC: [8] Undefined index: $accsess_token /alidata/www/mywechat/tp/Application/Home/Controller/SdkController.class.php 第 23 行.
NOTIC: [8] Undefined variable: accsess_token /alidata/www/mywechat/tp/Application/Home/Controller/SdkController.class.php 第 25 行.
NOTIC: [8] curl_setopt(): CURLOPT_SSL_VERIFYHOST no longer accepts the value 1, value 2 will be used instead /alidata/www/mywechat/tp/Application/Home/Controller/SdkController.class.php 第 118 行.
NOTIC: [8] Undefined property: stdClass::$ticket /alidata/www/mywechat/tp/Application/Home/Controller/SdkController.class.php 第 49 行.
NOTIC: [8] A session had already been started - ignoring session_start() /alidata/www/mywechat/tp/ThinkPHP/Common/functions.php 第 1263 行.
INFO: [ view_parse ] --START--
INFO: [ template_filter ] --START--
INFO: Run Behavior\ContentReplaceBehavior [ RunTime:0.000036s ]
INFO: [ template_filter ] --END-- [ RunTime:0.000081s ]
INFO: Run Behavior\ParseTemplateBehavior [ RunTime:0.001704s ]
INFO: [ view_parse ] --END-- [ RunTime:0.001748s ]
INFO: [ view_filter ] --START--
INFO: Run Behavior\WriteHtmlCacheBehavior [ RunTime:0.000040s ]
INFO: [ view_filter ] --END-- [ RunTime:0.000068s ]
INFO: [ app_end ] --START--
INFO: Run Behavior\ShowPageTraceBehavior [ RunTime:0.000036s ]
INFO: [ app_end ] --END-- [ RunTime:0.000064s ]

