[ 2016-08-20T09:53:35+08:00 ] 58.247.206.142 /tp/index.php?signature=6fa59e7c4a3875e07229398d8a8ae2d87388ff2e&timestamp=1471658015&nonce=868379014&openid=oJaCKxLXh4udnNAsqSbufkj7me9g
INFO: [ app_init ] --START--
INFO: Run Behavior\BuildLiteBehavior [ RunTime:0.000014s ]
INFO: [ app_init ] --END-- [ RunTime:0.000092s ]
INFO: [ app_begin ] --START--
INFO: Run Behavior\ReadHtmlCacheBehavior [ RunTime:0.000034s ]
INFO: [ app_begin ] --END-- [ RunTime:0.000067s ]
INFO: [ app_end ] --START--
INFO: Run Behavior\ShowPageTraceBehavior [ RunTime:0.000039s ]
INFO: [ app_end ] --END-- [ RunTime:0.000073s ]

[ 2016-08-20T09:53:42+08:00 ] 58.247.206.157 /tp/index.php?signature=4c52b21ac12d6cde62587c2b2225dec8b7a5bfdf&timestamp=1471658022&nonce=615361230&openid=oJaCKxLXh4udnNAsqSbufkj7me9g
INFO: [ app_init ] --START--
INFO: Run Behavior\BuildLiteBehavior [ RunTime:0.000014s ]
INFO: [ app_init ] --END-- [ RunTime:0.000093s ]
INFO: [ app_begin ] --START--
INFO: Run Behavior\ReadHtmlCacheBehavior [ RunTime:0.000034s ]
INFO: [ app_begin ] --END-- [ RunTime:0.000067s ]
INFO: [ app_end ] --START--
INFO: Run Behavior\ShowPageTraceBehavior [ RunTime:0.000122s ]
INFO: [ app_end ] --END-- [ RunTime:0.000171s ]

[ 2016-08-20T09:53:49+08:00 ] 58.247.206.153 /tp/index.php?signature=e9c086030a8cc07492483f33e56c0ed5915e71ea&timestamp=1471658029&nonce=945360219&openid=oJaCKxLXh4udnNAsqSbufkj7me9g
INFO: [ app_init ] --START--
INFO: Run Behavior\BuildLiteBehavior [ RunTime:0.000014s ]
INFO: [ app_init ] --END-- [ RunTime:0.000092s ]
INFO: [ app_begin ] --START--
INFO: Run Behavior\ReadHtmlCacheBehavior [ RunTime:0.000034s ]
INFO: [ app_begin ] --END-- [ RunTime:0.000067s ]
NOTIC: [8] Use of undefined constant self - assumed 'self' /alidata/www/mywechat/tp/ThinkPHP/Library/Com/Wechat.class.php 第 156 行.

[ 2016-08-20T09:56:54+08:00 ] 180.163.2.116 /tp/index.php
INFO: [ app_init ] --START--
INFO: Run Behavior\BuildLiteBehavior [ RunTime:0.000014s ]
INFO: [ app_init ] --END-- [ RunTime:0.000093s ]
INFO: [ app_begin ] --START--
INFO: Run Behavior\ReadHtmlCacheBehavior [ RunTime:0.000036s ]
INFO: [ app_begin ] --END-- [ RunTime:0.000069s ]
NOTIC: [8] Undefined index: timestamp /alidata/www/mywechat/tp/ThinkPHP/Library/Com/Wechat.class.php 第 299 行.
NOTIC: [8] Undefined index: nonce /alidata/www/mywechat/tp/ThinkPHP/Library/Com/Wechat.class.php 第 299 行.
NOTIC: [8] Undefined index: signature /alidata/www/mywechat/tp/ThinkPHP/Library/Com/Wechat.class.php 第 300 行.

[ 2016-08-20T13:23:08+08:00 ] 58.247.206.147 /tp/index.php?signature=427c4eecd2b444cd9ee5d4de723d8da153d3b525&timestamp=1471670588&nonce=189222313&openid=oJaCKxLXh4udnNAsqSbufkj7me9g
INFO: [ app_init ] --START--
INFO: Run Behavior\BuildLiteBehavior [ RunTime:0.000014s ]
INFO: [ app_init ] --END-- [ RunTime:0.000091s ]
INFO: [ app_begin ] --START--
INFO: Run Behavior\ReadHtmlCacheBehavior [ RunTime:0.000034s ]
INFO: [ app_begin ] --END-- [ RunTime:0.000067s ]
NOTIC: [8] Use of undefined constant self - assumed 'self' /alidata/www/mywechat/tp/ThinkPHP/Library/Com/Wechat.class.php 第 156 行.

[ 2016-08-20T13:23:12+08:00 ] 58.247.206.152 /tp/index.php?signature=0dc427c9267a4292360b23be4325402aa2957adc&timestamp=1471670592&nonce=974769102&openid=oJaCKxLXh4udnNAsqSbufkj7me9g
INFO: [ app_init ] --START--
INFO: Run Behavior\BuildLiteBehavior [ RunTime:0.000015s ]
INFO: [ app_init ] --END-- [ RunTime:0.000108s ]
INFO: [ app_begin ] --START--
INFO: Run Behavior\ReadHtmlCacheBehavior [ RunTime:0.000034s ]
INFO: [ app_begin ] --END-- [ RunTime:0.000067s ]
NOTIC: [8] Use of undefined constant openid - assumed 'openid' /alidata/www/mywechat/tp/Application/Home/Controller/IndexController.class.php 第 68 行.
NOTIC: [8] Use of undefined constant sex - assumed 'sex' /alidata/www/mywechat/tp/Application/Home/Controller/IndexController.class.php 第 68 行.
NOTIC: [8] Use of undefined constant self - assumed 'self' /alidata/www/mywechat/tp/ThinkPHP/Library/Com/Wechat.class.php 第 156 行.

[ 2016-08-20T13:26:27+08:00 ] 58.247.206.157 /tp/index.php?signature=0441d3c9007f5f566cfda2a7907fdbfa93771e93&timestamp=1471670786&nonce=378820493&openid=oJaCKxLXh4udnNAsqSbufkj7me9g
INFO: [ app_init ] --START--
INFO: Run Behavior\BuildLiteBehavior [ RunTime:0.000014s ]
INFO: [ app_init ] --END-- [ RunTime:0.000099s ]
INFO: [ app_begin ] --START--
INFO: Run Behavior\ReadHtmlCacheBehavior [ RunTime:0.000038s ]
INFO: [ app_begin ] --END-- [ RunTime:0.000074s ]
NOTIC: [8] Use of undefined constant openid - assumed 'openid' /alidata/www/mywechat/tp/Application/Home/Controller/IndexController.class.php 第 68 行.
NOTIC: [8] Use of undefined constant sex - assumed 'sex' /alidata/www/mywechat/tp/Application/Home/Controller/IndexController.class.php 第 68 行.
NOTIC: [8] Use of undefined constant self - assumed 'self' /alidata/www/mywechat/tp/ThinkPHP/Library/Com/Wechat.class.php 第 156 行.

[ 2016-08-20T13:26:32+08:00 ] 58.247.206.142 /tp/index.php?signature=66fc8eaddd8ae6e419608a7288cc0bc45afa5fa9&timestamp=1471670792&nonce=703610711&openid=oJaCKxLXh4udnNAsqSbufkj7me9g
INFO: [ app_init ] --START--
INFO: Run Behavior\BuildLiteBehavior [ RunTime:0.000013s ]
INFO: [ app_init ] --END-- [ RunTime:0.000093s ]
INFO: [ app_begin ] --START--
INFO: Run Behavior\ReadHtmlCacheBehavior [ RunTime:0.000035s ]
INFO: [ app_begin ] --END-- [ RunTime:0.000068s ]
INFO: [ app_end ] --START--
INFO: Run Behavior\ShowPageTraceBehavior [ RunTime:0.000042s ]
INFO: [ app_end ] --END-- [ RunTime:0.000076s ]

[ 2016-08-20T13:26:37+08:00 ] 58.247.206.142 /tp/index.php?signature=fdff5cd6a6e9fae0e42d1ef8ba2cebca3decfd5b&timestamp=1471670797&nonce=1040789450&openid=oJaCKxLXh4udnNAsqSbufkj7me9g
INFO: [ app_init ] --START--
INFO: Run Behavior\BuildLiteBehavior [ RunTime:0.000014s ]
INFO: [ app_init ] --END-- [ RunTime:0.000094s ]
INFO: [ app_begin ] --START--
INFO: Run Behavior\ReadHtmlCacheBehavior [ RunTime:0.000035s ]
INFO: [ app_begin ] --END-- [ RunTime:0.000066s ]
NOTIC: [8] Use of undefined constant openid - assumed 'openid' /alidata/www/mywechat/tp/Application/Home/Controller/IndexController.class.php 第 68 行.
NOTIC: [8] Use of undefined constant sex - assumed 'sex' /alidata/www/mywechat/tp/Application/Home/Controller/IndexController.class.php 第 68 行.
NOTIC: [8] Use of undefined constant self - assumed 'self' /alidata/www/mywechat/tp/ThinkPHP/Library/Com/Wechat.class.php 第 156 行.

[ 2016-08-20T15:41:16+08:00 ] 125.223.2.59 /tp/Home/index.php/
INFO: [ app_init ] --START--
INFO: Run Behavior\BuildLiteBehavior [ RunTime:0.000018s ]
INFO: [ app_init ] --END-- [ RunTime:0.000118s ]
INFO: [ app_begin ] --START--
INFO: Run Behavior\ReadHtmlCacheBehavior [ RunTime:0.000060s ]
INFO: [ app_begin ] --END-- [ RunTime:0.000097s ]
ERR: 无法加载控制器:Index.php

[ 2016-08-20T15:42:04+08:00 ] 125.223.2.59 /tp/index.php/
INFO: [ app_init ] --START--
INFO: Run Behavior\BuildLiteBehavior [ RunTime:0.000014s ]
INFO: [ app_init ] --END-- [ RunTime:0.000094s ]
INFO: [ app_begin ] --START--
INFO: Run Behavior\ReadHtmlCacheBehavior [ RunTime:0.000037s ]
INFO: [ app_begin ] --END-- [ RunTime:0.000069s ]
NOTIC: [8] Undefined index: timestamp /alidata/www/mywechat/tp/ThinkPHP/Library/Com/Wechat.class.php 第 299 行.
NOTIC: [8] Undefined index: nonce /alidata/www/mywechat/tp/ThinkPHP/Library/Com/Wechat.class.php 第 299 行.
NOTIC: [8] Undefined index: signature /alidata/www/mywechat/tp/ThinkPHP/Library/Com/Wechat.class.php 第 300 行.

[ 2016-08-20T15:42:05+08:00 ] 125.223.2.59 /tp/index.php/
INFO: [ app_init ] --START--
INFO: Run Behavior\BuildLiteBehavior [ RunTime:0.000020s ]
INFO: [ app_init ] --END-- [ RunTime:0.000116s ]
INFO: [ app_begin ] --START--
INFO: Run Behavior\ReadHtmlCacheBehavior [ RunTime:0.000035s ]
INFO: [ app_begin ] --END-- [ RunTime:0.000096s ]
NOTIC: [8] Undefined index: timestamp /alidata/www/mywechat/tp/ThinkPHP/Library/Com/Wechat.class.php 第 299 行.
NOTIC: [8] Undefined index: nonce /alidata/www/mywechat/tp/ThinkPHP/Library/Com/Wechat.class.php 第 299 行.
NOTIC: [8] Undefined index: signature /alidata/www/mywechat/tp/ThinkPHP/Library/Com/Wechat.class.php 第 300 行.

[ 2016-08-20T15:44:12+08:00 ] 125.223.2.59 /tp/index.php/Home/Index/WebUsers
INFO: [ app_init ] --START--
INFO: Run Behavior\BuildLiteBehavior [ RunTime:0.000013s ]
INFO: [ app_init ] --END-- [ RunTime:0.000090s ]
INFO: [ app_begin ] --START--
INFO: Run Behavior\ReadHtmlCacheBehavior [ RunTime:0.000037s ]
INFO: [ app_begin ] --END-- [ RunTime:0.000070s ]
ERR: 参数错误或者未定义:data

[ 2016-08-20T15:45:53+08:00 ] 125.223.2.59 /tp/index.php/Home/Index/WebUsers/iscode
INFO: [ app_init ] --START--
INFO: Run Behavior\BuildLiteBehavior [ RunTime:0.000014s ]
INFO: [ app_init ] --END-- [ RunTime:0.000103s ]
INFO: [ app_begin ] --START--
INFO: Run Behavior\ReadHtmlCacheBehavior [ RunTime:0.000038s ]
INFO: [ app_begin ] --END-- [ RunTime:0.000072s ]
NOTIC: [8] Undefined index: iscode /alidata/www/mywechat/tp/Application/Home/Controller/IndexController.class.php 第 82 行.
INFO: [ app_end ] --START--
INFO: Run Behavior\ShowPageTraceBehavior [ RunTime:0.000036s ]
INFO: [ app_end ] --END-- [ RunTime:0.000067s ]

[ 2016-08-20T15:45:53+08:00 ] 125.223.2.59 /tp/index.php/Home/Index/WebUsers/iscode
INFO: [ app_init ] --START--
INFO: Run Behavior\BuildLiteBehavior [ RunTime:0.000016s ]
INFO: [ app_init ] --END-- [ RunTime:0.000097s ]
INFO: [ app_begin ] --START--
INFO: Run Behavior\ReadHtmlCacheBehavior [ RunTime:0.000034s ]
INFO: [ app_begin ] --END-- [ RunTime:0.000069s ]
NOTIC: [8] Undefined index: iscode /alidata/www/mywechat/tp/Application/Home/Controller/IndexController.class.php 第 82 行.
INFO: [ app_end ] --START--
INFO: Run Behavior\ShowPageTraceBehavior [ RunTime:0.000061s ]
INFO: [ app_end ] --END-- [ RunTime:0.000093s ]

[ 2016-08-20T15:45:58+08:00 ] 125.223.2.59 /tp/index.php/Home/Index/WebUsers/iscode/1
INFO: [ app_init ] --START--
INFO: Run Behavior\BuildLiteBehavior [ RunTime:0.000018s ]
INFO: [ app_init ] --END-- [ RunTime:0.000113s ]
INFO: [ app_begin ] --START--
INFO: Run Behavior\ReadHtmlCacheBehavior [ RunTime:0.000037s ]
INFO: [ app_begin ] --END-- [ RunTime:0.000070s ]
INFO: [ app_end ] --START--
INFO: Run Behavior\ShowPageTraceBehavior [ RunTime:0.000050s ]
INFO: [ app_end ] --END-- [ RunTime:0.000084s ]

[ 2016-08-20T15:48:18+08:00 ] 125.223.2.59 /tp/index.php/Home/Index/WebUsers/iscode/1
INFO: [ app_init ] --START--
INFO: Run Behavior\BuildLiteBehavior [ RunTime:0.000021s ]
INFO: [ app_init ] --END-- [ RunTime:0.000119s ]
INFO: [ app_begin ] --START--
INFO: Run Behavior\ReadHtmlCacheBehavior [ RunTime:0.000036s ]
INFO: [ app_begin ] --END-- [ RunTime:0.000070s ]
INFO: [ app_end ] --START--
INFO: Run Behavior\ShowPageTraceBehavior [ RunTime:0.000037s ]
INFO: [ app_end ] --END-- [ RunTime:0.000073s ]

[ 2016-08-20T15:53:46+08:00 ] 125.223.2.59 /tp/index.php/Home/Index/WebUsers/iscode/1
INFO: [ app_init ] --START--
INFO: Run Behavior\BuildLiteBehavior [ RunTime:0.000017s ]
INFO: [ app_init ] --END-- [ RunTime:0.000108s ]
INFO: [ app_begin ] --START--
INFO: Run Behavior\ReadHtmlCacheBehavior [ RunTime:0.000058s ]
INFO: [ app_begin ] --END-- [ RunTime:0.000093s ]
INFO: [ app_end ] --START--
INFO: Run Behavior\ShowPageTraceBehavior [ RunTime:0.000050s ]
INFO: [ app_end ] --END-- [ RunTime:0.000088s ]

[ 2016-08-20T15:54:38+08:00 ] 58.247.206.142 /tp/index.php?signature=545055cc46e13b15b87001acb7451e231e7f7bf4&timestamp=1471679677&nonce=461008640&openid=oJaCKxLXh4udnNAsqSbufkj7me9g
INFO: [ app_init ] --START--
INFO: Run Behavior\BuildLiteBehavior [ RunTime:0.000022s ]
INFO: [ app_init ] --END-- [ RunTime:0.000146s ]
INFO: [ app_begin ] --START--
INFO: Run Behavior\ReadHtmlCacheBehavior [ RunTime:0.000082s ]
INFO: [ app_begin ] --END-- [ RunTime:0.000139s ]
INFO: [ app_end ] --START--
INFO: Run Behavior\ShowPageTraceBehavior [ RunTime:0.000052s ]
INFO: [ app_end ] --END-- [ RunTime:0.000088s ]

[ 2016-08-20T15:54:59+08:00 ] 125.223.2.59 /tp/index.php/Home/Index/WebUsers/iscode
INFO: [ app_init ] --START--
INFO: Run Behavior\BuildLiteBehavior [ RunTime:0.000016s ]
INFO: [ app_init ] --END-- [ RunTime:0.000104s ]
INFO: [ app_begin ] --START--
INFO: Run Behavior\ReadHtmlCacheBehavior [ RunTime:0.000060s ]
INFO: [ app_begin ] --END-- [ RunTime:0.000096s ]
NOTIC: [8] Undefined index: iscode /alidata/www/mywechat/tp/Application/Home/Controller/IndexController.class.php 第 82 行.
NOTIC: [8] Undefined index: code /alidata/www/mywechat/tp/Application/Home/Controller/IndexController.class.php 第 89 行.
INFO: [ app_end ] --START--
INFO: Run Behavior\ShowPageTraceBehavior [ RunTime:0.000042s ]
INFO: [ app_end ] --END-- [ RunTime:0.000075s ]

[ 2016-08-20T15:55:07+08:00 ] 125.223.2.59 /tp/index.php/Home/Index/WebUsers/iscode/1
INFO: [ app_init ] --START--
INFO: Run Behavior\BuildLiteBehavior [ RunTime:0.000016s ]
INFO: [ app_init ] --END-- [ RunTime:0.000104s ]
INFO: [ app_begin ] --START--
INFO: Run Behavior\ReadHtmlCacheBehavior [ RunTime:0.000057s ]
INFO: [ app_begin ] --END-- [ RunTime:0.000092s ]
INFO: [ app_end ] --START--
INFO: Run Behavior\ShowPageTraceBehavior [ RunTime:0.000047s ]
INFO: [ app_end ] --END-- [ RunTime:0.000082s ]

[ 2016-08-20T15:55:12+08:00 ] 58.247.206.151 /tp/index.php?signature=c4e3ddd93be5dfd199e30ab47c5d3e94fd94e6f5&timestamp=1471679712&nonce=416188895&openid=oJaCKxLXh4udnNAsqSbufkj7me9g
INFO: [ app_init ] --START--
INFO: Run Behavior\BuildLiteBehavior [ RunTime:0.000019s ]
INFO: [ app_init ] --END-- [ RunTime:0.000185s ]
INFO: [ app_begin ] --START--
INFO: Run Behavior\ReadHtmlCacheBehavior [ RunTime:0.000054s ]
INFO: [ app_begin ] --END-- [ RunTime:0.000088s ]
INFO: [ app_end ] --START--
INFO: Run Behavior\ShowPageTraceBehavior [ RunTime:0.000049s ]
INFO: [ app_end ] --END-- [ RunTime:0.000084s ]

[ 2016-08-20T15:55:15+08:00 ] 125.223.2.59 /tp/index.php/Home/Index/WebUsers/iscode/1
INFO: [ app_init ] --START--
INFO: Run Behavior\BuildLiteBehavior [ RunTime:0.000017s ]
INFO: [ app_init ] --END-- [ RunTime:0.000111s ]
INFO: [ app_begin ] --START--
INFO: Run Behavior\ReadHtmlCacheBehavior [ RunTime:0.000056s ]
INFO: [ app_begin ] --END-- [ RunTime:0.000090s ]
INFO: [ app_end ] --START--
INFO: Run Behavior\ShowPageTraceBehavior [ RunTime:0.000043s ]
INFO: [ app_end ] --END-- [ RunTime:0.000078s ]

[ 2016-08-20T15:56:19+08:00 ] 125.223.2.59 /tp/index.php/Home/Index/WebUsers/iscode
INFO: [ app_init ] --START--
INFO: Run Behavior\BuildLiteBehavior [ RunTime:0.000017s ]
INFO: [ app_init ] --END-- [ RunTime:0.000107s ]
INFO: [ app_begin ] --START--
INFO: Run Behavior\ReadHtmlCacheBehavior [ RunTime:0.000056s ]
INFO: [ app_begin ] --END-- [ RunTime:0.000090s ]
NOTIC: [8] Undefined index: iscode /alidata/www/mywechat/tp/Application/Home/Controller/IndexController.class.php 第 82 行.
NOTIC: [8] Undefined index: code /alidata/www/mywechat/tp/Application/Home/Controller/IndexController.class.php 第 89 行.
INFO: [ app_end ] --START--
INFO: Run Behavior\ShowPageTraceBehavior [ RunTime:0.000048s ]
INFO: [ app_end ] --END-- [ RunTime:0.000090s ]

[ 2016-08-20T15:56:28+08:00 ] 125.223.2.59 /tp/index.php/Home/Index/WebUsers/iscode/1
INFO: [ app_init ] --START--
INFO: Run Behavior\BuildLiteBehavior [ RunTime:0.000014s ]
INFO: [ app_init ] --END-- [ RunTime:0.000104s ]
INFO: [ app_begin ] --START--
INFO: Run Behavior\ReadHtmlCacheBehavior [ RunTime:0.000041s ]
INFO: [ app_begin ] --END-- [ RunTime:0.000075s ]
INFO: [ app_end ] --START--
INFO: Run Behavior\ShowPageTraceBehavior [ RunTime:0.000047s ]
INFO: [ app_end ] --END-- [ RunTime:0.000083s ]

[ 2016-08-20T15:56:40+08:00 ] 58.247.206.152 /tp/index.php?signature=208e0f1caa0ea008c65d3b2ea3ae0bc0dcef6622&timestamp=1471679800&nonce=208604401&openid=oJaCKxLXh4udnNAsqSbufkj7me9g
INFO: [ app_init ] --START--
INFO: Run Behavior\BuildLiteBehavior [ RunTime:0.000013s ]
INFO: [ app_init ] --END-- [ RunTime:0.000092s ]
INFO: [ app_begin ] --START--
INFO: Run Behavior\ReadHtmlCacheBehavior [ RunTime:0.000049s ]
INFO: [ app_begin ] --END-- [ RunTime:0.000082s ]
INFO: [ app_end ] --START--
INFO: Run Behavior\ShowPageTraceBehavior [ RunTime:0.000054s ]
INFO: [ app_end ] --END-- [ RunTime:0.000089s ]

[ 2016-08-20T15:56:43+08:00 ] 125.223.2.59 /tp/index.php/Home/Index/WebUsers/iscode/1
INFO: [ app_init ] --START--
INFO: Run Behavior\BuildLiteBehavior [ RunTime:0.000013s ]
INFO: [ app_init ] --END-- [ RunTime:0.000092s ]
INFO: [ app_begin ] --START--
INFO: Run Behavior\ReadHtmlCacheBehavior [ RunTime:0.000036s ]
INFO: [ app_begin ] --END-- [ RunTime:0.000070s ]
INFO: [ app_end ] --START--
INFO: Run Behavior\ShowPageTraceBehavior [ RunTime:0.000043s ]
INFO: [ app_end ] --END-- [ RunTime:0.000078s ]

[ 2016-08-20T15:56:46+08:00 ] 125.223.2.59 /tp/index.php/Home/Index/WebUsers?code=031OLsPi0S6COi17h6Oi0BvyPi0OLsPD&state=
INFO: [ app_init ] --START--
INFO: Run Behavior\BuildLiteBehavior [ RunTime:0.000014s ]
INFO: [ app_init ] --END-- [ RunTime:0.000091s ]
INFO: [ app_begin ] --START--
INFO: Run Behavior\ReadHtmlCacheBehavior [ RunTime:0.000035s ]
INFO: [ app_begin ] --END-- [ RunTime:0.000069s ]
NOTIC: [8] Undefined index: iscode /alidata/www/mywechat/tp/Application/Home/Controller/IndexController.class.php 第 82 行.
INFO: [ app_end ] --START--
INFO: Run Behavior\ShowPageTraceBehavior [ RunTime:0.000100s ]
INFO: [ app_end ] --END-- [ RunTime:0.000198s ]

[ 2016-08-20T15:57:03+08:00 ] 125.223.2.59 /tp/index.php/Home/Index/WebUsers/iscode/1
INFO: [ app_init ] --START--
INFO: Run Behavior\BuildLiteBehavior [ RunTime:0.000017s ]
INFO: [ app_init ] --END-- [ RunTime:0.000114s ]
INFO: [ app_begin ] --START--
INFO: Run Behavior\ReadHtmlCacheBehavior [ RunTime:0.000052s ]
INFO: [ app_begin ] --END-- [ RunTime:0.000088s ]
INFO: [ app_end ] --START--
INFO: Run Behavior\ShowPageTraceBehavior [ RunTime:0.000045s ]
INFO: [ app_end ] --END-- [ RunTime:0.000093s ]

[ 2016-08-20T15:57:25+08:00 ] 125.223.2.59 /tp/index.php/Home/Index/WebUsers?code=031RHlxW0CAwMP1mjNvW0JdlxW0RHlx0&state=
INFO: [ app_init ] --START--
INFO: Run Behavior\BuildLiteBehavior [ RunTime:0.000013s ]
INFO: [ app_init ] --END-- [ RunTime:0.000094s ]
INFO: [ app_begin ] --START--
INFO: Run Behavior\ReadHtmlCacheBehavior [ RunTime:0.000038s ]
INFO: [ app_begin ] --END-- [ RunTime:0.000072s ]
NOTIC: [8] Undefined index: iscode /alidata/www/mywechat/tp/Application/Home/Controller/IndexController.class.php 第 82 行.
INFO: [ app_end ] --START--
INFO: Run Behavior\ShowPageTraceBehavior [ RunTime:0.000158s ]
INFO: [ app_end ] --END-- [ RunTime:0.000242s ]

[ 2016-08-20T15:58:23+08:00 ] 101.226.33.221 /tp/index.php/Home/Index/WebUsers/iscode/1
INFO: [ app_init ] --START--
INFO: Run Behavior\BuildLiteBehavior [ RunTime:0.000013s ]
INFO: [ app_init ] --END-- [ RunTime:0.000091s ]
INFO: [ app_begin ] --START--
INFO: Run Behavior\ReadHtmlCacheBehavior [ RunTime:0.000037s ]
INFO: [ app_begin ] --END-- [ RunTime:0.000071s ]
INFO: [ app_end ] --START--
INFO: Run Behavior\ShowPageTraceBehavior [ RunTime:0.000046s ]
INFO: [ app_end ] --END-- [ RunTime:0.000082s ]

[ 2016-08-20T15:59:43+08:00 ] 101.226.102.97 /tp/index.php/Home/Index/WebUsers
INFO: [ app_init ] --START--
INFO: Run Behavior\BuildLiteBehavior [ RunTime:0.000014s ]
INFO: [ app_init ] --END-- [ RunTime:0.000090s ]
INFO: [ app_begin ] --START--
INFO: Run Behavior\ReadHtmlCacheBehavior [ RunTime:0.000060s ]
INFO: [ app_begin ] --END-- [ RunTime:0.000126s ]
NOTIC: [8] Undefined index: iscode /alidata/www/mywechat/tp/Application/Home/Controller/IndexController.class.php 第 82 行.
NOTIC: [8] Undefined index: code /alidata/www/mywechat/tp/Application/Home/Controller/IndexController.class.php 第 89 行.
INFO: [ app_end ] --START--
INFO: Run Behavior\ShowPageTraceBehavior [ RunTime:0.000036s ]
INFO: [ app_end ] --END-- [ RunTime:0.000067s ]

[ 2016-08-20T16:00:20+08:00 ] 125.223.2.59 /tp/index.php/Home/Index/WebUsers/iscode
INFO: [ app_init ] --START--
INFO: Run Behavior\BuildLiteBehavior [ RunTime:0.000014s ]
INFO: [ app_init ] --END-- [ RunTime:0.000093s ]
INFO: [ app_begin ] --START--
INFO: Run Behavior\ReadHtmlCacheBehavior [ RunTime:0.000038s ]
INFO: [ app_begin ] --END-- [ RunTime:0.000071s ]
NOTIC: [8] Undefined index: iscode /alidata/www/mywechat/tp/Application/Home/Controller/IndexController.class.php 第 82 行.
NOTIC: [8] Undefined index: code /alidata/www/mywechat/tp/Application/Home/Controller/IndexController.class.php 第 89 行.
INFO: [ app_end ] --START--
INFO: Run Behavior\ShowPageTraceBehavior [ RunTime:0.000036s ]
INFO: [ app_end ] --END-- [ RunTime:0.000067s ]

[ 2016-08-20T16:00:27+08:00 ] 125.223.2.59 /tp/index.php/Home/Index/WebUsers/iscode/1
INFO: [ app_init ] --START--
INFO: Run Behavior\BuildLiteBehavior [ RunTime:0.000019s ]
INFO: [ app_init ] --END-- [ RunTime:0.000128s ]
INFO: [ app_begin ] --START--
INFO: Run Behavior\ReadHtmlCacheBehavior [ RunTime:0.000038s ]
INFO: [ app_begin ] --END-- [ RunTime:0.000072s ]
INFO: [ app_end ] --START--
INFO: Run Behavior\ShowPageTraceBehavior [ RunTime:0.000037s ]
INFO: [ app_end ] --END-- [ RunTime:0.000071s ]

[ 2016-08-20T16:00:38+08:00 ] 58.247.206.152 /tp/index.php?signature=f1b413afe6c837a437a6fe305d5ed4f897a57dfd&timestamp=1471680038&nonce=1870542612&openid=oJaCKxLXh4udnNAsqSbufkj7me9g
INFO: [ app_init ] --START--
INFO: Run Behavior\BuildLiteBehavior [ RunTime:0.000014s ]
INFO: [ app_init ] --END-- [ RunTime:0.000093s ]
INFO: [ app_begin ] --START--
INFO: Run Behavior\ReadHtmlCacheBehavior [ RunTime:0.000040s ]
INFO: [ app_begin ] --END-- [ RunTime:0.000073s ]
INFO: [ app_end ] --START--
INFO: Run Behavior\ShowPageTraceBehavior [ RunTime:0.000055s ]
INFO: [ app_end ] --END-- [ RunTime:0.000090s ]

[ 2016-08-20T16:00:40+08:00 ] 125.223.2.59 /tp/index.php/Home/Index/WebUsers/iscode/1
INFO: [ app_init ] --START--
INFO: Run Behavior\BuildLiteBehavior [ RunTime:0.000014s ]
INFO: [ app_init ] --END-- [ RunTime:0.000089s ]
INFO: [ app_begin ] --START--
INFO: Run Behavior\ReadHtmlCacheBehavior [ RunTime:0.000033s ]
INFO: [ app_begin ] --END-- [ RunTime:0.000066s ]
INFO: [ app_end ] --START--
INFO: Run Behavior\ShowPageTraceBehavior [ RunTime:0.000032s ]
INFO: [ app_end ] --END-- [ RunTime:0.000066s ]

[ 2016-08-20T16:00:43+08:00 ] 125.223.2.59 /tp/index.php/Home/Index/WebUsers?code=031PB5lF0U7Vu72AxwlF0Lo1lF0PB5lL&state=
INFO: [ app_init ] --START--
INFO: Run Behavior\BuildLiteBehavior [ RunTime:0.000018s ]
INFO: [ app_init ] --END-- [ RunTime:0.000130s ]
INFO: [ app_begin ] --START--
INFO: Run Behavior\ReadHtmlCacheBehavior [ RunTime:0.000057s ]
INFO: [ app_begin ] --END-- [ RunTime:0.000111s ]
NOTIC: [8] Undefined index: iscode /alidata/www/mywechat/tp/Application/Home/Controller/IndexController.class.php 第 82 行.
INFO: [ app_end ] --START--
INFO: Run Behavior\ShowPageTraceBehavior [ RunTime:0.000100s ]
INFO: [ app_end ] --END-- [ RunTime:0.000183s ]

[ 2016-08-20T17:35:18+08:00 ] 111.161.57.49 /tp/index.php/Home/Index/WebUsers/iscode/1
INFO: [ app_init ] --START--
INFO: Run Behavior\BuildLiteBehavior [ RunTime:0.000016s ]
INFO: [ app_init ] --END-- [ RunTime:0.000104s ]
INFO: [ app_begin ] --START--
INFO: Run Behavior\ReadHtmlCacheBehavior [ RunTime:0.000057s ]
INFO: [ app_begin ] --END-- [ RunTime:0.000091s ]
INFO: [ app_end ] --START--
INFO: Run Behavior\ShowPageTraceBehavior [ RunTime:0.000046s ]
INFO: [ app_end ] --END-- [ RunTime:0.000081s ]

[ 2016-08-20T17:35:21+08:00 ] 111.161.57.49 /tp/index.php/Home/Index/WebUsers?code=041G275Z0VJFMN1KZ75Z03165Z0G275j&state=
INFO: [ app_init ] --START--
INFO: Run Behavior\BuildLiteBehavior [ RunTime:0.000014s ]
INFO: [ app_init ] --END-- [ RunTime:0.000091s ]
INFO: [ app_begin ] --START--
INFO: Run Behavior\ReadHtmlCacheBehavior [ RunTime:0.000038s ]
INFO: [ app_begin ] --END-- [ RunTime:0.000071s ]
NOTIC: [8] Undefined index: iscode /alidata/www/mywechat/tp/Application/Home/Controller/IndexController.class.php 第 82 行.
INFO: [ app_end ] --START--
INFO: Run Behavior\ShowPageTraceBehavior [ RunTime:0.000098s ]
INFO: [ app_end ] --END-- [ RunTime:0.000184s ]

[ 2016-08-20T17:38:11+08:00 ] 123.151.40.34 /tp/index.php/Home/Index/WebUsers/iscode/1
INFO: [ app_init ] --START--
INFO: Run Behavior\BuildLiteBehavior [ RunTime:0.000016s ]
INFO: [ app_init ] --END-- [ RunTime:0.000106s ]
INFO: [ app_begin ] --START--
INFO: Run Behavior\ReadHtmlCacheBehavior [ RunTime:0.000039s ]
INFO: [ app_begin ] --END-- [ RunTime:0.000075s ]
INFO: [ app_end ] --START--
INFO: Run Behavior\ShowPageTraceBehavior [ RunTime:0.000037s ]
INFO: [ app_end ] --END-- [ RunTime:0.000071s ]

[ 2016-08-20T17:38:16+08:00 ] 123.151.40.34 /tp/index.php/Home/Index/WebUsers?code=011JnkVj1F75Uz0mkqVj1qFjVj1JnkV8&state=
INFO: [ app_init ] --START--
INFO: Run Behavior\BuildLiteBehavior [ RunTime:0.000014s ]
INFO: [ app_init ] --END-- [ RunTime:0.000091s ]
INFO: [ app_begin ] --START--
INFO: Run Behavior\ReadHtmlCacheBehavior [ RunTime:0.000121s ]
INFO: [ app_begin ] --END-- [ RunTime:0.000158s ]
NOTIC: [8] Undefined index: iscode /alidata/www/mywechat/tp/Application/Home/Controller/IndexController.class.php 第 82 行.
INFO: [ app_end ] --START--
INFO: Run Behavior\ShowPageTraceBehavior [ RunTime:0.000100s ]
INFO: [ app_end ] --END-- [ RunTime:0.000185s ]

[ 2016-08-20T17:41:30+08:00 ] 123.151.42.48 /tp/index.php/Home/Index/WebUsers/iscode/1
INFO: [ app_init ] --START--
INFO: Run Behavior\BuildLiteBehavior [ RunTime:0.000015s ]
INFO: [ app_init ] --END-- [ RunTime:0.000167s ]
INFO: [ app_begin ] --START--
INFO: Run Behavior\ReadHtmlCacheBehavior [ RunTime:0.000039s ]
INFO: [ app_begin ] --END-- [ RunTime:0.000073s ]
INFO: [ app_end ] --START--
INFO: Run Behavior\ShowPageTraceBehavior [ RunTime:0.000037s ]
INFO: [ app_end ] --END-- [ RunTime:0.000072s ]

[ 2016-08-20T17:41:35+08:00 ] 123.151.42.48 /tp/index.php/Home/Index/WebUsers?code=011RSpwR1hLGNU0HLDwR1pGswR1RSpww&state=
INFO: [ app_init ] --START--
INFO: Run Behavior\BuildLiteBehavior [ RunTime:0.000013s ]
INFO: [ app_init ] --END-- [ RunTime:0.000091s ]
INFO: [ app_begin ] --START--
INFO: Run Behavior\ReadHtmlCacheBehavior [ RunTime:0.000038s ]
INFO: [ app_begin ] --END-- [ RunTime:0.000071s ]
NOTIC: [8] Undefined index: iscode /alidata/www/mywechat/tp/Application/Home/Controller/IndexController.class.php 第 82 行.
INFO: [ app_end ] --START--
INFO: Run Behavior\ShowPageTraceBehavior [ RunTime:0.000099s ]
INFO: [ app_end ] --END-- [ RunTime:0.000185s ]

[ 2016-08-20T17:42:22+08:00 ] 123.151.42.48 /tp/index.php/Home/Index/WebUsers?code=041Vovf72woi1F0yRGd72ddrf72Vovfy&state=
INFO: [ app_init ] --START--
INFO: Run Behavior\BuildLiteBehavior [ RunTime:0.000014s ]
INFO: [ app_init ] --END-- [ RunTime:0.000094s ]
INFO: [ app_begin ] --START--
INFO: Run Behavior\ReadHtmlCacheBehavior [ RunTime:0.000039s ]
INFO: [ app_begin ] --END-- [ RunTime:0.000073s ]
NOTIC: [8] Undefined index: iscode /alidata/www/mywechat/tp/Application/Home/Controller/IndexController.class.php 第 82 行.
INFO: [ app_end ] --START--
INFO: Run Behavior\ShowPageTraceBehavior [ RunTime:0.000101s ]
INFO: [ app_end ] --END-- [ RunTime:0.000194s ]

[ 2016-08-20T17:42:50+08:00 ] 123.151.42.48 /tp/index.php/Home/Index/WebUsers/iscode/1
INFO: [ app_init ] --START--
INFO: Run Behavior\BuildLiteBehavior [ RunTime:0.000013s ]
INFO: [ app_init ] --END-- [ RunTime:0.000091s ]
INFO: [ app_begin ] --START--
INFO: Run Behavior\ReadHtmlCacheBehavior [ RunTime:0.000039s ]
INFO: [ app_begin ] --END-- [ RunTime:0.000073s ]
INFO: [ app_end ] --START--
INFO: Run Behavior\ShowPageTraceBehavior [ RunTime:0.000035s ]
INFO: [ app_end ] --END-- [ RunTime:0.000069s ]

[ 2016-08-20T17:42:53+08:00 ] 123.151.42.48 /tp/index.php/Home/Index/WebUsers?code=041G1n2a1woKYU1Igc5a1Tsl2a1G1n26&state=
INFO: [ app_init ] --START--
INFO: Run Behavior\BuildLiteBehavior [ RunTime:0.000014s ]
INFO: [ app_init ] --END-- [ RunTime:0.000094s ]
INFO: [ app_begin ] --START--
INFO: Run Behavior\ReadHtmlCacheBehavior [ RunTime:0.000038s ]
INFO: [ app_begin ] --END-- [ RunTime:0.000071s ]
NOTIC: [8] Undefined index: iscode /alidata/www/mywechat/tp/Application/Home/Controller/IndexController.class.php 第 82 行.
INFO: [ app_end ] --START--
INFO: Run Behavior\ShowPageTraceBehavior [ RunTime:0.000102s ]
INFO: [ app_end ] --END-- [ RunTime:0.000187s ]

[ 2016-08-20T17:43:08+08:00 ] 111.161.57.49 /tp/index.php/Home/Index/WebUsers/iscode/1
INFO: [ app_init ] --START--
INFO: Run Behavior\BuildLiteBehavior [ RunTime:0.000014s ]
INFO: [ app_init ] --END-- [ RunTime:0.000093s ]
INFO: [ app_begin ] --START--
INFO: Run Behavior\ReadHtmlCacheBehavior [ RunTime:0.000036s ]
INFO: [ app_begin ] --END-- [ RunTime:0.000069s ]
INFO: [ app_end ] --START--
INFO: Run Behavior\ShowPageTraceBehavior [ RunTime:0.000035s ]
INFO: [ app_end ] --END-- [ RunTime:0.000068s ]

[ 2016-08-20T17:43:11+08:00 ] 111.161.57.49 /tp/index.php/Home/Index/WebUsers?code=0413VU7f2ohejP0pQx9f2AwT7f23VU7D&state=
INFO: [ app_init ] --START--
INFO: Run Behavior\BuildLiteBehavior [ RunTime:0.000014s ]
INFO: [ app_init ] --END-- [ RunTime:0.000092s ]
INFO: [ app_begin ] --START--
INFO: Run Behavior\ReadHtmlCacheBehavior [ RunTime:0.000039s ]
INFO: [ app_begin ] --END-- [ RunTime:0.000073s ]
NOTIC: [8] Undefined index: iscode /alidata/www/mywechat/tp/Application/Home/Controller/IndexController.class.php 第 82 行.
INFO: [ app_end ] --START--
INFO: Run Behavior\ShowPageTraceBehavior [ RunTime:0.000109s ]
INFO: [ app_end ] --END-- [ RunTime:0.000245s ]

[ 2016-08-20T17:43:17+08:00 ] 111.161.57.49 /tp/index.php/Home/Index/WebUsers?code=041G1n2a1woKYU1Igc5a1Tsl2a1G1n26&state=&from=singlemessage&isappinstalled=0
INFO: [ app_init ] --START--
INFO: Run Behavior\BuildLiteBehavior [ RunTime:0.000017s ]
INFO: [ app_init ] --END-- [ RunTime:0.000105s ]
INFO: [ app_begin ] --START--
INFO: Run Behavior\ReadHtmlCacheBehavior [ RunTime:0.000056s ]
INFO: [ app_begin ] --END-- [ RunTime:0.000090s ]
NOTIC: [8] Undefined index: iscode /alidata/www/mywechat/tp/Application/Home/Controller/IndexController.class.php 第 82 行.
ERR: invalid code, hints: [ req_id: pLVlRA0197ns80 ]

[ 2016-08-20T17:43:18+08:00 ] 123.151.42.48 /tp/index.php/Home/Index/WebUsers?code=041G1n2a1woKYU1Igc5a1Tsl2a1G1n26&state=&from=singlemessage&isappinstalled=0
INFO: [ app_init ] --START--
INFO: Run Behavior\BuildLiteBehavior [ RunTime:0.000013s ]
INFO: [ app_init ] --END-- [ RunTime:0.000086s ]
INFO: [ app_begin ] --START--
INFO: Run Behavior\ReadHtmlCacheBehavior [ RunTime:0.000032s ]
INFO: [ app_begin ] --END-- [ RunTime:0.000065s ]
NOTIC: [8] Undefined index: iscode /alidata/www/mywechat/tp/Application/Home/Controller/IndexController.class.php 第 82 行.
ERR: invalid code, hints: [ req_id: O595lA0198ns85 ]

[ 2016-08-20T17:43:29+08:00 ] 123.151.42.48 /tp/index.php/Home/Index/WebUsers/iscode/1
INFO: [ app_init ] --START--
INFO: Run Behavior\BuildLiteBehavior [ RunTime:0.000013s ]
INFO: [ app_init ] --END-- [ RunTime:0.000093s ]
INFO: [ app_begin ] --START--
INFO: Run Behavior\ReadHtmlCacheBehavior [ RunTime:0.000038s ]
INFO: [ app_begin ] --END-- [ RunTime:0.000072s ]
INFO: [ app_end ] --START--
INFO: Run Behavior\ShowPageTraceBehavior [ RunTime:0.000037s ]
INFO: [ app_end ] --END-- [ RunTime:0.000071s ]

[ 2016-08-20T17:43:32+08:00 ] 123.151.42.48 /tp/index.php/Home/Index/WebUsers?code=011BjNo90DiLZK1436n90bKLo90BjNoh&state=
INFO: [ app_init ] --START--
INFO: Run Behavior\BuildLiteBehavior [ RunTime:0.000014s ]
INFO: [ app_init ] --END-- [ RunTime:0.000093s ]
INFO: [ app_begin ] --START--
INFO: Run Behavior\ReadHtmlCacheBehavior [ RunTime:0.000037s ]
INFO: [ app_begin ] --END-- [ RunTime:0.000071s ]
NOTIC: [8] Undefined index: iscode /alidata/www/mywechat/tp/Application/Home/Controller/IndexController.class.php 第 82 行.
INFO: [ app_end ] --START--
INFO: Run Behavior\ShowPageTraceBehavior [ RunTime:0.000100s ]
INFO: [ app_end ] --END-- [ RunTime:0.000184s ]

[ 2016-08-20T17:44:36+08:00 ] 180.153.201.15 /tp/index.php/Home/Index/WebUsers/iscode/1
INFO: [ app_init ] --START--
INFO: Run Behavior\BuildLiteBehavior [ RunTime:0.000013s ]
INFO: [ app_init ] --END-- [ RunTime:0.000092s ]
INFO: [ app_begin ] --START--
INFO: Run Behavior\ReadHtmlCacheBehavior [ RunTime:0.000038s ]
INFO: [ app_begin ] --END-- [ RunTime:0.000072s ]
INFO: [ app_end ] --START--
INFO: Run Behavior\ShowPageTraceBehavior [ RunTime:0.000036s ]
INFO: [ app_end ] --END-- [ RunTime:0.000072s ]

[ 2016-08-20T17:44:36+08:00 ] 180.153.214.181 /tp/index.php/Home/Index/WebUsers
INFO: [ app_init ] --START--
INFO: Run Behavior\BuildLiteBehavior [ RunTime:0.000013s ]
INFO: [ app_init ] --END-- [ RunTime:0.000086s ]
INFO: [ app_begin ] --START--
INFO: Run Behavior\ReadHtmlCacheBehavior [ RunTime:0.000033s ]
INFO: [ app_begin ] --END-- [ RunTime:0.000066s ]
NOTIC: [8] Undefined index: iscode /alidata/www/mywechat/tp/Application/Home/Controller/IndexController.class.php 第 82 行.
NOTIC: [8] Undefined index: code /alidata/www/mywechat/tp/Application/Home/Controller/IndexController.class.php 第 89 行.
INFO: [ app_end ] --START--
INFO: Run Behavior\ShowPageTraceBehavior [ RunTime:0.000029s ]
INFO: [ app_end ] --END-- [ RunTime:0.000060s ]

[ 2016-08-20T17:46:03+08:00 ] 111.161.57.49 /tp/index.php/Home/Index/WebUsers?code=041G1n2a1woKYU1Igc5a1Tsl2a1G1n26&state=&from=singlemessage&isappinstalled=0
INFO: [ app_init ] --START--
INFO: Run Behavior\BuildLiteBehavior [ RunTime:0.000014s ]
INFO: [ app_init ] --END-- [ RunTime:0.000092s ]
INFO: [ app_begin ] --START--
INFO: Run Behavior\ReadHtmlCacheBehavior [ RunTime:0.000038s ]
INFO: [ app_begin ] --END-- [ RunTime:0.000073s ]
NOTIC: [8] Undefined index: iscode /alidata/www/mywechat/tp/Application/Home/Controller/IndexController.class.php 第 82 行.
ERR: invalid code, hints: [ req_id: qzKaka0363ns45 ]

[ 2016-08-20T17:49:51+08:00 ] 111.161.57.49 /tp/index.php/Home/Index/WebUsers/iscode/1
INFO: [ app_init ] --START--
INFO: Run Behavior\BuildLiteBehavior [ RunTime:0.000021s ]
INFO: [ app_init ] --END-- [ RunTime:0.000143s ]
INFO: [ app_begin ] --START--
INFO: Run Behavior\ReadHtmlCacheBehavior [ RunTime:0.000066s ]
INFO: [ app_begin ] --END-- [ RunTime:0.000117s ]
INFO: [ app_end ] --START--
INFO: Run Behavior\ShowPageTraceBehavior [ RunTime:0.000058s ]
INFO: [ app_end ] --END-- [ RunTime:0.000114s ]

[ 2016-08-20T17:49:54+08:00 ] 111.161.57.49 /tp/index.php/Home/Index/WebUsers?code=031Bz8901ZCz9M1Lce801qL4901Bz89l&state=
INFO: [ app_init ] --START--
INFO: Run Behavior\BuildLiteBehavior [ RunTime:0.000014s ]
INFO: [ app_init ] --END-- [ RunTime:0.000093s ]
INFO: [ app_begin ] --START--
INFO: Run Behavior\ReadHtmlCacheBehavior [ RunTime:0.000037s ]
INFO: [ app_begin ] --END-- [ RunTime:0.000070s ]
NOTIC: [8] Undefined index: iscode /alidata/www/mywechat/tp/Application/Home/Controller/IndexController.class.php 第 82 行.
INFO: [ app_end ] --START--
INFO: Run Behavior\ShowPageTraceBehavior [ RunTime:0.000111s ]
INFO: [ app_end ] --END-- [ RunTime:0.000214s ]

[ 2016-08-20T20:14:25+08:00 ] 111.161.57.49 /tp/index.php/Home/Index/WebUsers/iscode/1
INFO: [ app_init ] --START--
INFO: Run Behavior\BuildLiteBehavior [ RunTime:0.000016s ]
INFO: [ app_init ] --END-- [ RunTime:0.000096s ]
INFO: [ app_begin ] --START--
INFO: Run Behavior\ReadHtmlCacheBehavior [ RunTime:0.000039s ]
INFO: [ app_begin ] --END-- [ RunTime:0.000146s ]
INFO: [ app_end ] --START--
INFO: Run Behavior\ShowPageTraceBehavior [ RunTime:0.000036s ]
INFO: [ app_end ] --END-- [ RunTime:0.000070s ]

[ 2016-08-20T20:14:28+08:00 ] 111.161.57.49 /tp/index.php/Home/Index/WebUsers?code=021sgJGY1ePBN5190dGY126IGY1sgJG4&state=
INFO: [ app_init ] --START--
INFO: Run Behavior\BuildLiteBehavior [ RunTime:0.000014s ]
INFO: [ app_init ] --END-- [ RunTime:0.000092s ]
INFO: [ app_begin ] --START--
INFO: Run Behavior\ReadHtmlCacheBehavior [ RunTime:0.000037s ]
INFO: [ app_begin ] --END-- [ RunTime:0.000072s ]
NOTIC: [8] Undefined index: iscode /alidata/www/mywechat/tp/Application/Home/Controller/IndexController.class.php 第 82 行.
INFO: [ app_end ] --START--
INFO: Run Behavior\ShowPageTraceBehavior [ RunTime:0.000100s ]
INFO: [ app_end ] --END-- [ RunTime:0.000185s ]

