[ 2016-08-24T07:16:27+08:00 ] 111.161.57.49 /tp/index.php/Home/Sdk/index/
INFO: [ app_init ] --START--
INFO: Run Behavior\BuildLiteBehavior [ RunTime:0.000013s ]
INFO: [ app_init ] --END-- [ RunTime:0.000105s ]
INFO: [ app_begin ] --START--
INFO: Run Behavior\ReadHtmlCacheBehavior [ RunTime:0.000036s ]
INFO: [ app_begin ] --END-- [ RunTime:0.000084s ]
NOTIC: [8] A session had already been started - ignoring session_start() /alidata/www/mywechat/tp/ThinkPHP/Common/functions.php 第 1263 行.
NOTIC: [8] Array to string conversion /alidata/www/mywechat/tp/Application/Home/Controller/SdkController.class.php 第 41 行.
NOTIC: [8] curl_setopt(): CURLOPT_SSL_VERIFYHOST no longer accepts the value 1, value 2 will be used instead /alidata/www/mywechat/tp/Application/Home/Controller/SdkController.class.php 第 110 行.
NOTIC: [8] Undefined property: stdClass::$ticket /alidata/www/mywechat/tp/Application/Home/Controller/SdkController.class.php 第 43 行.
NOTIC: [8] A session had already been started - ignoring session_start() /alidata/www/mywechat/tp/ThinkPHP/Common/functions.php 第 1263 行.
INFO: [ view_parse ] --START--
INFO: [ template_filter ] --START--
INFO: Run Behavior\ContentReplaceBehavior [ RunTime:0.000036s ]
INFO: [ template_filter ] --END-- [ RunTime:0.000079s ]
INFO: Run Behavior\ParseTemplateBehavior [ RunTime:0.001673s ]
INFO: [ view_parse ] --END-- [ RunTime:0.001714s ]
INFO: [ view_filter ] --START--
INFO: Run Behavior\WriteHtmlCacheBehavior [ RunTime:0.000037s ]
INFO: [ view_filter ] --END-- [ RunTime:0.000064s ]
INFO: [ app_end ] --START--
INFO: Run Behavior\ShowPageTraceBehavior [ RunTime:0.000036s ]
INFO: [ app_end ] --END-- [ RunTime:0.000064s ]

[ 2016-08-24T07:16:28+08:00 ] 111.161.57.49 /tp/index.php/Home/Sdk/index/
INFO: [ app_init ] --START--
INFO: Run Behavior\BuildLiteBehavior [ RunTime:0.000014s ]
INFO: [ app_init ] --END-- [ RunTime:0.000086s ]
INFO: [ app_begin ] --START--
INFO: Run Behavior\ReadHtmlCacheBehavior [ RunTime:0.000032s ]
INFO: [ app_begin ] --END-- [ RunTime:0.000065s ]
NOTIC: [8] A session had already been started - ignoring session_start() /alidata/www/mywechat/tp/ThinkPHP/Common/functions.php 第 1263 行.
NOTIC: [8] Array to string conversion /alidata/www/mywechat/tp/Application/Home/Controller/SdkController.class.php 第 41 行.
NOTIC: [8] curl_setopt(): CURLOPT_SSL_VERIFYHOST no longer accepts the value 1, value 2 will be used instead /alidata/www/mywechat/tp/Application/Home/Controller/SdkController.class.php 第 110 行.
NOTIC: [8] Undefined property: stdClass::$ticket /alidata/www/mywechat/tp/Application/Home/Controller/SdkController.class.php 第 43 行.
NOTIC: [8] A session had already been started - ignoring session_start() /alidata/www/mywechat/tp/ThinkPHP/Common/functions.php 第 1263 行.
INFO: [ view_parse ] --START--
INFO: [ template_filter ] --START--
INFO: Run Behavior\ContentReplaceBehavior [ RunTime:0.000034s ]
INFO: [ template_filter ] --END-- [ RunTime:0.000088s ]
INFO: Run Behavior\ParseTemplateBehavior [ RunTime:0.001673s ]
INFO: [ view_parse ] --END-- [ RunTime:0.001714s ]
INFO: [ view_filter ] --START--
INFO: Run Behavior\WriteHtmlCacheBehavior [ RunTime:0.000032s ]
INFO: [ view_filter ] --END-- [ RunTime:0.000058s ]
INFO: [ app_end ] --START--
INFO: Run Behavior\ShowPageTraceBehavior [ RunTime:0.000031s ]
INFO: [ app_end ] --END-- [ RunTime:0.000057s ]

[ 2016-08-24T07:16:42+08:00 ] 111.161.57.49 /tp/index.php/Home/Sdk/index/
INFO: [ app_init ] --START--
INFO: Run Behavior\BuildLiteBehavior [ RunTime:0.000017s ]
INFO: [ app_init ] --END-- [ RunTime:0.000170s ]
INFO: [ app_begin ] --START--
INFO: Run Behavior\ReadHtmlCacheBehavior [ RunTime:0.000038s ]
INFO: [ app_begin ] --END-- [ RunTime:0.000071s ]
NOTIC: [8] curl_setopt(): CURLOPT_SSL_VERIFYHOST no longer accepts the value 1, value 2 will be used instead /alidata/www/mywechat/tp/Application/Home/Controller/SdkController.class.php 第 110 行.
NOTIC: [8] A session had already been started - ignoring session_start() /alidata/www/mywechat/tp/ThinkPHP/Common/functions.php 第 1263 行.
INFO: [ view_parse ] --START--
INFO: [ template_filter ] --START--
INFO: Run Behavior\ContentReplaceBehavior [ RunTime:0.000037s ]
INFO: [ template_filter ] --END-- [ RunTime:0.000083s ]
INFO: Run Behavior\ParseTemplateBehavior [ RunTime:0.001728s ]
INFO: [ view_parse ] --END-- [ RunTime:0.001770s ]
INFO: [ view_filter ] --START--
INFO: Run Behavior\WriteHtmlCacheBehavior [ RunTime:0.000041s ]
INFO: [ view_filter ] --END-- [ RunTime:0.000116s ]
INFO: [ app_end ] --START--
INFO: Run Behavior\ShowPageTraceBehavior [ RunTime:0.000036s ]
INFO: [ app_end ] --END-- [ RunTime:0.000064s ]

[ 2016-08-24T09:43:58+08:00 ] 111.161.57.49 /tp/index.php/Home/Sdk/index
INFO: [ app_init ] --START--
INFO: Run Behavior\BuildLiteBehavior [ RunTime:0.000015s ]
INFO: [ app_init ] --END-- [ RunTime:0.000096s ]
INFO: [ app_begin ] --START--
INFO: Run Behavior\ReadHtmlCacheBehavior [ RunTime:0.000038s ]
INFO: [ app_begin ] --END-- [ RunTime:0.000072s ]
NOTIC: [8] A session had already been started - ignoring session_start() /alidata/www/mywechat/tp/ThinkPHP/Common/functions.php 第 1263 行.
NOTIC: [8] Array to string conversion /alidata/www/mywechat/tp/Application/Home/Controller/SdkController.class.php 第 41 行.
NOTIC: [8] curl_setopt(): CURLOPT_SSL_VERIFYHOST no longer accepts the value 1, value 2 will be used instead /alidata/www/mywechat/tp/Application/Home/Controller/SdkController.class.php 第 110 行.
NOTIC: [8] Undefined property: stdClass::$ticket /alidata/www/mywechat/tp/Application/Home/Controller/SdkController.class.php 第 43 行.
NOTIC: [8] A session had already been started - ignoring session_start() /alidata/www/mywechat/tp/ThinkPHP/Common/functions.php 第 1263 行.
INFO: [ view_parse ] --START--
INFO: [ template_filter ] --START--
INFO: Run Behavior\ContentReplaceBehavior [ RunTime:0.000036s ]
INFO: [ template_filter ] --END-- [ RunTime:0.000080s ]
INFO: Run Behavior\ParseTemplateBehavior [ RunTime:0.001659s ]
INFO: [ view_parse ] --END-- [ RunTime:0.001700s ]
INFO: [ view_filter ] --START--
INFO: Run Behavior\WriteHtmlCacheBehavior [ RunTime:0.000039s ]
INFO: [ view_filter ] --END-- [ RunTime:0.000066s ]
INFO: [ app_end ] --START--
INFO: Run Behavior\ShowPageTraceBehavior [ RunTime:0.000038s ]
INFO: [ app_end ] --END-- [ RunTime:0.000065s ]

[ 2016-08-24T09:44:05+08:00 ] 111.161.57.49 /tp/index.php/Home/Sdk/index
INFO: [ app_init ] --START--
INFO: Run Behavior\BuildLiteBehavior [ RunTime:0.000018s ]
INFO: [ app_init ] --END-- [ RunTime:0.000124s ]
INFO: [ app_begin ] --START--
INFO: Run Behavior\ReadHtmlCacheBehavior [ RunTime:0.000039s ]
INFO: [ app_begin ] --END-- [ RunTime:0.000073s ]
NOTIC: [8] curl_setopt(): CURLOPT_SSL_VERIFYHOST no longer accepts the value 1, value 2 will be used instead /alidata/www/mywechat/tp/Application/Home/Controller/SdkController.class.php 第 110 行.
NOTIC: [8] A session had already been started - ignoring session_start() /alidata/www/mywechat/tp/ThinkPHP/Common/functions.php 第 1263 行.
INFO: [ view_parse ] --START--
INFO: [ template_filter ] --START--
INFO: Run Behavior\ContentReplaceBehavior [ RunTime:0.000036s ]
INFO: [ template_filter ] --END-- [ RunTime:0.000079s ]
INFO: Run Behavior\ParseTemplateBehavior [ RunTime:0.001637s ]
INFO: [ view_parse ] --END-- [ RunTime:0.001680s ]
INFO: [ view_filter ] --START--
INFO: Run Behavior\WriteHtmlCacheBehavior [ RunTime:0.000037s ]
INFO: [ view_filter ] --END-- [ RunTime:0.000064s ]
INFO: [ app_end ] --START--
INFO: Run Behavior\ShowPageTraceBehavior [ RunTime:0.000035s ]
INFO: [ app_end ] --END-- [ RunTime:0.000063s ]

[ 2016-08-24T09:46:57+08:00 ] 180.153.214.178 /tp/index.php/Home/Sdk/index
INFO: [ app_init ] --START--
INFO: Run Behavior\BuildLiteBehavior [ RunTime:0.000020s ]
INFO: [ app_init ] --END-- [ RunTime:0.000140s ]
INFO: [ app_begin ] --START--
INFO: Run Behavior\ReadHtmlCacheBehavior [ RunTime:0.000058s ]
INFO: [ app_begin ] --END-- [ RunTime:0.000117s ]
NOTIC: [8] A session had already been started - ignoring session_start() /alidata/www/mywechat/tp/ThinkPHP/Common/functions.php 第 1263 行.
NOTIC: [8] Array to string conversion /alidata/www/mywechat/tp/Application/Home/Controller/SdkController.class.php 第 41 行.
NOTIC: [8] curl_setopt(): CURLOPT_SSL_VERIFYHOST no longer accepts the value 1, value 2 will be used instead /alidata/www/mywechat/tp/Application/Home/Controller/SdkController.class.php 第 110 行.
NOTIC: [8] Undefined property: stdClass::$ticket /alidata/www/mywechat/tp/Application/Home/Controller/SdkController.class.php 第 43 行.
NOTIC: [8] A session had already been started - ignoring session_start() /alidata/www/mywechat/tp/ThinkPHP/Common/functions.php 第 1263 行.
INFO: [ view_parse ] --START--
INFO: [ template_filter ] --START--
INFO: Run Behavior\ContentReplaceBehavior [ RunTime:0.000035s ]
INFO: [ template_filter ] --END-- [ RunTime:0.000079s ]
INFO: Run Behavior\ParseTemplateBehavior [ RunTime:0.001679s ]
INFO: [ view_parse ] --END-- [ RunTime:0.001720s ]
INFO: [ view_filter ] --START--
INFO: Run Behavior\WriteHtmlCacheBehavior [ RunTime:0.000039s ]
INFO: [ view_filter ] --END-- [ RunTime:0.000067s ]
INFO: [ app_end ] --START--
INFO: Run Behavior\ShowPageTraceBehavior [ RunTime:0.000036s ]
INFO: [ app_end ] --END-- [ RunTime:0.000063s ]

[ 2016-08-24T09:47:04+08:00 ] 180.153.214.198 /tp/index.php/Home/Sdk/index
INFO: [ app_init ] --START--
INFO: Run Behavior\BuildLiteBehavior [ RunTime:0.000014s ]
INFO: [ app_init ] --END-- [ RunTime:0.000092s ]
INFO: [ app_begin ] --START--
INFO: Run Behavior\ReadHtmlCacheBehavior [ RunTime:0.000047s ]
INFO: [ app_begin ] --END-- [ RunTime:0.000081s ]
NOTIC: [8] A session had already been started - ignoring session_start() /alidata/www/mywechat/tp/ThinkPHP/Common/functions.php 第 1263 行.
NOTIC: [8] Array to string conversion /alidata/www/mywechat/tp/Application/Home/Controller/SdkController.class.php 第 41 行.
NOTIC: [8] curl_setopt(): CURLOPT_SSL_VERIFYHOST no longer accepts the value 1, value 2 will be used instead /alidata/www/mywechat/tp/Application/Home/Controller/SdkController.class.php 第 110 行.
NOTIC: [8] Undefined property: stdClass::$ticket /alidata/www/mywechat/tp/Application/Home/Controller/SdkController.class.php 第 43 行.
NOTIC: [8] A session had already been started - ignoring session_start() /alidata/www/mywechat/tp/ThinkPHP/Common/functions.php 第 1263 行.
INFO: [ view_parse ] --START--
INFO: [ template_filter ] --START--
INFO: Run Behavior\ContentReplaceBehavior [ RunTime:0.000035s ]
INFO: [ template_filter ] --END-- [ RunTime:0.000077s ]
INFO: Run Behavior\ParseTemplateBehavior [ RunTime:0.001604s ]
INFO: [ view_parse ] --END-- [ RunTime:0.001645s ]
INFO: [ view_filter ] --START--
INFO: Run Behavior\WriteHtmlCacheBehavior [ RunTime:0.000039s ]
INFO: [ view_filter ] --END-- [ RunTime:0.000066s ]
INFO: [ app_end ] --START--
INFO: Run Behavior\ShowPageTraceBehavior [ RunTime:0.000036s ]
INFO: [ app_end ] --END-- [ RunTime:0.000063s ]

[ 2016-08-24T09:59:27+08:00 ] 119.147.146.189 /tp/index.php/Home/Sdk/index
INFO: [ app_init ] --START--
INFO: Run Behavior\BuildLiteBehavior [ RunTime:0.000013s ]
INFO: [ app_init ] --END-- [ RunTime:0.000097s ]
INFO: [ app_begin ] --START--
INFO: Run Behavior\ReadHtmlCacheBehavior [ RunTime:0.000043s ]
INFO: [ app_begin ] --END-- [ RunTime:0.000078s ]
NOTIC: [8] A session had already been started - ignoring session_start() /alidata/www/mywechat/tp/ThinkPHP/Common/functions.php 第 1263 行.
NOTIC: [8] Array to string conversion /alidata/www/mywechat/tp/Application/Home/Controller/SdkController.class.php 第 41 行.
NOTIC: [8] curl_setopt(): CURLOPT_SSL_VERIFYHOST no longer accepts the value 1, value 2 will be used instead /alidata/www/mywechat/tp/Application/Home/Controller/SdkController.class.php 第 110 行.
NOTIC: [8] Undefined property: stdClass::$ticket /alidata/www/mywechat/tp/Application/Home/Controller/SdkController.class.php 第 43 行.
NOTIC: [8] A session had already been started - ignoring session_start() /alidata/www/mywechat/tp/ThinkPHP/Common/functions.php 第 1263 行.
INFO: [ view_parse ] --START--
INFO: [ template_filter ] --START--
INFO: Run Behavior\ContentReplaceBehavior [ RunTime:0.000032s ]
INFO: [ template_filter ] --END-- [ RunTime:0.000076s ]
INFO: Run Behavior\ParseTemplateBehavior [ RunTime:0.001701s ]
INFO: [ view_parse ] --END-- [ RunTime:0.001742s ]
INFO: [ view_filter ] --START--
INFO: Run Behavior\WriteHtmlCacheBehavior [ RunTime:0.000038s ]
INFO: [ view_filter ] --END-- [ RunTime:0.000065s ]
INFO: [ app_end ] --START--
INFO: Run Behavior\ShowPageTraceBehavior [ RunTime:0.000036s ]
INFO: [ app_end ] --END-- [ RunTime:0.000064s ]

[ 2016-08-24T10:05:40+08:00 ] 111.161.57.49 /tp/index.php/Home/Sdk/index/
INFO: [ app_init ] --START--
INFO: Run Behavior\BuildLiteBehavior [ RunTime:0.000013s ]
INFO: [ app_init ] --END-- [ RunTime:0.000094s ]
INFO: [ app_begin ] --START--
INFO: Run Behavior\ReadHtmlCacheBehavior [ RunTime:0.000037s ]
INFO: [ app_begin ] --END-- [ RunTime:0.000071s ]
NOTIC: [8] A session had already been started - ignoring session_start() /alidata/www/mywechat/tp/ThinkPHP/Common/functions.php 第 1263 行.
NOTIC: [8] Array to string conversion /alidata/www/mywechat/tp/Application/Home/Controller/SdkController.class.php 第 41 行.
NOTIC: [8] curl_setopt(): CURLOPT_SSL_VERIFYHOST no longer accepts the value 1, value 2 will be used instead /alidata/www/mywechat/tp/Application/Home/Controller/SdkController.class.php 第 110 行.
NOTIC: [8] Undefined property: stdClass::$ticket /alidata/www/mywechat/tp/Application/Home/Controller/SdkController.class.php 第 43 行.
NOTIC: [8] A session had already been started - ignoring session_start() /alidata/www/mywechat/tp/ThinkPHP/Common/functions.php 第 1263 行.
INFO: [ view_parse ] --START--
INFO: [ template_filter ] --START--
INFO: Run Behavior\ContentReplaceBehavior [ RunTime:0.000035s ]
INFO: [ template_filter ] --END-- [ RunTime:0.000080s ]
INFO: Run Behavior\ParseTemplateBehavior [ RunTime:0.001637s ]
INFO: [ view_parse ] --END-- [ RunTime:0.001678s ]
INFO: [ view_filter ] --START--
INFO: Run Behavior\WriteHtmlCacheBehavior [ RunTime:0.000039s ]
INFO: [ view_filter ] --END-- [ RunTime:0.000064s ]
INFO: [ app_end ] --START--
INFO: Run Behavior\ShowPageTraceBehavior [ RunTime:0.000037s ]
INFO: [ app_end ] --END-- [ RunTime:0.000066s ]

[ 2016-08-24T10:05:45+08:00 ] 111.161.57.49 /tp/index.php/Home/Sdk/index/
INFO: [ app_init ] --START--
INFO: Run Behavior\BuildLiteBehavior [ RunTime:0.000014s ]
INFO: [ app_init ] --END-- [ RunTime:0.000094s ]
INFO: [ app_begin ] --START--
INFO: Run Behavior\ReadHtmlCacheBehavior [ RunTime:0.000037s ]
INFO: [ app_begin ] --END-- [ RunTime:0.000069s ]
NOTIC: [8] curl_setopt(): CURLOPT_SSL_VERIFYHOST no longer accepts the value 1, value 2 will be used instead /alidata/www/mywechat/tp/Application/Home/Controller/SdkController.class.php 第 110 行.
NOTIC: [8] A session had already been started - ignoring session_start() /alidata/www/mywechat/tp/ThinkPHP/Common/functions.php 第 1263 行.
INFO: [ view_parse ] --START--
INFO: [ template_filter ] --START--
INFO: Run Behavior\ContentReplaceBehavior [ RunTime:0.000035s ]
INFO: [ template_filter ] --END-- [ RunTime:0.000079s ]
INFO: Run Behavior\ParseTemplateBehavior [ RunTime:0.001593s ]
INFO: [ view_parse ] --END-- [ RunTime:0.001635s ]
INFO: [ view_filter ] --START--
INFO: Run Behavior\WriteHtmlCacheBehavior [ RunTime:0.000037s ]
INFO: [ view_filter ] --END-- [ RunTime:0.000064s ]
INFO: [ app_end ] --START--
INFO: Run Behavior\ShowPageTraceBehavior [ RunTime:0.000036s ]
INFO: [ app_end ] --END-- [ RunTime:0.000064s ]

[ 2016-08-24T13:45:46+08:00 ] 58.247.206.152 /tp/index.php?signature=3a4d846e71d4330b0411033ed3db5c499de3c14e&timestamp=1472017546&nonce=386653&openid=oJaCKxN3P62wET7UQYOeuSiusT7w
INFO: [ app_init ] --START--
INFO: Run Behavior\BuildLiteBehavior [ RunTime:0.000013s ]
INFO: [ app_init ] --END-- [ RunTime:0.000413s ]
INFO: [ app_begin ] --START--
INFO: Run Behavior\ReadHtmlCacheBehavior [ RunTime:0.000644s ]
INFO: [ app_begin ] --END-- [ RunTime:0.000698s ]
INFO: [ app_end ] --START--
INFO: Run Behavior\ShowPageTraceBehavior [ RunTime:0.000670s ]
INFO: [ app_end ] --END-- [ RunTime:0.000736s ]

[ 2016-08-24T14:17:35+08:00 ] 125.223.2.59 /tp/index.php/
INFO: [ app_init ] --START--
INFO: Run Behavior\BuildLiteBehavior [ RunTime:0.000016s ]
INFO: [ app_init ] --END-- [ RunTime:0.000100s ]
INFO: [ app_begin ] --START--
INFO: Run Behavior\ReadHtmlCacheBehavior [ RunTime:0.000240s ]
INFO: [ app_begin ] --END-- [ RunTime:0.000327s ]
NOTIC: [8] Undefined index: timestamp /alidata/www/mywechat/tp/ThinkPHP/Library/Com/Wechat.class.php 第 299 行.
NOTIC: [8] Undefined index: nonce /alidata/www/mywechat/tp/ThinkPHP/Library/Com/Wechat.class.php 第 299 行.
NOTIC: [8] Undefined index: signature /alidata/www/mywechat/tp/ThinkPHP/Library/Com/Wechat.class.php 第 300 行.

[ 2016-08-24T14:17:49+08:00 ] 125.223.2.59 /tp/index.php/
INFO: [ app_init ] --START--
INFO: Run Behavior\BuildLiteBehavior [ RunTime:0.000016s ]
INFO: [ app_init ] --END-- [ RunTime:0.000098s ]
INFO: [ app_begin ] --START--
INFO: Run Behavior\ReadHtmlCacheBehavior [ RunTime:0.000044s ]
INFO: [ app_begin ] --END-- [ RunTime:0.000080s ]
NOTIC: [8] Undefined index: timestamp /alidata/www/mywechat/tp/ThinkPHP/Library/Com/Wechat.class.php 第 299 行.
NOTIC: [8] Undefined index: nonce /alidata/www/mywechat/tp/ThinkPHP/Library/Com/Wechat.class.php 第 299 行.
NOTIC: [8] Undefined index: signature /alidata/www/mywechat/tp/ThinkPHP/Library/Com/Wechat.class.php 第 300 行.

[ 2016-08-24T14:17:50+08:00 ] 125.223.2.59 /tp/index.php/
INFO: [ app_init ] --START--
INFO: Run Behavior\BuildLiteBehavior [ RunTime:0.000013s ]
INFO: [ app_init ] --END-- [ RunTime:0.000087s ]
INFO: [ app_begin ] --START--
INFO: Run Behavior\ReadHtmlCacheBehavior [ RunTime:0.000032s ]
INFO: [ app_begin ] --END-- [ RunTime:0.000065s ]
NOTIC: [8] Undefined index: timestamp /alidata/www/mywechat/tp/ThinkPHP/Library/Com/Wechat.class.php 第 299 行.
NOTIC: [8] Undefined index: nonce /alidata/www/mywechat/tp/ThinkPHP/Library/Com/Wechat.class.php 第 299 行.
NOTIC: [8] Undefined index: signature /alidata/www/mywechat/tp/ThinkPHP/Library/Com/Wechat.class.php 第 300 行.

[ 2016-08-24T14:17:50+08:00 ] 125.223.2.59 /tp/index.php/
INFO: [ app_init ] --START--
INFO: Run Behavior\BuildLiteBehavior [ RunTime:0.000016s ]
INFO: [ app_init ] --END-- [ RunTime:0.000111s ]
INFO: [ app_begin ] --START--
INFO: Run Behavior\ReadHtmlCacheBehavior [ RunTime:0.000032s ]
INFO: [ app_begin ] --END-- [ RunTime:0.000066s ]
NOTIC: [8] Undefined index: timestamp /alidata/www/mywechat/tp/ThinkPHP/Library/Com/Wechat.class.php 第 299 行.
NOTIC: [8] Undefined index: nonce /alidata/www/mywechat/tp/ThinkPHP/Library/Com/Wechat.class.php 第 299 行.
NOTIC: [8] Undefined index: signature /alidata/www/mywechat/tp/ThinkPHP/Library/Com/Wechat.class.php 第 300 行.

[ 2016-08-24T14:17:51+08:00 ] 125.223.2.59 /tp/index.php/
INFO: [ app_init ] --START--
INFO: Run Behavior\BuildLiteBehavior [ RunTime:0.000015s ]
INFO: [ app_init ] --END-- [ RunTime:0.000090s ]
INFO: [ app_begin ] --START--
INFO: Run Behavior\ReadHtmlCacheBehavior [ RunTime:0.000032s ]
INFO: [ app_begin ] --END-- [ RunTime:0.000066s ]
NOTIC: [8] Undefined index: timestamp /alidata/www/mywechat/tp/ThinkPHP/Library/Com/Wechat.class.php 第 299 行.
NOTIC: [8] Undefined index: nonce /alidata/www/mywechat/tp/ThinkPHP/Library/Com/Wechat.class.php 第 299 行.
NOTIC: [8] Undefined index: signature /alidata/www/mywechat/tp/ThinkPHP/Library/Com/Wechat.class.php 第 300 行.

[ 2016-08-24T14:17:51+08:00 ] 125.223.2.59 /tp/index.php/
INFO: [ app_init ] --START--
INFO: Run Behavior\BuildLiteBehavior [ RunTime:0.000015s ]
INFO: [ app_init ] --END-- [ RunTime:0.000089s ]
INFO: [ app_begin ] --START--
INFO: Run Behavior\ReadHtmlCacheBehavior [ RunTime:0.000034s ]
INFO: [ app_begin ] --END-- [ RunTime:0.000067s ]
NOTIC: [8] Undefined index: timestamp /alidata/www/mywechat/tp/ThinkPHP/Library/Com/Wechat.class.php 第 299 行.
NOTIC: [8] Undefined index: nonce /alidata/www/mywechat/tp/ThinkPHP/Library/Com/Wechat.class.php 第 299 行.
NOTIC: [8] Undefined index: signature /alidata/www/mywechat/tp/ThinkPHP/Library/Com/Wechat.class.php 第 300 行.

[ 2016-08-24T14:17:51+08:00 ] 125.223.2.59 /tp/index.php/
INFO: [ app_init ] --START--
INFO: Run Behavior\BuildLiteBehavior [ RunTime:0.000014s ]
INFO: [ app_init ] --END-- [ RunTime:0.000087s ]
INFO: [ app_begin ] --START--
INFO: Run Behavior\ReadHtmlCacheBehavior [ RunTime:0.000032s ]
INFO: [ app_begin ] --END-- [ RunTime:0.000065s ]
NOTIC: [8] Undefined index: timestamp /alidata/www/mywechat/tp/ThinkPHP/Library/Com/Wechat.class.php 第 299 行.
NOTIC: [8] Undefined index: nonce /alidata/www/mywechat/tp/ThinkPHP/Library/Com/Wechat.class.php 第 299 行.
NOTIC: [8] Undefined index: signature /alidata/www/mywechat/tp/ThinkPHP/Library/Com/Wechat.class.php 第 300 行.

[ 2016-08-24T14:17:51+08:00 ] 125.223.2.59 /tp/index.php/
INFO: [ app_init ] --START--
INFO: Run Behavior\BuildLiteBehavior [ RunTime:0.000013s ]
INFO: [ app_init ] --END-- [ RunTime:0.000087s ]
INFO: [ app_begin ] --START--
INFO: Run Behavior\ReadHtmlCacheBehavior [ RunTime:0.000033s ]
INFO: [ app_begin ] --END-- [ RunTime:0.000066s ]
NOTIC: [8] Undefined index: timestamp /alidata/www/mywechat/tp/ThinkPHP/Library/Com/Wechat.class.php 第 299 行.
NOTIC: [8] Undefined index: nonce /alidata/www/mywechat/tp/ThinkPHP/Library/Com/Wechat.class.php 第 299 行.
NOTIC: [8] Undefined index: signature /alidata/www/mywechat/tp/ThinkPHP/Library/Com/Wechat.class.php 第 300 行.

[ 2016-08-24T14:17:52+08:00 ] 125.223.2.59 /tp/index.php/
INFO: [ app_init ] --START--
INFO: Run Behavior\BuildLiteBehavior [ RunTime:0.000014s ]
INFO: [ app_init ] --END-- [ RunTime:0.000094s ]
INFO: [ app_begin ] --START--
INFO: Run Behavior\ReadHtmlCacheBehavior [ RunTime:0.000037s ]
INFO: [ app_begin ] --END-- [ RunTime:0.000071s ]
NOTIC: [8] Undefined index: timestamp /alidata/www/mywechat/tp/ThinkPHP/Library/Com/Wechat.class.php 第 299 行.
NOTIC: [8] Undefined index: nonce /alidata/www/mywechat/tp/ThinkPHP/Library/Com/Wechat.class.php 第 299 行.
NOTIC: [8] Undefined index: signature /alidata/www/mywechat/tp/ThinkPHP/Library/Com/Wechat.class.php 第 300 行.

[ 2016-08-24T14:17:52+08:00 ] 125.223.2.59 /tp/index.php/
INFO: [ app_init ] --START--
INFO: Run Behavior\BuildLiteBehavior [ RunTime:0.000013s ]
INFO: [ app_init ] --END-- [ RunTime:0.000085s ]
INFO: [ app_begin ] --START--
INFO: Run Behavior\ReadHtmlCacheBehavior [ RunTime:0.000036s ]
INFO: [ app_begin ] --END-- [ RunTime:0.000070s ]
NOTIC: [8] Undefined index: timestamp /alidata/www/mywechat/tp/ThinkPHP/Library/Com/Wechat.class.php 第 299 行.
NOTIC: [8] Undefined index: nonce /alidata/www/mywechat/tp/ThinkPHP/Library/Com/Wechat.class.php 第 299 行.
NOTIC: [8] Undefined index: signature /alidata/www/mywechat/tp/ThinkPHP/Library/Com/Wechat.class.php 第 300 行.

[ 2016-08-24T14:18:37+08:00 ] 125.223.2.59 /tp/index.php/Home/index/index
INFO: [ app_init ] --START--
INFO: Run Behavior\BuildLiteBehavior [ RunTime:0.000016s ]
INFO: [ app_init ] --END-- [ RunTime:0.000102s ]
INFO: [ app_begin ] --START--
INFO: Run Behavior\ReadHtmlCacheBehavior [ RunTime:0.000043s ]
INFO: [ app_begin ] --END-- [ RunTime:0.000079s ]
NOTIC: [8] Undefined index: timestamp /alidata/www/mywechat/tp/ThinkPHP/Library/Com/Wechat.class.php 第 299 行.
NOTIC: [8] Undefined index: nonce /alidata/www/mywechat/tp/ThinkPHP/Library/Com/Wechat.class.php 第 299 行.
NOTIC: [8] Undefined index: signature /alidata/www/mywechat/tp/ThinkPHP/Library/Com/Wechat.class.php 第 300 行.

[ 2016-08-24T14:18:46+08:00 ] 125.223.2.59 /tp/index.php/Home/Sdk/index
INFO: [ app_init ] --START--
INFO: Run Behavior\BuildLiteBehavior [ RunTime:0.000017s ]
INFO: [ app_init ] --END-- [ RunTime:0.000100s ]
INFO: [ app_begin ] --START--
INFO: Run Behavior\ReadHtmlCacheBehavior [ RunTime:0.000042s ]
INFO: [ app_begin ] --END-- [ RunTime:0.000077s ]
NOTIC: [8] Undefined index: expries_in /alidata/www/mywechat/tp/Application/Home/Controller/SdkController.class.php 第 21 行.
NOTIC: [8] A session had already been started - ignoring session_start() /alidata/www/mywechat/tp/ThinkPHP/Common/functions.php 第 1263 行.
NOTIC: [8] Undefined index: $accsess_token /alidata/www/mywechat/tp/Application/Home/Controller/SdkController.class.php 第 23 行.
NOTIC: [8] Undefined variable: accsess_token /alidata/www/mywechat/tp/Application/Home/Controller/SdkController.class.php 第 25 行.
NOTIC: [8] curl_setopt(): CURLOPT_SSL_VERIFYHOST no longer accepts the value 1, value 2 will be used instead /alidata/www/mywechat/tp/Application/Home/Controller/SdkController.class.php 第 118 行.
NOTIC: [8] Undefined property: stdClass::$ticket /alidata/www/mywechat/tp/Application/Home/Controller/SdkController.class.php 第 49 行.
NOTIC: [8] A session had already been started - ignoring session_start() /alidata/www/mywechat/tp/ThinkPHP/Common/functions.php 第 1263 行.
INFO: [ view_parse ] --START--
INFO: [ template_filter ] --START--
INFO: Run Behavior\ContentReplaceBehavior [ RunTime:0.000038s ]
INFO: [ template_filter ] --END-- [ RunTime:0.000091s ]
INFO: Run Behavior\ParseTemplateBehavior [ RunTime:0.006525s ]
INFO: [ view_parse ] --END-- [ RunTime:0.006570s ]
INFO: [ view_filter ] --START--
INFO: Run Behavior\WriteHtmlCacheBehavior [ RunTime:0.000190s ]
INFO: [ view_filter ] --END-- [ RunTime:0.000220s ]
INFO: [ app_end ] --START--
INFO: Run Behavior\ShowPageTraceBehavior [ RunTime:0.000049s ]
INFO: [ app_end ] --END-- [ RunTime:0.000078s ]

[ 2016-08-24T14:18:53+08:00 ] 125.223.2.59 /tp/index.php/Home/Sdk/index
INFO: [ app_init ] --START--
INFO: Run Behavior\BuildLiteBehavior [ RunTime:0.000016s ]
INFO: [ app_init ] --END-- [ RunTime:0.000104s ]
INFO: [ app_begin ] --START--
INFO: Run Behavior\ReadHtmlCacheBehavior [ RunTime:0.000042s ]
INFO: [ app_begin ] --END-- [ RunTime:0.000076s ]
NOTIC: [8] Undefined index: expries_in /alidata/www/mywechat/tp/Application/Home/Controller/SdkController.class.php 第 21 行.
NOTIC: [8] A session had already been started - ignoring session_start() /alidata/www/mywechat/tp/ThinkPHP/Common/functions.php 第 1263 行.
NOTIC: [8] Undefined index: $accsess_token /alidata/www/mywechat/tp/Application/Home/Controller/SdkController.class.php 第 23 行.
NOTIC: [8] Undefined variable: accsess_token /alidata/www/mywechat/tp/Application/Home/Controller/SdkController.class.php 第 25 行.
NOTIC: [8] curl_setopt(): CURLOPT_SSL_VERIFYHOST no longer accepts the value 1, value 2 will be used instead /alidata/www/mywechat/tp/Application/Home/Controller/SdkController.class.php 第 118 行.
NOTIC: [8] Undefined property: stdClass::$ticket /alidata/www/mywechat/tp/Application/Home/Controller/SdkController.class.php 第 49 行.
NOTIC: [8] A session had already been started - ignoring session_start() /alidata/www/mywechat/tp/ThinkPHP/Common/functions.php 第 1263 行.
INFO: [ view_parse ] --START--
INFO: [ template_filter ] --START--
INFO: Run Behavior\ContentReplaceBehavior [ RunTime:0.000038s ]
INFO: [ template_filter ] --END-- [ RunTime:0.000083s ]
INFO: Run Behavior\ParseTemplateBehavior [ RunTime:0.001708s ]
INFO: [ view_parse ] --END-- [ RunTime:0.001749s ]
INFO: [ view_filter ] --START--
INFO: Run Behavior\WriteHtmlCacheBehavior [ RunTime:0.000041s ]
INFO: [ view_filter ] --END-- [ RunTime:0.000068s ]
INFO: [ app_end ] --START--
INFO: Run Behavior\ShowPageTraceBehavior [ RunTime:0.000046s ]
INFO: [ app_end ] --END-- [ RunTime:0.000076s ]

[ 2016-08-24T18:22:57+08:00 ] 111.161.57.49 /tp/index.php/Home/Sdk/index/
INFO: [ app_init ] --START--
INFO: Run Behavior\BuildLiteBehavior [ RunTime:0.000014s ]
INFO: [ app_init ] --END-- [ RunTime:0.000094s ]
INFO: [ app_begin ] --START--
INFO: Run Behavior\ReadHtmlCacheBehavior [ RunTime:0.000038s ]
INFO: [ app_begin ] --END-- [ RunTime:0.000072s ]
NOTIC: [8] Undefined index: expries_in /alidata/www/mywechat/tp/Application/Home/Controller/SdkController.class.php 第 21 行.
NOTIC: [8] A session had already been started - ignoring session_start() /alidata/www/mywechat/tp/ThinkPHP/Common/functions.php 第 1263 行.
NOTIC: [8] Undefined index: $accsess_token /alidata/www/mywechat/tp/Application/Home/Controller/SdkController.class.php 第 23 行.
NOTIC: [8] Undefined variable: accsess_token /alidata/www/mywechat/tp/Application/Home/Controller/SdkController.class.php 第 25 行.
NOTIC: [8] curl_setopt(): CURLOPT_SSL_VERIFYHOST no longer accepts the value 1, value 2 will be used instead /alidata/www/mywechat/tp/Application/Home/Controller/SdkController.class.php 第 118 行.
NOTIC: [8] Undefined property: stdClass::$ticket /alidata/www/mywechat/tp/Application/Home/Controller/SdkController.class.php 第 49 行.
NOTIC: [8] A session had already been started - ignoring session_start() /alidata/www/mywechat/tp/ThinkPHP/Common/functions.php 第 1263 行.
INFO: [ view_parse ] --START--
INFO: [ template_filter ] --START--
INFO: Run Behavior\ContentReplaceBehavior [ RunTime:0.000037s ]
INFO: [ template_filter ] --END-- [ RunTime:0.000082s ]
INFO: Run Behavior\ParseTemplateBehavior [ RunTime:0.001716s ]
INFO: [ view_parse ] --END-- [ RunTime:0.001758s ]
INFO: [ view_filter ] --START--
INFO: Run Behavior\WriteHtmlCacheBehavior [ RunTime:0.000041s ]
INFO: [ view_filter ] --END-- [ RunTime:0.000068s ]
INFO: [ app_end ] --START--
INFO: Run Behavior\ShowPageTraceBehavior [ RunTime:0.000039s ]
INFO: [ app_end ] --END-- [ RunTime:0.000067s ]

[ 2016-08-24T18:23:06+08:00 ] 111.161.57.49 /tp/index.php/Home/Sdk/index/
INFO: [ app_init ] --START--
INFO: Run Behavior\BuildLiteBehavior [ RunTime:0.000014s ]
INFO: [ app_init ] --END-- [ RunTime:0.000095s ]
INFO: [ app_begin ] --START--
INFO: Run Behavior\ReadHtmlCacheBehavior [ RunTime:0.000041s ]
INFO: [ app_begin ] --END-- [ RunTime:0.000075s ]
NOTIC: [8] Undefined index: expries_in /alidata/www/mywechat/tp/Application/Home/Controller/SdkController.class.php 第 21 行.
NOTIC: [8] A session had already been started - ignoring session_start() /alidata/www/mywechat/tp/ThinkPHP/Common/functions.php 第 1263 行.
NOTIC: [8] Undefined index: $accsess_token /alidata/www/mywechat/tp/Application/Home/Controller/SdkController.class.php 第 23 行.
NOTIC: [8] Undefined variable: accsess_token /alidata/www/mywechat/tp/Application/Home/Controller/SdkController.class.php 第 25 行.
NOTIC: [8] curl_setopt(): CURLOPT_SSL_VERIFYHOST no longer accepts the value 1, value 2 will be used instead /alidata/www/mywechat/tp/Application/Home/Controller/SdkController.class.php 第 118 行.
NOTIC: [8] Undefined property: stdClass::$ticket /alidata/www/mywechat/tp/Application/Home/Controller/SdkController.class.php 第 49 行.
NOTIC: [8] A session had already been started - ignoring session_start() /alidata/www/mywechat/tp/ThinkPHP/Common/functions.php 第 1263 行.
INFO: [ view_parse ] --START--
INFO: [ template_filter ] --START--
INFO: Run Behavior\ContentReplaceBehavior [ RunTime:0.000036s ]
INFO: [ template_filter ] --END-- [ RunTime:0.000080s ]
INFO: Run Behavior\ParseTemplateBehavior [ RunTime:0.001688s ]
INFO: [ view_parse ] --END-- [ RunTime:0.001729s ]
INFO: [ view_filter ] --START--
INFO: Run Behavior\WriteHtmlCacheBehavior [ RunTime:0.000038s ]
INFO: [ view_filter ] --END-- [ RunTime:0.000065s ]
INFO: [ app_end ] --START--
INFO: Run Behavior\ShowPageTraceBehavior [ RunTime:0.000037s ]
INFO: [ app_end ] --END-- [ RunTime:0.000065s ]

[ 2016-08-24T18:23:18+08:00 ] 111.161.57.49 /tp/index.php/Home/Sdk/index/
INFO: [ app_init ] --START--
INFO: Run Behavior\BuildLiteBehavior [ RunTime:0.000016s ]
INFO: [ app_init ] --END-- [ RunTime:0.000247s ]
INFO: [ app_begin ] --START--
INFO: Run Behavior\ReadHtmlCacheBehavior [ RunTime:0.000045s ]
INFO: [ app_begin ] --END-- [ RunTime:0.000093s ]
NOTIC: [8] Undefined index: expries_in /alidata/www/mywechat/tp/Application/Home/Controller/SdkController.class.php 第 21 行.
NOTIC: [8] A session had already been started - ignoring session_start() /alidata/www/mywechat/tp/ThinkPHP/Common/functions.php 第 1263 行.
NOTIC: [8] Undefined index: $accsess_token /alidata/www/mywechat/tp/Application/Home/Controller/SdkController.class.php 第 23 行.
NOTIC: [8] Undefined variable: accsess_token /alidata/www/mywechat/tp/Application/Home/Controller/SdkController.class.php 第 25 行.
NOTIC: [8] curl_setopt(): CURLOPT_SSL_VERIFYHOST no longer accepts the value 1, value 2 will be used instead /alidata/www/mywechat/tp/Application/Home/Controller/SdkController.class.php 第 118 行.
NOTIC: [8] Undefined property: stdClass::$ticket /alidata/www/mywechat/tp/Application/Home/Controller/SdkController.class.php 第 49 行.
NOTIC: [8] A session had already been started - ignoring session_start() /alidata/www/mywechat/tp/ThinkPHP/Common/functions.php 第 1263 行.
INFO: [ view_parse ] --START--
INFO: [ template_filter ] --START--
INFO: Run Behavior\ContentReplaceBehavior [ RunTime:0.000038s ]
INFO: [ template_filter ] --END-- [ RunTime:0.000084s ]
INFO: Run Behavior\ParseTemplateBehavior [ RunTime:0.001841s ]
INFO: [ view_parse ] --END-- [ RunTime:0.001897s ]
INFO: [ view_filter ] --START--
INFO: Run Behavior\WriteHtmlCacheBehavior [ RunTime:0.000042s ]
INFO: [ view_filter ] --END-- [ RunTime:0.000072s ]
INFO: [ app_end ] --START--
INFO: Run Behavior\ShowPageTraceBehavior [ RunTime:0.000041s ]
INFO: [ app_end ] --END-- [ RunTime:0.000069s ]

[ 2016-08-24T18:23:34+08:00 ] 111.161.57.49 /tp/index.php/Home/Sdk/index/
INFO: [ app_init ] --START--
INFO: Run Behavior\BuildLiteBehavior [ RunTime:0.000014s ]
INFO: [ app_init ] --END-- [ RunTime:0.000092s ]
INFO: [ app_begin ] --START--
INFO: Run Behavior\ReadHtmlCacheBehavior [ RunTime:0.000039s ]
INFO: [ app_begin ] --END-- [ RunTime:0.000074s ]
NOTIC: [8] Undefined index: expries_in /alidata/www/mywechat/tp/Application/Home/Controller/SdkController.class.php 第 21 行.
NOTIC: [8] A session had already been started - ignoring session_start() /alidata/www/mywechat/tp/ThinkPHP/Common/functions.php 第 1263 行.
NOTIC: [8] Undefined index: $accsess_token /alidata/www/mywechat/tp/Application/Home/Controller/SdkController.class.php 第 23 行.
NOTIC: [8] Undefined variable: accsess_token /alidata/www/mywechat/tp/Application/Home/Controller/SdkController.class.php 第 25 行.
NOTIC: [8] curl_setopt(): CURLOPT_SSL_VERIFYHOST no longer accepts the value 1, value 2 will be used instead /alidata/www/mywechat/tp/Application/Home/Controller/SdkController.class.php 第 118 行.
NOTIC: [8] Undefined property: stdClass::$ticket /alidata/www/mywechat/tp/Application/Home/Controller/SdkController.class.php 第 49 行.
NOTIC: [8] A session had already been started - ignoring session_start() /alidata/www/mywechat/tp/ThinkPHP/Common/functions.php 第 1263 行.
INFO: [ view_parse ] --START--
INFO: [ template_filter ] --START--
INFO: Run Behavior\ContentReplaceBehavior [ RunTime:0.000037s ]
INFO: [ template_filter ] --END-- [ RunTime:0.000082s ]
INFO: Run Behavior\ParseTemplateBehavior [ RunTime:0.001708s ]
INFO: [ view_parse ] --END-- [ RunTime:0.001759s ]
INFO: [ view_filter ] --START--
INFO: Run Behavior\WriteHtmlCacheBehavior [ RunTime:0.000041s ]
INFO: [ view_filter ] --END-- [ RunTime:0.000067s ]
INFO: [ app_end ] --START--
INFO: Run Behavior\ShowPageTraceBehavior [ RunTime:0.000053s ]
INFO: [ app_end ] --END-- [ RunTime:0.000088s ]

[ 2016-08-24T18:23:40+08:00 ] 111.161.57.49 /tp/index.php/Home/Sdk/index/
INFO: [ app_init ] --START--
INFO: Run Behavior\BuildLiteBehavior [ RunTime:0.000013s ]
INFO: [ app_init ] --END-- [ RunTime:0.000093s ]
INFO: [ app_begin ] --START--
INFO: Run Behavior\ReadHtmlCacheBehavior [ RunTime:0.000036s ]
INFO: [ app_begin ] --END-- [ RunTime:0.000069s ]
NOTIC: [8] Undefined index: expries_in /alidata/www/mywechat/tp/Application/Home/Controller/SdkController.class.php 第 21 行.
NOTIC: [8] A session had already been started - ignoring session_start() /alidata/www/mywechat/tp/ThinkPHP/Common/functions.php 第 1263 行.
NOTIC: [8] Undefined index: $accsess_token /alidata/www/mywechat/tp/Application/Home/Controller/SdkController.class.php 第 23 行.
NOTIC: [8] Undefined variable: accsess_token /alidata/www/mywechat/tp/Application/Home/Controller/SdkController.class.php 第 25 行.
NOTIC: [8] curl_setopt(): CURLOPT_SSL_VERIFYHOST no longer accepts the value 1, value 2 will be used instead /alidata/www/mywechat/tp/Application/Home/Controller/SdkController.class.php 第 118 行.
NOTIC: [8] Undefined property: stdClass::$ticket /alidata/www/mywechat/tp/Application/Home/Controller/SdkController.class.php 第 49 行.
NOTIC: [8] A session had already been started - ignoring session_start() /alidata/www/mywechat/tp/ThinkPHP/Common/functions.php 第 1263 行.
INFO: [ view_parse ] --START--
INFO: [ template_filter ] --START--
INFO: Run Behavior\ContentReplaceBehavior [ RunTime:0.000036s ]
INFO: [ template_filter ] --END-- [ RunTime:0.000080s ]
INFO: Run Behavior\ParseTemplateBehavior [ RunTime:0.001679s ]
INFO: [ view_parse ] --END-- [ RunTime:0.001720s ]
INFO: [ view_filter ] --START--
INFO: Run Behavior\WriteHtmlCacheBehavior [ RunTime:0.000052s ]
INFO: [ view_filter ] --END-- [ RunTime:0.000079s ]
INFO: [ app_end ] --START--
INFO: Run Behavior\ShowPageTraceBehavior [ RunTime:0.000037s ]
INFO: [ app_end ] --END-- [ RunTime:0.000065s ]

