[ 2016-12-04T08:10:18+08:00 ] 123.151.42.49 /tp/index.php/Shop/Admin/add.html
INFO: [ app_init ] --START--
INFO: Run Behavior\BuildLiteBehavior [ RunTime:0.000031s ]
INFO: [ app_init ] --END-- [ RunTime:0.149021s ]
INFO: [ app_begin ] --START--
INFO: Run Behavior\ReadHtmlCacheBehavior [ RunTime:0.000084s ]
INFO: [ app_begin ] --END-- [ RunTime:0.000153s ]
INFO: [ view_parse ] --START--
INFO: [ template_filter ] --START--
INFO: Run Behavior\ContentReplaceBehavior [ RunTime:0.000064s ]
INFO: [ template_filter ] --END-- [ RunTime:0.000152s ]
INFO: Run Behavior\ParseTemplateBehavior [ RunTime:1.282854s ]
INFO: [ view_parse ] --END-- [ RunTime:1.398811s ]
INFO: [ view_filter ] --START--
INFO: Run Behavior\WriteHtmlCacheBehavior [ RunTime:0.007535s ]
INFO: [ view_filter ] --END-- [ RunTime:0.007612s ]
INFO: [ app_end ] --START--
INFO: Run Behavior\ShowPageTraceBehavior [ RunTime:0.000140s ]
INFO: [ app_end ] --END-- [ RunTime:0.000245s ]

[ 2016-12-04T08:10:23+08:00 ] 123.151.42.49 /tp/index.php/Shop/Admin/addgoods.html
INFO: [ app_init ] --START--
INFO: Run Behavior\BuildLiteBehavior [ RunTime:0.000017s ]
INFO: [ app_init ] --END-- [ RunTime:0.000116s ]
INFO: [ app_begin ] --START--
INFO: Run Behavior\ReadHtmlCacheBehavior [ RunTime:0.000036s ]
INFO: [ app_begin ] --END-- [ RunTime:0.000070s ]
ERR: SQLSTATE[HY000] [2002] Connection refused

[ 2016-12-04T08:10:32+08:00 ] 101.226.79.182 /tp/index.php/Shop/Admin/addgoods.html
INFO: [ app_init ] --START--
INFO: Run Behavior\BuildLiteBehavior [ RunTime:0.000021s ]
INFO: [ app_init ] --END-- [ RunTime:0.000136s ]
INFO: [ app_begin ] --START--
INFO: Run Behavior\ReadHtmlCacheBehavior [ RunTime:0.000068s ]
INFO: [ app_begin ] --END-- [ RunTime:0.000106s ]
ERR: SQLSTATE[HY000] [2002] Connection refused

[ 2016-12-04T09:06:28+08:00 ] 123.117.61.80 /tp/index.php/Shop/Index/index
INFO: [ app_init ] --START--
INFO: Run Behavior\BuildLiteBehavior [ RunTime:0.000021s ]
INFO: [ app_init ] --END-- [ RunTime:0.030005s ]
INFO: [ app_begin ] --START--
INFO: Run Behavior\ReadHtmlCacheBehavior [ RunTime:0.000061s ]
INFO: [ app_begin ] --END-- [ RunTime:0.000113s ]
ERR: SQLSTATE[HY000] [2002] Connection refused

[ 2016-12-04T09:06:28+08:00 ] 123.151.42.49 /tp/index.php/Shop/Index/index
INFO: [ app_init ] --START--
INFO: Run Behavior\BuildLiteBehavior [ RunTime:0.000025s ]
INFO: [ app_init ] --END-- [ RunTime:0.000168s ]
INFO: [ app_begin ] --START--
INFO: Run Behavior\ReadHtmlCacheBehavior [ RunTime:0.000077s ]
INFO: [ app_begin ] --END-- [ RunTime:0.000153s ]
ERR: SQLSTATE[HY000] [2002] Connection refused

[ 2016-12-04T11:07:44+08:00 ] 117.101.210.226 /tp/index.php/Shop/Index/index
INFO: [ app_init ] --START--
INFO: Run Behavior\BuildLiteBehavior [ RunTime:0.000023s ]
INFO: [ app_init ] --END-- [ RunTime:0.169264s ]
INFO: [ app_begin ] --START--
INFO: Run Behavior\ReadHtmlCacheBehavior [ RunTime:0.000060s ]
INFO: [ app_begin ] --END-- [ RunTime:0.000126s ]
ERR: SQLSTATE[HY000] [2002] Connection refused

[ 2016-12-04T11:07:52+08:00 ] 117.101.210.226 /tp/index.php/Shop/Index/index
INFO: [ app_init ] --START--
INFO: Run Behavior\BuildLiteBehavior [ RunTime:0.000019s ]
INFO: [ app_init ] --END-- [ RunTime:0.000137s ]
INFO: [ app_begin ] --START--
INFO: Run Behavior\ReadHtmlCacheBehavior [ RunTime:0.000146s ]
INFO: [ app_begin ] --END-- [ RunTime:0.000259s ]
ERR: SQLSTATE[HY000] [2002] Connection refused

