[ 2017-01-23T18:46:58+08:00 ] 123.151.152.151 /tp/index.php/Shop/Index/index
INFO: [ app_init ] --START--
INFO: Run Behavior\BuildLiteBehavior [ RunTime:0.000025s ]
INFO: [ app_init ] --END-- [ RunTime:0.014078s ]
INFO: [ app_begin ] --START--
INFO: Run Behavior\ReadHtmlCacheBehavior [ RunTime:0.000682s ]
INFO: [ app_begin ] --END-- [ RunTime:0.000738s ]
SQL: SHOW COLUMNS FROM `goods` [ RunTime:0.0636s ]
SQL: SELECT * FROM `goods`  [ RunTime:0.0003s ]
INFO: [ view_parse ] --START--
INFO: [ template_filter ] --START--
INFO: Run Behavior\ContentReplaceBehavior [ RunTime:0.000146s ]
INFO: [ template_filter ] --END-- [ RunTime:0.000213s ]
INFO: Run Behavior\ParseTemplateBehavior [ RunTime:0.139437s ]
INFO: [ view_parse ] --END-- [ RunTime:0.139484s ]
INFO: [ view_filter ] --START--
INFO: Run Behavior\WriteHtmlCacheBehavior [ RunTime:0.007845s ]
INFO: [ view_filter ] --END-- [ RunTime:0.007880s ]
INFO: [ app_end ] --START--
INFO: Run Behavior\ShowPageTraceBehavior [ RunTime:0.003804s ]
INFO: [ app_end ] --END-- [ RunTime:0.003844s ]

[ 2017-01-23T18:47:06+08:00 ] 101.226.33.200 /tp/index.php/Shop/Index/index
INFO: [ app_init ] --START--
INFO: Run Behavior\BuildLiteBehavior [ RunTime:0.000018s ]
INFO: [ app_init ] --END-- [ RunTime:0.000137s ]
INFO: [ app_begin ] --START--
INFO: Run Behavior\ReadHtmlCacheBehavior [ RunTime:0.000051s ]
INFO: [ app_begin ] --END-- [ RunTime:0.000089s ]
SQL: SHOW COLUMNS FROM `goods` [ RunTime:0.0007s ]
SQL: SELECT * FROM `goods`  [ RunTime:0.0016s ]
INFO: [ view_parse ] --START--
INFO: [ template_filter ] --START--
INFO: Run Behavior\ContentReplaceBehavior [ RunTime:0.000154s ]
INFO: [ template_filter ] --END-- [ RunTime:0.000230s ]
INFO: Run Behavior\ParseTemplateBehavior [ RunTime:0.043349s ]
INFO: [ view_parse ] --END-- [ RunTime:0.043435s ]
INFO: [ view_filter ] --START--
INFO: Run Behavior\WriteHtmlCacheBehavior [ RunTime:0.000107s ]
INFO: [ view_filter ] --END-- [ RunTime:0.000166s ]
INFO: [ app_end ] --START--
INFO: Run Behavior\ShowPageTraceBehavior [ RunTime:0.000075s ]
INFO: [ app_end ] --END-- [ RunTime:0.000130s ]

[ 2017-01-23T18:47:14+08:00 ] 123.151.152.151 /tp/index.php/Shop/Index/detail/id/90.html
INFO: [ app_init ] --START--
INFO: Run Behavior\BuildLiteBehavior [ RunTime:0.000013s ]
INFO: [ app_init ] --END-- [ RunTime:0.000094s ]
INFO: [ app_begin ] --START--
INFO: Run Behavior\ReadHtmlCacheBehavior [ RunTime:0.000050s ]
INFO: [ app_begin ] --END-- [ RunTime:0.000091s ]
SQL: SHOW COLUMNS FROM `goods` [ RunTime:0.0022s ]
SQL: SELECT * FROM `goods` WHERE `id` = 90 LIMIT 1   [ RunTime:0.0842s ]
INFO: [ view_parse ] --START--
INFO: [ template_filter ] --START--
INFO: Run Behavior\ContentReplaceBehavior [ RunTime:0.000136s ]
INFO: [ template_filter ] --END-- [ RunTime:0.000202s ]
INFO: Run Behavior\ParseTemplateBehavior [ RunTime:0.024915s ]
INFO: [ view_parse ] --END-- [ RunTime:0.024963s ]
INFO: [ view_filter ] --START--
INFO: Run Behavior\WriteHtmlCacheBehavior [ RunTime:0.000052s ]
INFO: [ view_filter ] --END-- [ RunTime:0.000081s ]
INFO: [ app_end ] --START--
INFO: Run Behavior\ShowPageTraceBehavior [ RunTime:0.000050s ]
INFO: [ app_end ] --END-- [ RunTime:0.000084s ]

[ 2017-01-23T18:47:23+08:00 ] 223.104.101.32 /tp/index.php/Shop/Index/order.html
INFO: [ app_init ] --START--
INFO: Run Behavior\BuildLiteBehavior [ RunTime:0.000020s ]
INFO: [ app_init ] --END-- [ RunTime:0.000166s ]
INFO: [ app_begin ] --START--
INFO: Run Behavior\ReadHtmlCacheBehavior [ RunTime:0.000048s ]
INFO: [ app_begin ] --END-- [ RunTime:0.000085s ]
INFO: [ view_parse ] --START--
INFO: [ template_filter ] --START--
INFO: Run Behavior\ContentReplaceBehavior [ RunTime:0.000107s ]
INFO: [ template_filter ] --END-- [ RunTime:0.000165s ]
INFO: Run Behavior\ParseTemplateBehavior [ RunTime:0.038431s ]
INFO: [ view_parse ] --END-- [ RunTime:0.038487s ]
INFO: [ view_filter ] --START--
INFO: Run Behavior\WriteHtmlCacheBehavior [ RunTime:0.000059s ]
INFO: [ view_filter ] --END-- [ RunTime:0.000088s ]
INFO: [ app_end ] --START--
INFO: Run Behavior\ShowPageTraceBehavior [ RunTime:0.000051s ]
INFO: [ app_end ] --END-- [ RunTime:0.000086s ]

[ 2017-01-23T18:47:24+08:00 ] 101.226.89.121 /tp/index.php/Shop/Index/detail/id/90.html
INFO: [ app_init ] --START--
INFO: Run Behavior\BuildLiteBehavior [ RunTime:0.000018s ]
INFO: [ app_init ] --END-- [ RunTime:0.000127s ]
INFO: [ app_begin ] --START--
INFO: Run Behavior\ReadHtmlCacheBehavior [ RunTime:0.000045s ]
INFO: [ app_begin ] --END-- [ RunTime:0.000084s ]
SQL: SHOW COLUMNS FROM `goods` [ RunTime:0.0007s ]
SQL: SELECT * FROM `goods` WHERE `id` = 90 LIMIT 1   [ RunTime:0.0002s ]
INFO: [ view_parse ] --START--
INFO: [ template_filter ] --START--
INFO: Run Behavior\ContentReplaceBehavior [ RunTime:0.019301s ]
INFO: [ template_filter ] --END-- [ RunTime:0.019373s ]
INFO: Run Behavior\ParseTemplateBehavior [ RunTime:0.034166s ]
INFO: [ view_parse ] --END-- [ RunTime:0.034210s ]
INFO: [ view_filter ] --START--
INFO: Run Behavior\WriteHtmlCacheBehavior [ RunTime:0.000053s ]
INFO: [ view_filter ] --END-- [ RunTime:0.000081s ]
INFO: [ app_end ] --START--
INFO: Run Behavior\ShowPageTraceBehavior [ RunTime:0.000052s ]
INFO: [ app_end ] --END-- [ RunTime:0.000086s ]

[ 2017-01-23T18:47:27+08:00 ] 223.104.101.32 /tp/index.php/Shop/Index/weixinzhifu.html
INFO: [ app_init ] --START--
INFO: Run Behavior\BuildLiteBehavior [ RunTime:0.000013s ]
INFO: [ app_init ] --END-- [ RunTime:0.000093s ]
INFO: [ app_begin ] --START--
INFO: Run Behavior\ReadHtmlCacheBehavior [ RunTime:0.000032s ]
INFO: [ app_begin ] --END-- [ RunTime:0.000070s ]
INFO: [ app_end ] --START--
INFO: Run Behavior\ShowPageTraceBehavior [ RunTime:0.000041s ]
INFO: [ app_end ] --END-- [ RunTime:0.000083s ]

[ 2017-01-23T18:47:33+08:00 ] 101.226.33.217 /tp/index.php/Shop/Index/order.html
INFO: [ app_init ] --START--
INFO: Run Behavior\BuildLiteBehavior [ RunTime:0.000028s ]
INFO: [ app_init ] --END-- [ RunTime:0.000181s ]
INFO: [ app_begin ] --START--
INFO: Run Behavior\ReadHtmlCacheBehavior [ RunTime:0.000052s ]
INFO: [ app_begin ] --END-- [ RunTime:0.000089s ]
INFO: [ view_parse ] --START--
INFO: [ template_filter ] --START--
INFO: Run Behavior\ContentReplaceBehavior [ RunTime:0.000133s ]
INFO: [ template_filter ] --END-- [ RunTime:0.000204s ]
NOTIC: [8] Undefined index: name /alidata/www/mywechat/tp/Application/Runtime/Cache/Shop/c0cea5e4555be2f6f8c5281dfc899958.php 第 46 行.
NOTIC: [8] Undefined index: guige /alidata/www/mywechat/tp/Application/Runtime/Cache/Shop/c0cea5e4555be2f6f8c5281dfc899958.php 第 46 行.
NOTIC: [8] Undefined index: num /alidata/www/mywechat/tp/Application/Runtime/Cache/Shop/c0cea5e4555be2f6f8c5281dfc899958.php 第 73 行.
NOTIC: [8] Undefined index: name /alidata/www/mywechat/tp/Application/Runtime/Cache/Shop/c0cea5e4555be2f6f8c5281dfc899958.php 第 143 行.
NOTIC: [8] Undefined index: id /alidata/www/mywechat/tp/Application/Runtime/Cache/Shop/c0cea5e4555be2f6f8c5281dfc899958.php 第 144 行.
NOTIC: [8] Undefined index: price /alidata/www/mywechat/tp/Application/Runtime/Cache/Shop/c0cea5e4555be2f6f8c5281dfc899958.php 第 145 行.
NOTIC: [8] Undefined index: guige /alidata/www/mywechat/tp/Application/Runtime/Cache/Shop/c0cea5e4555be2f6f8c5281dfc899958.php 第 146 行.
INFO: Run Behavior\ParseTemplateBehavior [ RunTime:0.062067s ]
INFO: [ view_parse ] --END-- [ RunTime:0.062130s ]
INFO: [ view_filter ] --START--
INFO: Run Behavior\WriteHtmlCacheBehavior [ RunTime:0.000071s ]
INFO: [ view_filter ] --END-- [ RunTime:0.000101s ]
INFO: [ app_end ] --START--
INFO: Run Behavior\ShowPageTraceBehavior [ RunTime:0.000062s ]
INFO: [ app_end ] --END-- [ RunTime:0.000096s ]

[ 2017-01-23T18:47:33+08:00 ] 101.226.68.200 /tp/index.php/Shop/Index/order.html
INFO: [ app_init ] --START--
INFO: Run Behavior\BuildLiteBehavior [ RunTime:0.000028s ]
INFO: [ app_init ] --END-- [ RunTime:0.000188s ]
INFO: [ app_begin ] --START--
INFO: Run Behavior\ReadHtmlCacheBehavior [ RunTime:0.000067s ]
INFO: [ app_begin ] --END-- [ RunTime:0.000119s ]
INFO: [ view_parse ] --START--
INFO: [ template_filter ] --START--
INFO: Run Behavior\ContentReplaceBehavior [ RunTime:0.000122s ]
INFO: [ template_filter ] --END-- [ RunTime:0.000212s ]
NOTIC: [8] Undefined index: name /alidata/www/mywechat/tp/Application/Runtime/Cache/Shop/c0cea5e4555be2f6f8c5281dfc899958.php 第 46 行.
NOTIC: [8] Undefined index: guige /alidata/www/mywechat/tp/Application/Runtime/Cache/Shop/c0cea5e4555be2f6f8c5281dfc899958.php 第 46 行.
NOTIC: [8] Undefined index: num /alidata/www/mywechat/tp/Application/Runtime/Cache/Shop/c0cea5e4555be2f6f8c5281dfc899958.php 第 73 行.
NOTIC: [8] Undefined index: name /alidata/www/mywechat/tp/Application/Runtime/Cache/Shop/c0cea5e4555be2f6f8c5281dfc899958.php 第 143 行.
NOTIC: [8] Undefined index: id /alidata/www/mywechat/tp/Application/Runtime/Cache/Shop/c0cea5e4555be2f6f8c5281dfc899958.php 第 144 行.
NOTIC: [8] Undefined index: price /alidata/www/mywechat/tp/Application/Runtime/Cache/Shop/c0cea5e4555be2f6f8c5281dfc899958.php 第 145 行.
NOTIC: [8] Undefined index: guige /alidata/www/mywechat/tp/Application/Runtime/Cache/Shop/c0cea5e4555be2f6f8c5281dfc899958.php 第 146 行.
INFO: Run Behavior\ParseTemplateBehavior [ RunTime:0.104969s ]
INFO: [ view_parse ] --END-- [ RunTime:0.105021s ]
INFO: [ view_filter ] --START--
INFO: Run Behavior\WriteHtmlCacheBehavior [ RunTime:0.000039s ]
INFO: [ view_filter ] --END-- [ RunTime:0.000066s ]
INFO: [ app_end ] --START--
INFO: Run Behavior\ShowPageTraceBehavior [ RunTime:0.000040s ]
INFO: [ app_end ] --END-- [ RunTime:0.000074s ]

[ 2017-01-23T18:47:33+08:00 ] 117.185.27.114 /tp/index.php/Shop/Index/order.html
INFO: [ app_init ] --START--
INFO: Run Behavior\BuildLiteBehavior [ RunTime:0.000017s ]
INFO: [ app_init ] --END-- [ RunTime:0.000123s ]
INFO: [ app_begin ] --START--
INFO: Run Behavior\ReadHtmlCacheBehavior [ RunTime:0.000052s ]
INFO: [ app_begin ] --END-- [ RunTime:0.000089s ]
INFO: [ view_parse ] --START--
INFO: [ template_filter ] --START--
INFO: Run Behavior\ContentReplaceBehavior [ RunTime:0.000115s ]
INFO: [ template_filter ] --END-- [ RunTime:0.000198s ]
NOTIC: [8] Undefined index: name /alidata/www/mywechat/tp/Application/Runtime/Cache/Shop/c0cea5e4555be2f6f8c5281dfc899958.php 第 46 行.
NOTIC: [8] Undefined index: guige /alidata/www/mywechat/tp/Application/Runtime/Cache/Shop/c0cea5e4555be2f6f8c5281dfc899958.php 第 46 行.
NOTIC: [8] Undefined index: num /alidata/www/mywechat/tp/Application/Runtime/Cache/Shop/c0cea5e4555be2f6f8c5281dfc899958.php 第 73 行.
NOTIC: [8] Undefined index: name /alidata/www/mywechat/tp/Application/Runtime/Cache/Shop/c0cea5e4555be2f6f8c5281dfc899958.php 第 143 行.
NOTIC: [8] Undefined index: id /alidata/www/mywechat/tp/Application/Runtime/Cache/Shop/c0cea5e4555be2f6f8c5281dfc899958.php 第 144 行.
NOTIC: [8] Undefined index: price /alidata/www/mywechat/tp/Application/Runtime/Cache/Shop/c0cea5e4555be2f6f8c5281dfc899958.php 第 145 行.
NOTIC: [8] Undefined index: guige /alidata/www/mywechat/tp/Application/Runtime/Cache/Shop/c0cea5e4555be2f6f8c5281dfc899958.php 第 146 行.
INFO: Run Behavior\ParseTemplateBehavior [ RunTime:0.060585s ]
INFO: [ view_parse ] --END-- [ RunTime:0.060633s ]
INFO: [ view_filter ] --START--
INFO: Run Behavior\WriteHtmlCacheBehavior [ RunTime:0.000054s ]
INFO: [ view_filter ] --END-- [ RunTime:0.000083s ]
INFO: [ app_end ] --START--
INFO: Run Behavior\ShowPageTraceBehavior [ RunTime:0.008092s ]
INFO: [ app_end ] --END-- [ RunTime:0.008132s ]

[ 2017-01-23T18:47:38+08:00 ] 123.151.152.151 /tp/index.php/Shop/Index/detail/id/90
INFO: [ app_init ] --START--
INFO: Run Behavior\BuildLiteBehavior [ RunTime:0.000018s ]
INFO: [ app_init ] --END-- [ RunTime:0.000126s ]
INFO: [ app_begin ] --START--
INFO: Run Behavior\ReadHtmlCacheBehavior [ RunTime:0.000051s ]
INFO: [ app_begin ] --END-- [ RunTime:0.000085s ]
SQL: SHOW COLUMNS FROM `goods` [ RunTime:0.0011s ]
SQL: SELECT * FROM `goods` WHERE `id` = 90 LIMIT 1   [ RunTime:0.0002s ]
INFO: [ view_parse ] --START--
INFO: [ template_filter ] --START--
INFO: Run Behavior\ContentReplaceBehavior [ RunTime:0.011656s ]
INFO: [ template_filter ] --END-- [ RunTime:0.011736s ]
INFO: Run Behavior\ParseTemplateBehavior [ RunTime:0.043003s ]
INFO: [ view_parse ] --END-- [ RunTime:0.043042s ]
INFO: [ view_filter ] --START--
INFO: Run Behavior\WriteHtmlCacheBehavior [ RunTime:0.000060s ]
INFO: [ view_filter ] --END-- [ RunTime:0.000089s ]
INFO: [ app_end ] --START--
INFO: Run Behavior\ShowPageTraceBehavior [ RunTime:0.000053s ]
INFO: [ app_end ] --END-- [ RunTime:0.000090s ]

[ 2017-01-23T18:47:42+08:00 ] 101.226.51.229 /tp/index.php/Shop/Index/order.html
INFO: [ app_init ] --START--
INFO: Run Behavior\BuildLiteBehavior [ RunTime:0.000014s ]
INFO: [ app_init ] --END-- [ RunTime:0.000089s ]
INFO: [ app_begin ] --START--
INFO: Run Behavior\ReadHtmlCacheBehavior [ RunTime:0.000037s ]
INFO: [ app_begin ] --END-- [ RunTime:0.000073s ]
INFO: [ view_parse ] --START--
INFO: [ template_filter ] --START--
INFO: Run Behavior\ContentReplaceBehavior [ RunTime:0.000094s ]
INFO: [ template_filter ] --END-- [ RunTime:0.000137s ]
NOTIC: [8] Undefined index: name /alidata/www/mywechat/tp/Application/Runtime/Cache/Shop/c0cea5e4555be2f6f8c5281dfc899958.php 第 46 行.
NOTIC: [8] Undefined index: guige /alidata/www/mywechat/tp/Application/Runtime/Cache/Shop/c0cea5e4555be2f6f8c5281dfc899958.php 第 46 行.
NOTIC: [8] Undefined index: num /alidata/www/mywechat/tp/Application/Runtime/Cache/Shop/c0cea5e4555be2f6f8c5281dfc899958.php 第 73 行.
NOTIC: [8] Undefined index: name /alidata/www/mywechat/tp/Application/Runtime/Cache/Shop/c0cea5e4555be2f6f8c5281dfc899958.php 第 143 行.
NOTIC: [8] Undefined index: id /alidata/www/mywechat/tp/Application/Runtime/Cache/Shop/c0cea5e4555be2f6f8c5281dfc899958.php 第 144 行.
NOTIC: [8] Undefined index: price /alidata/www/mywechat/tp/Application/Runtime/Cache/Shop/c0cea5e4555be2f6f8c5281dfc899958.php 第 145 行.
NOTIC: [8] Undefined index: guige /alidata/www/mywechat/tp/Application/Runtime/Cache/Shop/c0cea5e4555be2f6f8c5281dfc899958.php 第 146 行.
INFO: Run Behavior\ParseTemplateBehavior [ RunTime:0.027991s ]
INFO: [ view_parse ] --END-- [ RunTime:0.028031s ]
INFO: [ view_filter ] --START--
INFO: Run Behavior\WriteHtmlCacheBehavior [ RunTime:0.000037s ]
INFO: [ view_filter ] --END-- [ RunTime:0.000064s ]
INFO: [ app_end ] --START--
INFO: Run Behavior\ShowPageTraceBehavior [ RunTime:0.000037s ]
INFO: [ app_end ] --END-- [ RunTime:0.000071s ]

[ 2017-01-23T18:47:43+08:00 ] 180.153.214.182 /tp/index.php/Shop/Index/weixinzhifu.html
INFO: [ app_init ] --START--
INFO: Run Behavior\BuildLiteBehavior [ RunTime:0.000019s ]
INFO: [ app_init ] --END-- [ RunTime:0.000127s ]
INFO: [ app_begin ] --START--
INFO: Run Behavior\ReadHtmlCacheBehavior [ RunTime:0.000045s ]
INFO: [ app_begin ] --END-- [ RunTime:0.000083s ]
NOTIC: [8] Undefined index: name /alidata/www/mywechat/tp/Application/Shop/Controller/IndexController.class.php 第 58 行.
NOTIC: [8] Undefined index: mobile /alidata/www/mywechat/tp/Application/Shop/Controller/IndexController.class.php 第 59 行.
NOTIC: [8] Undefined index: email /alidata/www/mywechat/tp/Application/Shop/Controller/IndexController.class.php 第 60 行.
NOTIC: [8] Undefined index: province /alidata/www/mywechat/tp/Application/Shop/Controller/IndexController.class.php 第 61 行.
NOTIC: [8] Undefined index: city /alidata/www/mywechat/tp/Application/Shop/Controller/IndexController.class.php 第 62 行.
NOTIC: [8] Undefined index: town /alidata/www/mywechat/tp/Application/Shop/Controller/IndexController.class.php 第 63 行.
NOTIC: [8] Undefined index: address /alidata/www/mywechat/tp/Application/Shop/Controller/IndexController.class.php 第 64 行.
NOTIC: [8] Undefined index: xiangxidizhi /alidata/www/mywechat/tp/Application/Shop/Controller/IndexController.class.php 第 65 行.
NOTIC: [8] Undefined index: guige /alidata/www/mywechat/tp/Application/Shop/Controller/IndexController.class.php 第 66 行.
NOTIC: [8] Undefined index: num /alidata/www/mywechat/tp/Application/Shop/Controller/IndexController.class.php 第 67 行.
NOTIC: [8] Undefined index: id /alidata/www/mywechat/tp/Application/Shop/Controller/IndexController.class.php 第 68 行.
NOTIC: [8] Undefined index: username /alidata/www/mywechat/tp/Application/Shop/Controller/IndexController.class.php 第 69 行.
NOTIC: [8] Undefined index: price /alidata/www/mywechat/tp/Application/Shop/Controller/IndexController.class.php 第 70 行.
INFO: [ app_end ] --START--
INFO: Run Behavior\ShowPageTraceBehavior [ RunTime:0.000041s ]
INFO: [ app_end ] --END-- [ RunTime:0.000070s ]

[ 2017-01-23T18:47:54+08:00 ] 101.226.33.203 /tp/index.php/Shop/Index/detail/id/90
INFO: [ app_init ] --START--
INFO: Run Behavior\BuildLiteBehavior [ RunTime:0.000019s ]
INFO: [ app_init ] --END-- [ RunTime:0.000113s ]
INFO: [ app_begin ] --START--
INFO: Run Behavior\ReadHtmlCacheBehavior [ RunTime:0.000049s ]
INFO: [ app_begin ] --END-- [ RunTime:0.000086s ]
SQL: SHOW COLUMNS FROM `goods` [ RunTime:0.0036s ]
SQL: SELECT * FROM `goods` WHERE `id` = 90 LIMIT 1   [ RunTime:0.0035s ]
INFO: [ view_parse ] --START--
INFO: [ template_filter ] --START--
INFO: Run Behavior\ContentReplaceBehavior [ RunTime:0.000119s ]
INFO: [ template_filter ] --END-- [ RunTime:0.000173s ]
INFO: Run Behavior\ParseTemplateBehavior [ RunTime:0.036441s ]
INFO: [ view_parse ] --END-- [ RunTime:0.036583s ]
INFO: [ view_filter ] --START--
INFO: Run Behavior\WriteHtmlCacheBehavior [ RunTime:0.000053s ]
INFO: [ view_filter ] --END-- [ RunTime:0.000081s ]
INFO: [ app_end ] --START--
INFO: Run Behavior\ShowPageTraceBehavior [ RunTime:0.000050s ]
INFO: [ app_end ] --END-- [ RunTime:0.000084s ]

