[ 2016-08-28T09:40:51+08:00 ] 111.161.57.49 /tp/Public//images/ehaier-icon.png
INFO: [ app_init ] --START--
INFO: Run Behavior\BuildLiteBehavior [ RunTime:0.000014s ]
INFO: [ app_init ] --END-- [ RunTime:0.000101s ]
ERR: 无法加载模块:Public

[ 2016-08-28T10:28:44+08:00 ] 125.223.2.49 /tp/Public//images/ehaier-icon.png
INFO: [ app_init ] --START--
INFO: Run Behavior\BuildLiteBehavior [ RunTime:0.000015s ]
INFO: [ app_init ] --END-- [ RunTime:0.000094s ]
ERR: 无法加载模块:Public

[ 2016-08-28T10:36:32+08:00 ] 111.161.57.49 /tp/Public//tp/PublicScripts/mediav.js
INFO: [ app_init ] --START--
INFO: Run Behavior\BuildLiteBehavior [ RunTime:0.000015s ]
INFO: [ app_init ] --END-- [ RunTime:0.000098s ]
ERR: 无法加载模块:Public

[ 2016-08-28T10:36:38+08:00 ] 111.161.57.49 /tp/Public//images/ehaier-icon.png
INFO: [ app_init ] --START--
INFO: Run Behavior\BuildLiteBehavior [ RunTime:0.000013s ]
INFO: [ app_init ] --END-- [ RunTime:0.000090s ]
ERR: 无法加载模块:Public

[ 2016-08-28T10:51:19+08:00 ] 111.161.57.49 /tp/Public//tp/PublicScripts/mediav.js
INFO: [ app_init ] --START--
INFO: Run Behavior\BuildLiteBehavior [ RunTime:0.000015s ]
INFO: [ app_init ] --END-- [ RunTime:0.000088s ]
ERR: 无法加载模块:Public

[ 2016-08-28T10:51:21+08:00 ] 111.161.57.49 /tp/Public//images/ehaier-icon.png
INFO: [ app_init ] --START--
INFO: Run Behavior\BuildLiteBehavior [ RunTime:0.000013s ]
INFO: [ app_init ] --END-- [ RunTime:0.000093s ]
ERR: 无法加载模块:Public

[ 2016-08-28T11:20:36+08:00 ] 111.161.57.49 /tp/Public//images/ehaier-icon.png
INFO: [ app_init ] --START--
INFO: Run Behavior\BuildLiteBehavior [ RunTime:0.000014s ]
INFO: [ app_init ] --END-- [ RunTime:0.000085s ]
ERR: 无法加载模块:Public

[ 2016-08-28T11:21:26+08:00 ] 111.161.57.49 /tp/Public//images/ehaier-icon.png
INFO: [ app_init ] --START--
INFO: Run Behavior\BuildLiteBehavior [ RunTime:0.000015s ]
INFO: [ app_init ] --END-- [ RunTime:0.000092s ]
ERR: 无法加载模块:Public

[ 2016-08-28T11:23:04+08:00 ] 111.161.57.49 /tp/Public//images/ehaier-icon.png
INFO: [ app_init ] --START--
INFO: Run Behavior\BuildLiteBehavior [ RunTime:0.000014s ]
INFO: [ app_init ] --END-- [ RunTime:0.000093s ]
ERR: 无法加载模块:Public

[ 2016-08-28T11:24:04+08:00 ] 111.161.57.49 /tp/Public//images/ehaier-icon.png
INFO: [ app_init ] --START--
INFO: Run Behavior\BuildLiteBehavior [ RunTime:0.000014s ]
INFO: [ app_init ] --END-- [ RunTime:0.000088s ]
ERR: 无法加载模块:Public

[ 2016-08-28T11:24:31+08:00 ] 111.161.57.49 /tp/Public//images/ehaier-icon.png
INFO: [ app_init ] --START--
INFO: Run Behavior\BuildLiteBehavior [ RunTime:0.000014s ]
INFO: [ app_init ] --END-- [ RunTime:0.000086s ]
ERR: 无法加载模块:Public

[ 2016-08-28T11:26:19+08:00 ] 111.161.57.49 /tp/Public//images/ehaier-icon.png
INFO: [ app_init ] --START--
INFO: Run Behavior\BuildLiteBehavior [ RunTime:0.000014s ]
INFO: [ app_init ] --END-- [ RunTime:0.000088s ]
ERR: 无法加载模块:Public

[ 2016-08-28T11:31:27+08:00 ] 111.161.57.49 /tp/Public//images/ehaier-icon.png
INFO: [ app_init ] --START--
INFO: Run Behavior\BuildLiteBehavior [ RunTime:0.000014s ]
INFO: [ app_init ] --END-- [ RunTime:0.000087s ]
ERR: 无法加载模块:Public

[ 2016-08-28T11:41:43+08:00 ] 111.161.57.49 /tp/Public//images/ehaier-icon.png
INFO: [ app_init ] --START--
INFO: Run Behavior\BuildLiteBehavior [ RunTime:0.000016s ]
INFO: [ app_init ] --END-- [ RunTime:0.000102s ]
ERR: 无法加载模块:Public

[ 2016-08-28T11:41:49+08:00 ] 111.161.57.49 /tp/Public//tp/PublicScripts/mediav.js
INFO: [ app_init ] --START--
INFO: Run Behavior\BuildLiteBehavior [ RunTime:0.000013s ]
INFO: [ app_init ] --END-- [ RunTime:0.000086s ]
ERR: 无法加载模块:Public

[ 2016-08-28T11:41:51+08:00 ] 111.161.57.49 /tp/Public//images/ehaier-icon.png
INFO: [ app_init ] --START--
INFO: Run Behavior\BuildLiteBehavior [ RunTime:0.000014s ]
INFO: [ app_init ] --END-- [ RunTime:0.000093s ]
ERR: 无法加载模块:Public

[ 2016-08-28T11:42:49+08:00 ] 111.161.57.49 /tp/Public//mobile/member/toMemberLogin.html
INFO: [ app_init ] --START--
INFO: Run Behavior\BuildLiteBehavior [ RunTime:0.000014s ]
INFO: [ app_init ] --END-- [ RunTime:0.000093s ]
ERR: 无法加载模块:Public

[ 2016-08-28T11:42:56+08:00 ] 111.161.57.49 /tp/Public/javascript:void(0);
INFO: [ app_init ] --START--
INFO: Run Behavior\BuildLiteBehavior [ RunTime:0.000014s ]
INFO: [ app_init ] --END-- [ RunTime:0.000092s ]
ERR: 无法加载模块:Public

[ 2016-08-28T11:45:49+08:00 ] 101.226.33.204 /tp/Public//mobile/member/toMemberLogin.html
INFO: [ app_init ] --START--
INFO: Run Behavior\BuildLiteBehavior [ RunTime:0.000013s ]
INFO: [ app_init ] --END-- [ RunTime:0.000091s ]
ERR: 无法加载模块:Public

[ 2016-08-28T12:04:00+08:00 ] 111.161.57.49 /tp/Public//images/ehaier-icon.png
INFO: [ app_init ] --START--
INFO: Run Behavior\BuildLiteBehavior [ RunTime:0.000014s ]
INFO: [ app_init ] --END-- [ RunTime:0.000087s ]
ERR: 无法加载模块:Public

[ 2016-08-28T12:06:31+08:00 ] 125.223.2.49 /tp/Public//tp/PublicScripts/mediav.js
INFO: [ app_init ] --START--
INFO: Run Behavior\BuildLiteBehavior [ RunTime:0.000014s ]
INFO: [ app_init ] --END-- [ RunTime:0.000087s ]
ERR: 无法加载模块:Public

[ 2016-08-28T12:11:29+08:00 ] 125.223.2.49 /tp/Public//tp/PublicScripts/mediav.js
INFO: [ app_init ] --START--
INFO: Run Behavior\BuildLiteBehavior [ RunTime:0.000016s ]
INFO: [ app_init ] --END-- [ RunTime:0.000189s ]
ERR: 无法加载模块:Public

[ 2016-08-28T13:10:43+08:00 ] 125.223.2.49 /tp/Public//tp/PublicScripts/mediav.js
INFO: [ app_init ] --START--
INFO: Run Behavior\BuildLiteBehavior [ RunTime:0.000015s ]
INFO: [ app_init ] --END-- [ RunTime:0.000099s ]
ERR: 无法加载模块:Public

[ 2016-08-28T13:15:04+08:00 ] 125.223.2.49 /tp/Public//tp/PublicScripts/mediav.js
INFO: [ app_init ] --START--
INFO: Run Behavior\BuildLiteBehavior [ RunTime:0.000013s ]
INFO: [ app_init ] --END-- [ RunTime:0.000098s ]
ERR: 无法加载模块:Public

[ 2016-08-28T14:43:06+08:00 ] 111.161.57.49 /tp/Public//tp/PublicScripts/mediav.js
INFO: [ app_init ] --START--
INFO: Run Behavior\BuildLiteBehavior [ RunTime:0.000013s ]
INFO: [ app_init ] --END-- [ RunTime:0.000087s ]
ERR: 无法加载模块:Public

[ 2016-08-28T14:43:08+08:00 ] 111.161.57.49 /tp/Public//images/ehaier-icon.png
INFO: [ app_init ] --START--
INFO: Run Behavior\BuildLiteBehavior [ RunTime:0.000014s ]
INFO: [ app_init ] --END-- [ RunTime:0.000093s ]
ERR: 无法加载模块:Public

[ 2016-08-28T14:43:14+08:00 ] 111.161.57.49 /tp/Public/js/bootstrap.min.js
INFO: [ app_init ] --START--
INFO: Run Behavior\BuildLiteBehavior [ RunTime:0.000013s ]
INFO: [ app_init ] --END-- [ RunTime:0.000087s ]
ERR: 无法加载模块:Public

[ 2016-08-28T14:43:40+08:00 ] 111.161.57.49 /tp/Public/js/bootstrap.min.js
INFO: [ app_init ] --START--
INFO: Run Behavior\BuildLiteBehavior [ RunTime:0.000014s ]
INFO: [ app_init ] --END-- [ RunTime:0.000086s ]
ERR: 无法加载模块:Public

[ 2016-08-28T14:43:41+08:00 ] 111.161.57.49 /tp/Public/js/bootstrap.min.js
INFO: [ app_init ] --START--
INFO: Run Behavior\BuildLiteBehavior [ RunTime:0.000013s ]
INFO: [ app_init ] --END-- [ RunTime:0.000085s ]
ERR: 无法加载模块:Public

[ 2016-08-28T14:43:46+08:00 ] 111.161.57.49 /tp/Public/js/bootstrap.min.js
INFO: [ app_init ] --START--
INFO: Run Behavior\BuildLiteBehavior [ RunTime:0.000015s ]
INFO: [ app_init ] --END-- [ RunTime:0.000126s ]
ERR: 无法加载模块:Public

[ 2016-08-28T14:43:48+08:00 ] 111.161.57.49 /tp/Public/js/bootstrap.min.js
INFO: [ app_init ] --START--
INFO: Run Behavior\BuildLiteBehavior [ RunTime:0.000015s ]
INFO: [ app_init ] --END-- [ RunTime:0.000089s ]
ERR: 无法加载模块:Public

[ 2016-08-28T14:44:23+08:00 ] 111.161.57.49 /tp/Public/js/bootstrap.min.js
INFO: [ app_init ] --START--
INFO: Run Behavior\BuildLiteBehavior [ RunTime:0.000014s ]
INFO: [ app_init ] --END-- [ RunTime:0.000093s ]
ERR: 无法加载模块:Public

[ 2016-08-28T14:44:24+08:00 ] 111.161.57.49 /tp/Public/js/bootstrap.min.js
INFO: [ app_init ] --START--
INFO: Run Behavior\BuildLiteBehavior [ RunTime:0.000013s ]
INFO: [ app_init ] --END-- [ RunTime:0.000088s ]
ERR: 无法加载模块:Public

[ 2016-08-28T14:44:41+08:00 ] 111.161.57.49 /tp/Public//tp/PublicScripts/mediav.js
INFO: [ app_init ] --START--
INFO: Run Behavior\BuildLiteBehavior [ RunTime:0.000014s ]
INFO: [ app_init ] --END-- [ RunTime:0.000086s ]
ERR: 无法加载模块:Public

[ 2016-08-28T14:44:43+08:00 ] 111.161.57.49 /tp/Public//images/ehaier-icon.png
INFO: [ app_init ] --START--
INFO: Run Behavior\BuildLiteBehavior [ RunTime:0.000021s ]
INFO: [ app_init ] --END-- [ RunTime:0.000162s ]
ERR: 无法加载模块:Public

[ 2016-08-28T14:49:59+08:00 ] 125.223.2.49 /tp/Public//tp/PublicScripts/mediav.js
INFO: [ app_init ] --START--
INFO: Run Behavior\BuildLiteBehavior [ RunTime:0.000014s ]
INFO: [ app_init ] --END-- [ RunTime:0.000088s ]
ERR: 无法加载模块:Public

[ 2016-08-28T14:50:05+08:00 ] 125.223.2.49 /tp/Public//images/ehaier-icon.png
INFO: [ app_init ] --START--
INFO: Run Behavior\BuildLiteBehavior [ RunTime:0.000015s ]
INFO: [ app_init ] --END-- [ RunTime:0.000094s ]
ERR: 无法加载模块:Public

[ 2016-08-28T14:50:43+08:00 ] 125.223.2.49 /tp/Public//tp/PublicScripts/mediav.js
INFO: [ app_init ] --START--
INFO: Run Behavior\BuildLiteBehavior [ RunTime:0.000014s ]
INFO: [ app_init ] --END-- [ RunTime:0.000091s ]
ERR: 无法加载模块:Public

[ 2016-08-28T14:50:51+08:00 ] 111.161.57.49 /tp/Public//tp/PublicScripts/mediav.js
INFO: [ app_init ] --START--
INFO: Run Behavior\BuildLiteBehavior [ RunTime:0.000013s ]
INFO: [ app_init ] --END-- [ RunTime:0.000087s ]
ERR: 无法加载模块:Public

[ 2016-08-28T14:50:53+08:00 ] 111.161.57.49 /tp/Public//images/ehaier-icon.png
INFO: [ app_init ] --START--
INFO: Run Behavior\BuildLiteBehavior [ RunTime:0.000014s ]
INFO: [ app_init ] --END-- [ RunTime:0.000097s ]
ERR: 无法加载模块:Public

[ 2016-08-28T14:52:15+08:00 ] 111.161.57.49 /tp/Public/js/bootstrap.min.js
INFO: [ app_init ] --START--
INFO: Run Behavior\BuildLiteBehavior [ RunTime:0.000012s ]
INFO: [ app_init ] --END-- [ RunTime:0.000084s ]
ERR: 无法加载模块:Public

[ 2016-08-28T14:52:33+08:00 ] 111.161.57.49 /tp/Public/js/bootstrap.min.js
INFO: [ app_init ] --START--
INFO: Run Behavior\BuildLiteBehavior [ RunTime:0.000013s ]
INFO: [ app_init ] --END-- [ RunTime:0.000084s ]
ERR: 无法加载模块:Public

[ 2016-08-28T14:52:34+08:00 ] 111.161.57.49 /tp/Public/js/bootstrap.min.js
INFO: [ app_init ] --START--
INFO: Run Behavior\BuildLiteBehavior [ RunTime:0.000014s ]
INFO: [ app_init ] --END-- [ RunTime:0.000087s ]
ERR: 无法加载模块:Public

[ 2016-08-28T14:53:12+08:00 ] 111.161.57.49 /tp/Public/js/bootstrap.min.js
INFO: [ app_init ] --START--
INFO: Run Behavior\BuildLiteBehavior [ RunTime:0.000013s ]
INFO: [ app_init ] --END-- [ RunTime:0.000086s ]
ERR: 无法加载模块:Public

[ 2016-08-28T14:53:14+08:00 ] 111.30.137.184 /tp/Public/js/bootstrap.min.js
INFO: [ app_init ] --START--
INFO: Run Behavior\BuildLiteBehavior [ RunTime:0.000013s ]
INFO: [ app_init ] --END-- [ RunTime:0.000088s ]
ERR: 无法加载模块:Public

[ 2016-08-28T14:54:26+08:00 ] 111.161.57.49 /tp/Public/js/bootstrap.min.js
INFO: [ app_init ] --START--
INFO: Run Behavior\BuildLiteBehavior [ RunTime:0.000014s ]
INFO: [ app_init ] --END-- [ RunTime:0.000088s ]
ERR: 无法加载模块:Public

[ 2016-08-28T14:54:40+08:00 ] 111.30.137.184 /tp/Public/js/bootstrap.min.js
INFO: [ app_init ] --START--
INFO: Run Behavior\BuildLiteBehavior [ RunTime:0.000013s ]
INFO: [ app_init ] --END-- [ RunTime:0.000086s ]
ERR: 无法加载模块:Public

[ 2016-08-28T14:54:41+08:00 ] 111.30.137.184 /tp/Public/js/bootstrap.min.js
INFO: [ app_init ] --START--
INFO: Run Behavior\BuildLiteBehavior [ RunTime:0.000014s ]
INFO: [ app_init ] --END-- [ RunTime:0.000086s ]
ERR: 无法加载模块:Public

[ 2016-08-28T14:54:46+08:00 ] 111.161.57.49 /tp/Public//tp/PublicScripts/mediav.js
INFO: [ app_init ] --START--
INFO: Run Behavior\BuildLiteBehavior [ RunTime:0.000014s ]
INFO: [ app_init ] --END-- [ RunTime:0.000088s ]
ERR: 无法加载模块:Public

[ 2016-08-28T14:54:48+08:00 ] 111.161.57.49 /tp/Public//images/ehaier-icon.png
INFO: [ app_init ] --START--
INFO: Run Behavior\BuildLiteBehavior [ RunTime:0.000014s ]
INFO: [ app_init ] --END-- [ RunTime:0.000106s ]
ERR: 无法加载模块:Public

[ 2016-08-28T14:57:31+08:00 ] 111.161.57.49 /tp/Public//tp/PublicScripts/mediav.js
INFO: [ app_init ] --START--
INFO: Run Behavior\BuildLiteBehavior [ RunTime:0.000014s ]
INFO: [ app_init ] --END-- [ RunTime:0.000086s ]
ERR: 无法加载模块:Public

[ 2016-08-28T14:57:33+08:00 ] 111.161.57.49 /tp/Public//images/ehaier-icon.png
INFO: [ app_init ] --START--
INFO: Run Behavior\BuildLiteBehavior [ RunTime:0.000013s ]
INFO: [ app_init ] --END-- [ RunTime:0.000091s ]
ERR: 无法加载模块:Public

[ 2016-08-28T14:57:54+08:00 ] 1.191.135.84 /tp/Public//tp/PublicScripts/mediav.js
INFO: [ app_init ] --START--
INFO: Run Behavior\BuildLiteBehavior [ RunTime:0.000015s ]
INFO: [ app_init ] --END-- [ RunTime:0.000089s ]
ERR: 无法加载模块:Public

[ 2016-08-28T14:58:06+08:00 ] 1.191.135.84 /tp/Public/javascript:void(0);
INFO: [ app_init ] --START--
INFO: Run Behavior\BuildLiteBehavior [ RunTime:0.000013s ]
INFO: [ app_init ] --END-- [ RunTime:0.000092s ]
ERR: 无法加载模块:Public

[ 2016-08-28T14:58:14+08:00 ] 1.191.135.84 /tp/Public//tp/PublicScripts/mediav.js
INFO: [ app_init ] --START--
INFO: Run Behavior\BuildLiteBehavior [ RunTime:0.000014s ]
INFO: [ app_init ] --END-- [ RunTime:0.000086s ]
ERR: 无法加载模块:Public

[ 2016-08-28T15:01:04+08:00 ] 1.191.135.84 /tp/Public//tp/PublicScripts/mediav.js
INFO: [ app_init ] --START--
INFO: Run Behavior\BuildLiteBehavior [ RunTime:0.000014s ]
INFO: [ app_init ] --END-- [ RunTime:0.000086s ]
ERR: 无法加载模块:Public

[ 2016-08-28T15:01:08+08:00 ] 1.191.135.84 /tp/Public/javascript:void(0);
INFO: [ app_init ] --START--
INFO: Run Behavior\BuildLiteBehavior [ RunTime:0.000013s ]
INFO: [ app_init ] --END-- [ RunTime:0.000092s ]
ERR: 无法加载模块:Public

[ 2016-08-28T15:01:19+08:00 ] 1.191.135.84 /tp/Public//tp/PublicScripts/mediav.js
INFO: [ app_init ] --START--
INFO: Run Behavior\BuildLiteBehavior [ RunTime:0.000014s ]
INFO: [ app_init ] --END-- [ RunTime:0.000087s ]
ERR: 无法加载模块:Public

[ 2016-08-28T15:01:22+08:00 ] 1.191.135.84 /tp/Public/javascript:void(0);
INFO: [ app_init ] --START--
INFO: Run Behavior\BuildLiteBehavior [ RunTime:0.000015s ]
INFO: [ app_init ] --END-- [ RunTime:0.000093s ]
ERR: 无法加载模块:Public

[ 2016-08-28T15:01:27+08:00 ] 1.191.135.84 /tp/Public//tp/PublicScripts/mediav.js
INFO: [ app_init ] --START--
INFO: Run Behavior\BuildLiteBehavior [ RunTime:0.000015s ]
INFO: [ app_init ] --END-- [ RunTime:0.000090s ]
ERR: 无法加载模块:Public

[ 2016-08-28T15:01:30+08:00 ] 1.191.135.84 /tp/Public/javascript:void(0);
INFO: [ app_init ] --START--
INFO: Run Behavior\BuildLiteBehavior [ RunTime:0.000014s ]
INFO: [ app_init ] --END-- [ RunTime:0.000093s ]
ERR: 无法加载模块:Public

[ 2016-08-28T15:01:34+08:00 ] 1.191.135.84 /tp/Public//tp/PublicScripts/mediav.js
INFO: [ app_init ] --START--
INFO: Run Behavior\BuildLiteBehavior [ RunTime:0.000013s ]
INFO: [ app_init ] --END-- [ RunTime:0.000087s ]
ERR: 无法加载模块:Public

[ 2016-08-28T15:01:56+08:00 ] 1.191.135.84 /tp/Public//mobile/item/productIntroduction/12161.html
INFO: [ app_init ] --START--
INFO: Run Behavior\BuildLiteBehavior [ RunTime:0.000014s ]
INFO: [ app_init ] --END-- [ RunTime:0.000091s ]
ERR: 无法加载模块:Public

[ 2016-08-28T15:03:08+08:00 ] 1.191.135.84 /tp/Public//tp/PublicScripts/mediav.js
INFO: [ app_init ] --START--
INFO: Run Behavior\BuildLiteBehavior [ RunTime:0.000014s ]
INFO: [ app_init ] --END-- [ RunTime:0.000088s ]
ERR: 无法加载模块:Public

[ 2016-08-28T15:04:43+08:00 ] 1.191.135.84 /tp/Public//tp/PublicScripts/mediav.js
INFO: [ app_init ] --START--
INFO: Run Behavior\BuildLiteBehavior [ RunTime:0.000014s ]
INFO: [ app_init ] --END-- [ RunTime:0.000088s ]
ERR: 无法加载模块:Public

[ 2016-08-28T15:17:19+08:00 ] 123.151.42.48 /tp/Public//tp/PublicScripts/mediav.js
INFO: [ app_init ] --START--
INFO: Run Behavior\BuildLiteBehavior [ RunTime:0.000014s ]
INFO: [ app_init ] --END-- [ RunTime:0.000095s ]
ERR: 无法加载模块:Public

[ 2016-08-28T15:17:26+08:00 ] 123.151.42.48 /tp/Public//images/ehaier-icon.png
INFO: [ app_init ] --START--
INFO: Run Behavior\BuildLiteBehavior [ RunTime:0.000014s ]
INFO: [ app_init ] --END-- [ RunTime:0.000095s ]
ERR: 无法加载模块:Public

[ 2016-08-28T15:20:53+08:00 ] 111.161.57.49 /tp/Public//tp/PublicScripts/mediav.js
INFO: [ app_init ] --START--
INFO: Run Behavior\BuildLiteBehavior [ RunTime:0.000013s ]
INFO: [ app_init ] --END-- [ RunTime:0.000087s ]
ERR: 无法加载模块:Public

[ 2016-08-28T15:20:55+08:00 ] 111.161.57.49 /tp/Public//images/ehaier-icon.png
INFO: [ app_init ] --START--
INFO: Run Behavior\BuildLiteBehavior [ RunTime:0.000014s ]
INFO: [ app_init ] --END-- [ RunTime:0.000093s ]
ERR: 无法加载模块:Public

[ 2016-08-28T15:21:24+08:00 ] 125.39.57.39 /tp/Public/js/bootstrap.min.js
INFO: [ app_init ] --START--
INFO: Run Behavior\BuildLiteBehavior [ RunTime:0.000025s ]
INFO: [ app_init ] --END-- [ RunTime:0.000100s ]
ERR: 无法加载模块:Public

[ 2016-08-28T15:21:25+08:00 ] 111.161.57.49 /tp/Public/js/bootstrap.min.js
INFO: [ app_init ] --START--
INFO: Run Behavior\BuildLiteBehavior [ RunTime:0.000025s ]
INFO: [ app_init ] --END-- [ RunTime:0.000169s ]
ERR: 无法加载模块:Public

[ 2016-08-28T15:21:29+08:00 ] 111.30.137.184 /tp/Public/js/bootstrap.min.js
INFO: [ app_init ] --START--
INFO: Run Behavior\BuildLiteBehavior [ RunTime:0.000019s ]
INFO: [ app_init ] --END-- [ RunTime:0.000135s ]
ERR: 无法加载模块:Public

[ 2016-08-28T15:21:31+08:00 ] 111.30.137.184 /tp/Public/js/bootstrap.min.js
INFO: [ app_init ] --START--
INFO: Run Behavior\BuildLiteBehavior [ RunTime:0.000013s ]
INFO: [ app_init ] --END-- [ RunTime:0.000091s ]
ERR: 无法加载模块:Public

[ 2016-08-28T15:21:33+08:00 ] 111.161.57.49 /tp/Public/js/bootstrap.min.js
INFO: [ app_init ] --START--
INFO: Run Behavior\BuildLiteBehavior [ RunTime:0.000014s ]
INFO: [ app_init ] --END-- [ RunTime:0.000088s ]
ERR: 无法加载模块:Public

[ 2016-08-28T15:21:37+08:00 ] 111.30.137.184 /tp/Public/js/bootstrap.min.js
INFO: [ app_init ] --START--
INFO: Run Behavior\BuildLiteBehavior [ RunTime:0.000014s ]
INFO: [ app_init ] --END-- [ RunTime:0.000087s ]
ERR: 无法加载模块:Public

[ 2016-08-28T15:22:04+08:00 ] 111.161.57.49 /tp/Public/js/bootstrap.min.js
INFO: [ app_init ] --START--
INFO: Run Behavior\BuildLiteBehavior [ RunTime:0.000014s ]
INFO: [ app_init ] --END-- [ RunTime:0.000087s ]
ERR: 无法加载模块:Public

[ 2016-08-28T15:22:06+08:00 ] 111.161.57.49 /tp/Public/js/bootstrap.min.js
INFO: [ app_init ] --START--
INFO: Run Behavior\BuildLiteBehavior [ RunTime:0.000013s ]
INFO: [ app_init ] --END-- [ RunTime:0.000087s ]
ERR: 无法加载模块:Public

[ 2016-08-28T15:22:13+08:00 ] 125.39.57.39 /tp/Public//tp/PublicScripts/mediav.js
INFO: [ app_init ] --START--
INFO: Run Behavior\BuildLiteBehavior [ RunTime:0.000014s ]
INFO: [ app_init ] --END-- [ RunTime:0.000091s ]
ERR: 无法加载模块:Public

[ 2016-08-28T15:22:16+08:00 ] 111.161.57.49 /tp/Public//images/ehaier-icon.png
INFO: [ app_init ] --START--
INFO: Run Behavior\BuildLiteBehavior [ RunTime:0.000014s ]
INFO: [ app_init ] --END-- [ RunTime:0.000093s ]
ERR: 无法加载模块:Public

[ 2016-08-28T15:23:06+08:00 ] 123.151.42.48 /tp/Public//tp/PublicScripts/mediav.js
INFO: [ app_init ] --START--
INFO: Run Behavior\BuildLiteBehavior [ RunTime:0.000014s ]
INFO: [ app_init ] --END-- [ RunTime:0.000100s ]
ERR: 无法加载模块:Public

[ 2016-08-28T15:27:42+08:00 ] 111.161.57.49 /tp/Public//tp/PublicScripts/mediav.js
INFO: [ app_init ] --START--
INFO: Run Behavior\BuildLiteBehavior [ RunTime:0.000012s ]
INFO: [ app_init ] --END-- [ RunTime:0.000087s ]
ERR: 无法加载模块:Public

[ 2016-08-28T15:27:44+08:00 ] 111.161.57.49 /tp/Public//images/ehaier-icon.png
INFO: [ app_init ] --START--
INFO: Run Behavior\BuildLiteBehavior [ RunTime:0.000013s ]
INFO: [ app_init ] --END-- [ RunTime:0.000087s ]
ERR: 无法加载模块:Public

[ 2016-08-28T15:27:56+08:00 ] 123.151.152.151 /tp/Public//tp/PublicScripts/mediav.js
INFO: [ app_init ] --START--
INFO: Run Behavior\BuildLiteBehavior [ RunTime:0.000015s ]
INFO: [ app_init ] --END-- [ RunTime:0.000093s ]
ERR: 无法加载模块:Public

[ 2016-08-28T15:28:03+08:00 ] 111.161.105.17 /tp/Public//images/ehaier-icon.png
INFO: [ app_init ] --START--
INFO: Run Behavior\BuildLiteBehavior [ RunTime:0.000014s ]
INFO: [ app_init ] --END-- [ RunTime:0.000093s ]
ERR: 无法加载模块:Public

[ 2016-08-28T15:28:38+08:00 ] 180.153.81.159 /tp/Public//tp/PublicScripts/mediav.js
INFO: [ app_init ] --START--
INFO: Run Behavior\BuildLiteBehavior [ RunTime:0.000022s ]
INFO: [ app_init ] --END-- [ RunTime:0.000174s ]
ERR: 无法加载模块:Public

[ 2016-08-28T15:28:40+08:00 ] 1.191.135.84 /tp/Public//tp/PublicScripts/mediav.js
INFO: [ app_init ] --START--
INFO: Run Behavior\BuildLiteBehavior [ RunTime:0.000018s ]
INFO: [ app_init ] --END-- [ RunTime:0.000130s ]
ERR: 无法加载模块:Public

[ 2016-08-28T15:28:46+08:00 ] 180.153.81.159 /tp/Public//images/ehaier-icon.png
INFO: [ app_init ] --START--
INFO: Run Behavior\BuildLiteBehavior [ RunTime:0.000013s ]
INFO: [ app_init ] --END-- [ RunTime:0.000085s ]
ERR: 无法加载模块:Public

[ 2016-08-28T15:28:46+08:00 ] 111.161.57.49 /tp/Public//tp/PublicScripts/mediav.js
INFO: [ app_init ] --START--
INFO: Run Behavior\BuildLiteBehavior [ RunTime:0.000017s ]
INFO: [ app_init ] --END-- [ RunTime:0.000129s ]
ERR: 无法加载模块:Public

[ 2016-08-28T15:29:09+08:00 ] 111.161.57.49 /tp/Public/js/bootstrap.min.js
INFO: [ app_init ] --START--
INFO: Run Behavior\BuildLiteBehavior [ RunTime:0.000013s ]
INFO: [ app_init ] --END-- [ RunTime:0.000086s ]
ERR: 无法加载模块:Public

[ 2016-08-28T15:29:12+08:00 ] 180.153.81.159 /tp/Public//tp/PublicScripts/mediav.js
INFO: [ app_init ] --START--
INFO: Run Behavior\BuildLiteBehavior [ RunTime:0.000015s ]
INFO: [ app_init ] --END-- [ RunTime:0.000104s ]
ERR: 无法加载模块:Public

[ 2016-08-28T15:29:14+08:00 ] 180.153.81.159 /tp/Public//images/ehaier-icon.png
INFO: [ app_init ] --START--
INFO: Run Behavior\BuildLiteBehavior [ RunTime:0.000018s ]
INFO: [ app_init ] --END-- [ RunTime:0.000184s ]
ERR: 无法加载模块:Public

[ 2016-08-28T15:29:31+08:00 ] 111.161.57.49 /tp/Public/js/bootstrap.min.js
INFO: [ app_init ] --START--
INFO: Run Behavior\BuildLiteBehavior [ RunTime:0.000013s ]
INFO: [ app_init ] --END-- [ RunTime:0.000086s ]
ERR: 无法加载模块:Public

[ 2016-08-28T15:29:33+08:00 ] 111.161.57.49 /tp/Public/js/bootstrap.min.js
INFO: [ app_init ] --START--
INFO: Run Behavior\BuildLiteBehavior [ RunTime:0.000014s ]
INFO: [ app_init ] --END-- [ RunTime:0.000086s ]
ERR: 无法加载模块:Public

[ 2016-08-28T15:29:42+08:00 ] 111.161.57.49 /tp/Public//tp/PublicScripts/mediav.js
INFO: [ app_init ] --START--
INFO: Run Behavior\BuildLiteBehavior [ RunTime:0.000014s ]
INFO: [ app_init ] --END-- [ RunTime:0.000095s ]
ERR: 无法加载模块:Public

[ 2016-08-28T15:29:44+08:00 ] 111.161.57.49 /tp/Public//images/ehaier-icon.png
INFO: [ app_init ] --START--
INFO: Run Behavior\BuildLiteBehavior [ RunTime:0.000014s ]
INFO: [ app_init ] --END-- [ RunTime:0.000092s ]
ERR: 无法加载模块:Public

[ 2016-08-28T15:32:13+08:00 ] 1.191.135.84 /tp/Public//tp/PublicScripts/mediav.js
INFO: [ app_init ] --START--
INFO: Run Behavior\BuildLiteBehavior [ RunTime:0.000013s ]
INFO: [ app_init ] --END-- [ RunTime:0.000087s ]
ERR: 无法加载模块:Public

[ 2016-08-28T15:32:39+08:00 ] 123.151.42.48 /tp/Public//tp/PublicScripts/mediav.js
INFO: [ app_init ] --START--
INFO: Run Behavior\BuildLiteBehavior [ RunTime:0.000014s ]
INFO: [ app_init ] --END-- [ RunTime:0.000086s ]
ERR: 无法加载模块:Public

[ 2016-08-28T15:32:47+08:00 ] 123.151.42.48 /tp/Public//images/ehaier-icon.png
INFO: [ app_init ] --START--
INFO: Run Behavior\BuildLiteBehavior [ RunTime:0.000013s ]
INFO: [ app_init ] --END-- [ RunTime:0.000104s ]
ERR: 无法加载模块:Public

[ 2016-08-28T15:34:40+08:00 ] 123.151.42.57 /tp/Public//tp/PublicScripts/mediav.js
INFO: [ app_init ] --START--
INFO: Run Behavior\BuildLiteBehavior [ RunTime:0.000014s ]
INFO: [ app_init ] --END-- [ RunTime:0.000092s ]
ERR: 无法加载模块:Public

[ 2016-08-28T15:34:51+08:00 ] 111.161.52.234 /tp/Public//images/ehaier-icon.png
INFO: [ app_init ] --START--
INFO: Run Behavior\BuildLiteBehavior [ RunTime:0.000014s ]
INFO: [ app_init ] --END-- [ RunTime:0.000091s ]
ERR: 无法加载模块:Public

[ 2016-08-28T15:35:10+08:00 ] 123.151.42.57 /tp/Public/javascript:void(0);
INFO: [ app_init ] --START--
INFO: Run Behavior\BuildLiteBehavior [ RunTime:0.000013s ]
INFO: [ app_init ] --END-- [ RunTime:0.000090s ]
ERR: 无法加载模块:Public

[ 2016-08-28T15:37:06+08:00 ] 1.58.78.104 /tp/Public//tp/PublicScripts/mediav.js
INFO: [ app_init ] --START--
INFO: Run Behavior\BuildLiteBehavior [ RunTime:0.000014s ]
INFO: [ app_init ] --END-- [ RunTime:0.000086s ]
ERR: 无法加载模块:Public

[ 2016-08-28T15:37:26+08:00 ] 1.58.78.104 /tp/Public//tp/PublicScripts/mediav.js
INFO: [ app_init ] --START--
INFO: Run Behavior\BuildLiteBehavior [ RunTime:0.000013s ]
INFO: [ app_init ] --END-- [ RunTime:0.000086s ]
ERR: 无法加载模块:Public

[ 2016-08-28T15:38:07+08:00 ] 1.190.146.35 /tp/Public//tp/PublicScripts/mediav.js
INFO: [ app_init ] --START--
INFO: Run Behavior\BuildLiteBehavior [ RunTime:0.000014s ]
INFO: [ app_init ] --END-- [ RunTime:0.000091s ]
ERR: 无法加载模块:Public

[ 2016-08-28T15:39:12+08:00 ] 180.255.250.154 /tp/Public//tp/PublicScripts/mediav.js
INFO: [ app_init ] --START--
INFO: Run Behavior\BuildLiteBehavior [ RunTime:0.000020s ]
INFO: [ app_init ] --END-- [ RunTime:0.000123s ]
ERR: 无法加载模块:Public

[ 2016-08-28T15:39:27+08:00 ] 180.255.250.154 /tp/Public//images/ehaier-icon.png
INFO: [ app_init ] --START--
INFO: Run Behavior\BuildLiteBehavior [ RunTime:0.000014s ]
INFO: [ app_init ] --END-- [ RunTime:0.000091s ]
ERR: 无法加载模块:Public

[ 2016-08-28T15:39:27+08:00 ] 180.255.250.154 /tp/Public//images/ehaier-icon.png
INFO: [ app_init ] --START--
INFO: Run Behavior\BuildLiteBehavior [ RunTime:0.000014s ]
INFO: [ app_init ] --END-- [ RunTime:0.000087s ]
ERR: 无法加载模块:Public

[ 2016-08-28T15:40:57+08:00 ] 42.102.157.15 /tp/Public//tp/PublicScripts/mediav.js
INFO: [ app_init ] --START--
INFO: Run Behavior\BuildLiteBehavior [ RunTime:0.000013s ]
INFO: [ app_init ] --END-- [ RunTime:0.000086s ]
ERR: 无法加载模块:Public

[ 2016-08-28T15:42:08+08:00 ] 125.211.154.45 /tp/Public//tp/PublicScripts/mediav.js
INFO: [ app_init ] --START--
INFO: Run Behavior\BuildLiteBehavior [ RunTime:0.000018s ]
INFO: [ app_init ] --END-- [ RunTime:0.000132s ]
ERR: 无法加载模块:Public

[ 2016-08-28T15:42:19+08:00 ] 125.211.154.45 /tp/Public//images/ehaier-icon.png
INFO: [ app_init ] --START--
INFO: Run Behavior\BuildLiteBehavior [ RunTime:0.000014s ]
INFO: [ app_init ] --END-- [ RunTime:0.000092s ]
ERR: 无法加载模块:Public

[ 2016-08-28T15:44:11+08:00 ] 111.197.6.12 /tp/Public//tp/PublicScripts/mediav.js
INFO: [ app_init ] --START--
INFO: Run Behavior\BuildLiteBehavior [ RunTime:0.000014s ]
INFO: [ app_init ] --END-- [ RunTime:0.000089s ]
ERR: 无法加载模块:Public

[ 2016-08-28T15:44:45+08:00 ] 111.197.6.12 /tp/Public//mobile/member/toMemberLogin.html
INFO: [ app_init ] --START--
INFO: Run Behavior\BuildLiteBehavior [ RunTime:0.000014s ]
INFO: [ app_init ] --END-- [ RunTime:0.000092s ]
ERR: 无法加载模块:Public

[ 2016-08-28T15:44:49+08:00 ] 111.197.6.12 /tp/Public//tp/PublicScripts/mediav.js
INFO: [ app_init ] --START--
INFO: Run Behavior\BuildLiteBehavior [ RunTime:0.000014s ]
INFO: [ app_init ] --END-- [ RunTime:0.000085s ]
ERR: 无法加载模块:Public

[ 2016-08-28T15:45:28+08:00 ] 124.14.199.117 /tp/Public//tp/PublicScripts/mediav.js
INFO: [ app_init ] --START--
INFO: Run Behavior\BuildLiteBehavior [ RunTime:0.000014s ]
INFO: [ app_init ] --END-- [ RunTime:0.000087s ]
ERR: 无法加载模块:Public

[ 2016-08-28T15:51:40+08:00 ] 123.151.40.34 /tp/Public//tp/PublicScripts/mediav.js
INFO: [ app_init ] --START--
INFO: Run Behavior\BuildLiteBehavior [ RunTime:0.000015s ]
INFO: [ app_init ] --END-- [ RunTime:0.000088s ]
ERR: 无法加载模块:Public

[ 2016-08-28T15:51:49+08:00 ] 111.30.132.148 /tp/Public//images/ehaier-icon.png
INFO: [ app_init ] --START--
INFO: Run Behavior\BuildLiteBehavior [ RunTime:0.000014s ]
INFO: [ app_init ] --END-- [ RunTime:0.000093s ]
ERR: 无法加载模块:Public

[ 2016-08-28T15:52:39+08:00 ] 61.49.57.55 /tp/Public//tp/PublicScripts/mediav.js
INFO: [ app_init ] --START--
INFO: Run Behavior\BuildLiteBehavior [ RunTime:0.000013s ]
INFO: [ app_init ] --END-- [ RunTime:0.000087s ]
ERR: 无法加载模块:Public

[ 2016-08-28T15:59:37+08:00 ] 111.161.57.49 /tp/Public//tp/PublicScripts/mediav.js
INFO: [ app_init ] --START--
INFO: Run Behavior\BuildLiteBehavior [ RunTime:0.000019s ]
INFO: [ app_init ] --END-- [ RunTime:0.000130s ]
ERR: 无法加载模块:Public

[ 2016-08-28T15:59:40+08:00 ] 111.161.57.49 /tp/Public//images/ehaier-icon.png
INFO: [ app_init ] --START--
INFO: Run Behavior\BuildLiteBehavior [ RunTime:0.000014s ]
INFO: [ app_init ] --END-- [ RunTime:0.000092s ]
ERR: 无法加载模块:Public

[ 2016-08-28T16:00:25+08:00 ] 123.126.118.139 /tp/Public//tp/PublicScripts/mediav.js
INFO: [ app_init ] --START--
INFO: Run Behavior\BuildLiteBehavior [ RunTime:0.000023s ]
INFO: [ app_init ] --END-- [ RunTime:0.000144s ]
ERR: 无法加载模块:Public

[ 2016-08-28T16:00:46+08:00 ] 123.151.42.46 /tp/Public//images/ehaier-icon.png
INFO: [ app_init ] --START--
INFO: Run Behavior\BuildLiteBehavior [ RunTime:0.000014s ]
INFO: [ app_init ] --END-- [ RunTime:0.000091s ]
ERR: 无法加载模块:Public

[ 2016-08-28T16:01:19+08:00 ] 111.161.105.15 /tp/Public//tp/PublicScripts/mediav.js
INFO: [ app_init ] --START--
INFO: Run Behavior\BuildLiteBehavior [ RunTime:0.000014s ]
INFO: [ app_init ] --END-- [ RunTime:0.000087s ]
ERR: 无法加载模块:Public

[ 2016-08-28T16:01:27+08:00 ] 111.161.57.31 /tp/Public//images/ehaier-icon.png
INFO: [ app_init ] --START--
INFO: Run Behavior\BuildLiteBehavior [ RunTime:0.000014s ]
INFO: [ app_init ] --END-- [ RunTime:0.000106s ]
ERR: 无法加载模块:Public

[ 2016-08-28T16:01:53+08:00 ] 111.161.105.15 /tp/Public/javascript:void(0);
INFO: [ app_init ] --START--
INFO: Run Behavior\BuildLiteBehavior [ RunTime:0.000014s ]
INFO: [ app_init ] --END-- [ RunTime:0.000092s ]
ERR: 无法加载模块:Public

[ 2016-08-28T16:01:59+08:00 ] 111.161.57.31 /tp/Public//tp/PublicScripts/mediav.js
INFO: [ app_init ] --START--
INFO: Run Behavior\BuildLiteBehavior [ RunTime:0.000013s ]
INFO: [ app_init ] --END-- [ RunTime:0.000088s ]
ERR: 无法加载模块:Public

[ 2016-08-28T16:02:02+08:00 ] 111.161.105.15 /tp/Public//images/ehaier-icon.png
INFO: [ app_init ] --START--
INFO: Run Behavior\BuildLiteBehavior [ RunTime:0.000014s ]
INFO: [ app_init ] --END-- [ RunTime:0.000183s ]
ERR: 无法加载模块:Public

[ 2016-08-28T16:02:05+08:00 ] 111.161.57.31 /tp/Public/javascript:void(0);
INFO: [ app_init ] --START--
INFO: Run Behavior\BuildLiteBehavior [ RunTime:0.000014s ]
INFO: [ app_init ] --END-- [ RunTime:0.000093s ]
ERR: 无法加载模块:Public

[ 2016-08-28T16:02:13+08:00 ] 111.161.105.15 /tp/Public//tp/PublicScripts/mediav.js
INFO: [ app_init ] --START--
INFO: Run Behavior\BuildLiteBehavior [ RunTime:0.000014s ]
INFO: [ app_init ] --END-- [ RunTime:0.000088s ]
ERR: 无法加载模块:Public

[ 2016-08-28T16:02:15+08:00 ] 111.161.105.15 /tp/Public//images/ehaier-icon.png
INFO: [ app_init ] --START--
INFO: Run Behavior\BuildLiteBehavior [ RunTime:0.000016s ]
INFO: [ app_init ] --END-- [ RunTime:0.000117s ]
ERR: 无法加载模块:Public

[ 2016-08-28T16:04:37+08:00 ] 111.161.57.49 /tp/Public//tp/PublicScripts/mediav.js
INFO: [ app_init ] --START--
INFO: Run Behavior\BuildLiteBehavior [ RunTime:0.000013s ]
INFO: [ app_init ] --END-- [ RunTime:0.000085s ]
ERR: 无法加载模块:Public

[ 2016-08-28T16:04:39+08:00 ] 111.161.57.49 /tp/Public//images/ehaier-icon.png
INFO: [ app_init ] --START--
INFO: Run Behavior\BuildLiteBehavior [ RunTime:0.000014s ]
INFO: [ app_init ] --END-- [ RunTime:0.000096s ]
ERR: 无法加载模块:Public

[ 2016-08-28T16:07:02+08:00 ] 123.151.139.156 /tp/Public//tp/PublicScripts/mediav.js
INFO: [ app_init ] --START--
INFO: Run Behavior\BuildLiteBehavior [ RunTime:0.000013s ]
INFO: [ app_init ] --END-- [ RunTime:0.000088s ]
ERR: 无法加载模块:Public

[ 2016-08-28T16:07:10+08:00 ] 111.161.52.230 /tp/Public//images/ehaier-icon.png
INFO: [ app_init ] --START--
INFO: Run Behavior\BuildLiteBehavior [ RunTime:0.000019s ]
INFO: [ app_init ] --END-- [ RunTime:0.000143s ]
ERR: 无法加载模块:Public

[ 2016-08-28T16:25:01+08:00 ] 223.104.3.208 /tp/Public//tp/PublicScripts/mediav.js
INFO: [ app_init ] --START--
INFO: Run Behavior\BuildLiteBehavior [ RunTime:0.000014s ]
INFO: [ app_init ] --END-- [ RunTime:0.000087s ]
ERR: 无法加载模块:Public

[ 2016-08-28T16:25:11+08:00 ] 223.104.3.208 /tp/Public//images/ehaier-icon.png
INFO: [ app_init ] --START--
INFO: Run Behavior\BuildLiteBehavior [ RunTime:0.000014s ]
INFO: [ app_init ] --END-- [ RunTime:0.000089s ]
ERR: 无法加载模块:Public

[ 2016-08-28T16:25:20+08:00 ] 223.104.3.208 /tp/Public/javascript:void(0);
INFO: [ app_init ] --START--
INFO: Run Behavior\BuildLiteBehavior [ RunTime:0.000013s ]
INFO: [ app_init ] --END-- [ RunTime:0.000090s ]
ERR: 无法加载模块:Public

[ 2016-08-28T16:26:39+08:00 ] 123.151.42.48 /tp/Public//tp/PublicScripts/mediav.js
INFO: [ app_init ] --START--
INFO: Run Behavior\BuildLiteBehavior [ RunTime:0.000014s ]
INFO: [ app_init ] --END-- [ RunTime:0.000113s ]
ERR: 无法加载模块:Public

[ 2016-08-28T16:26:48+08:00 ] 123.151.42.48 /tp/Public//images/ehaier-icon.png
INFO: [ app_init ] --START--
INFO: Run Behavior\BuildLiteBehavior [ RunTime:0.000015s ]
INFO: [ app_init ] --END-- [ RunTime:0.000094s ]
ERR: 无法加载模块:Public

[ 2016-08-28T16:34:58+08:00 ] 111.40.201.20 /tp/Public//tp/PublicScripts/mediav.js
INFO: [ app_init ] --START--
INFO: Run Behavior\BuildLiteBehavior [ RunTime:0.000013s ]
INFO: [ app_init ] --END-- [ RunTime:0.000092s ]
ERR: 无法加载模块:Public

[ 2016-08-28T16:35:36+08:00 ] 111.40.201.20 /tp/Public/javascript:void(0);
INFO: [ app_init ] --START--
INFO: Run Behavior\BuildLiteBehavior [ RunTime:0.000021s ]
INFO: [ app_init ] --END-- [ RunTime:0.000112s ]
ERR: 无法加载模块:Public

[ 2016-08-28T16:36:15+08:00 ] 111.40.201.20 /tp/Public//tp/PublicScripts/mediav.js
INFO: [ app_init ] --START--
INFO: Run Behavior\BuildLiteBehavior [ RunTime:0.000014s ]
INFO: [ app_init ] --END-- [ RunTime:0.000087s ]
ERR: 无法加载模块:Public

[ 2016-08-28T16:39:29+08:00 ] 125.223.3.189 /tp/Public//tp/PublicScripts/mediav.js
INFO: [ app_init ] --START--
INFO: Run Behavior\BuildLiteBehavior [ RunTime:0.000014s ]
INFO: [ app_init ] --END-- [ RunTime:0.000087s ]
ERR: 无法加载模块:Public

[ 2016-08-28T16:40:24+08:00 ] 111.197.6.2 /tp/Public//tp/PublicScripts/mediav.js
INFO: [ app_init ] --START--
INFO: Run Behavior\BuildLiteBehavior [ RunTime:0.000014s ]
INFO: [ app_init ] --END-- [ RunTime:0.000134s ]
ERR: 无法加载模块:Public

[ 2016-08-28T16:40:49+08:00 ] 111.197.6.2 /tp/Public//mobile/common/navigate.html
INFO: [ app_init ] --START--
INFO: Run Behavior\BuildLiteBehavior [ RunTime:0.000014s ]
INFO: [ app_init ] --END-- [ RunTime:0.000093s ]
ERR: 无法加载模块:Public

[ 2016-08-28T16:40:51+08:00 ] 111.197.6.2 /tp/Public//tp/PublicScripts/mediav.js
INFO: [ app_init ] --START--
INFO: Run Behavior\BuildLiteBehavior [ RunTime:0.000014s ]
INFO: [ app_init ] --END-- [ RunTime:0.000085s ]
ERR: 无法加载模块:Public

[ 2016-08-28T16:40:55+08:00 ] 111.197.6.2 /tp/Public//mobile/common/navigate.html
INFO: [ app_init ] --START--
INFO: Run Behavior\BuildLiteBehavior [ RunTime:0.000014s ]
INFO: [ app_init ] --END-- [ RunTime:0.000092s ]
ERR: 无法加载模块:Public

[ 2016-08-28T16:40:58+08:00 ] 111.197.6.2 /tp/Public//tp/PublicScripts/mediav.js
INFO: [ app_init ] --START--
INFO: Run Behavior\BuildLiteBehavior [ RunTime:0.000015s ]
INFO: [ app_init ] --END-- [ RunTime:0.000096s ]
ERR: 无法加载模块:Public

[ 2016-08-28T16:41:00+08:00 ] 111.197.6.2 /tp/Public//mobile/cart/myCart.html
INFO: [ app_init ] --START--
INFO: Run Behavior\BuildLiteBehavior [ RunTime:0.000019s ]
INFO: [ app_init ] --END-- [ RunTime:0.000119s ]
ERR: 无法加载模块:Public

[ 2016-08-28T16:41:01+08:00 ] 111.197.6.2 /tp/Public//tp/PublicScripts/mediav.js
INFO: [ app_init ] --START--
INFO: Run Behavior\BuildLiteBehavior [ RunTime:0.000015s ]
INFO: [ app_init ] --END-- [ RunTime:0.000088s ]
ERR: 无法加载模块:Public

[ 2016-08-28T16:41:02+08:00 ] 111.197.6.2 /tp/Public/javascript:void(0);
INFO: [ app_init ] --START--
INFO: Run Behavior\BuildLiteBehavior [ RunTime:0.000013s ]
INFO: [ app_init ] --END-- [ RunTime:0.000087s ]
ERR: 无法加载模块:Public

[ 2016-08-28T16:41:03+08:00 ] 111.197.6.2 /tp/Public//tp/PublicScripts/mediav.js
INFO: [ app_init ] --START--
INFO: Run Behavior\BuildLiteBehavior [ RunTime:0.000013s ]
INFO: [ app_init ] --END-- [ RunTime:0.000087s ]
ERR: 无法加载模块:Public

[ 2016-08-28T16:43:55+08:00 ] 180.153.214.180 /tp/Public//mobile/common/navigate.html
INFO: [ app_init ] --START--
INFO: Run Behavior\BuildLiteBehavior [ RunTime:0.000020s ]
INFO: [ app_init ] --END-- [ RunTime:0.000112s ]
ERR: 无法加载模块:Public

[ 2016-08-28T16:43:59+08:00 ] 101.226.99.196 /tp/Public//mobile/cart/myCart.html
INFO: [ app_init ] --START--
INFO: Run Behavior\BuildLiteBehavior [ RunTime:0.000035s ]
INFO: [ app_init ] --END-- [ RunTime:0.000209s ]
ERR: 无法加载模块:Public

[ 2016-08-28T16:45:41+08:00 ] 111.161.61.49 /tp/Public//tp/PublicScripts/mediav.js
INFO: [ app_init ] --START--
INFO: Run Behavior\BuildLiteBehavior [ RunTime:0.000015s ]
INFO: [ app_init ] --END-- [ RunTime:0.000090s ]
ERR: 无法加载模块:Public

[ 2016-08-28T16:45:48+08:00 ] 123.151.42.46 /tp/Public//images/ehaier-icon.png
INFO: [ app_init ] --START--
INFO: Run Behavior\BuildLiteBehavior [ RunTime:0.000014s ]
INFO: [ app_init ] --END-- [ RunTime:0.000100s ]
ERR: 无法加载模块:Public

[ 2016-08-28T17:00:42+08:00 ] 111.161.57.49 /tp/Public//tp/PublicScripts/mediav.js
INFO: [ app_init ] --START--
INFO: Run Behavior\BuildLiteBehavior [ RunTime:0.000014s ]
INFO: [ app_init ] --END-- [ RunTime:0.000085s ]
ERR: 无法加载模块:Public

[ 2016-08-28T17:00:46+08:00 ] 111.161.57.49 /tp/Public//tp/PublicScripts/mediav.js
INFO: [ app_init ] --START--
INFO: Run Behavior\BuildLiteBehavior [ RunTime:0.000013s ]
INFO: [ app_init ] --END-- [ RunTime:0.000087s ]
ERR: 无法加载模块:Public

[ 2016-08-28T17:01:03+08:00 ] 125.39.57.39 /tp/Public//images/ehaier-icon.png
INFO: [ app_init ] --START--
INFO: Run Behavior\BuildLiteBehavior [ RunTime:0.000013s ]
INFO: [ app_init ] --END-- [ RunTime:0.000089s ]
ERR: 无法加载模块:Public

[ 2016-08-28T17:03:56+08:00 ] 111.161.57.49 /tp/Public//tp/PublicScripts/mediav.js
INFO: [ app_init ] --START--
INFO: Run Behavior\BuildLiteBehavior [ RunTime:0.000014s ]
INFO: [ app_init ] --END-- [ RunTime:0.000086s ]
ERR: 无法加载模块:Public

[ 2016-08-28T17:03:58+08:00 ] 125.39.57.39 /tp/Public//images/ehaier-icon.png
INFO: [ app_init ] --START--
INFO: Run Behavior\BuildLiteBehavior [ RunTime:0.000013s ]
INFO: [ app_init ] --END-- [ RunTime:0.000094s ]
ERR: 无法加载模块:Public

[ 2016-08-28T17:17:03+08:00 ] 61.49.57.61 /tp/Public//tp/PublicScripts/mediav.js
INFO: [ app_init ] --START--
INFO: Run Behavior\BuildLiteBehavior [ RunTime:0.000069s ]
INFO: [ app_init ] --END-- [ RunTime:0.000259s ]
ERR: 无法加载模块:Public

[ 2016-08-28T17:17:10+08:00 ] 123.151.139.145 /tp/Public//images/ehaier-icon.png
INFO: [ app_init ] --START--
INFO: Run Behavior\BuildLiteBehavior [ RunTime:0.000014s ]
INFO: [ app_init ] --END-- [ RunTime:0.000108s ]
ERR: 无法加载模块:Public

[ 2016-08-28T17:25:16+08:00 ] 111.161.57.49 /tp/Public//tp/PublicScripts/mediav.js
INFO: [ app_init ] --START--
INFO: Run Behavior\BuildLiteBehavior [ RunTime:0.000014s ]
INFO: [ app_init ] --END-- [ RunTime:0.000087s ]
ERR: 无法加载模块:Public

[ 2016-08-28T17:25:18+08:00 ] 111.161.57.49 /tp/Public//images/ehaier-icon.png
INFO: [ app_init ] --START--
INFO: Run Behavior\BuildLiteBehavior [ RunTime:0.000014s ]
INFO: [ app_init ] --END-- [ RunTime:0.000095s ]
ERR: 无法加载模块:Public

[ 2016-08-28T17:25:31+08:00 ] 111.161.57.49 /tp/Public/javascript:void(0);
INFO: [ app_init ] --START--
INFO: Run Behavior\BuildLiteBehavior [ RunTime:0.000014s ]
INFO: [ app_init ] --END-- [ RunTime:0.000094s ]
ERR: 无法加载模块:Public

[ 2016-08-28T17:32:31+08:00 ] 111.161.57.49 /tp/Public//tp/PublicScripts/mediav.js
INFO: [ app_init ] --START--
INFO: Run Behavior\BuildLiteBehavior [ RunTime:0.000014s ]
INFO: [ app_init ] --END-- [ RunTime:0.000098s ]
ERR: 无法加载模块:Public

[ 2016-08-28T17:32:34+08:00 ] 125.39.57.39 /tp/Public//images/ehaier-icon.png
INFO: [ app_init ] --START--
INFO: Run Behavior\BuildLiteBehavior [ RunTime:0.000013s ]
INFO: [ app_init ] --END-- [ RunTime:0.000091s ]
ERR: 无法加载模块:Public

[ 2016-08-28T17:36:45+08:00 ] 61.148.243.48 /tp/Public//tp/PublicScripts/mediav.js
INFO: [ app_init ] --START--
INFO: Run Behavior\BuildLiteBehavior [ RunTime:0.000014s ]
INFO: [ app_init ] --END-- [ RunTime:0.000086s ]
ERR: 无法加载模块:Public

[ 2016-08-28T17:37:21+08:00 ] 61.148.243.48 /tp/Public/javascript:void(0);
INFO: [ app_init ] --START--
INFO: Run Behavior\BuildLiteBehavior [ RunTime:0.000014s ]
INFO: [ app_init ] --END-- [ RunTime:0.000092s ]
ERR: 无法加载模块:Public

[ 2016-08-28T17:37:30+08:00 ] 61.148.243.48 /tp/Public//tp/PublicScripts/mediav.js
INFO: [ app_init ] --START--
INFO: Run Behavior\BuildLiteBehavior [ RunTime:0.000014s ]
INFO: [ app_init ] --END-- [ RunTime:0.000092s ]
ERR: 无法加载模块:Public

[ 2016-08-28T17:37:32+08:00 ] 61.148.243.48 /tp/Public/javascript:void(0);
INFO: [ app_init ] --START--
INFO: Run Behavior\BuildLiteBehavior [ RunTime:0.000013s ]
INFO: [ app_init ] --END-- [ RunTime:0.000085s ]
ERR: 无法加载模块:Public

[ 2016-08-28T17:37:34+08:00 ] 61.148.243.48 /tp/Public//tp/PublicScripts/mediav.js
INFO: [ app_init ] --START--
INFO: Run Behavior\BuildLiteBehavior [ RunTime:0.000013s ]
INFO: [ app_init ] --END-- [ RunTime:0.000087s ]
ERR: 无法加载模块:Public

[ 2016-08-28T17:46:45+08:00 ] 123.151.40.34 /tp/Public//tp/PublicScripts/mediav.js
INFO: [ app_init ] --START--
INFO: Run Behavior\BuildLiteBehavior [ RunTime:0.000015s ]
INFO: [ app_init ] --END-- [ RunTime:0.000101s ]
ERR: 无法加载模块:Public

[ 2016-08-28T17:47:00+08:00 ] 123.151.40.34 /tp/Public//images/ehaier-icon.png
INFO: [ app_init ] --START--
INFO: Run Behavior\BuildLiteBehavior [ RunTime:0.000014s ]
INFO: [ app_init ] --END-- [ RunTime:0.000092s ]
ERR: 无法加载模块:Public

[ 2016-08-28T18:07:19+08:00 ] 111.161.105.15 /tp/Public//tp/PublicScripts/mediav.js
INFO: [ app_init ] --START--
INFO: Run Behavior\BuildLiteBehavior [ RunTime:0.000013s ]
INFO: [ app_init ] --END-- [ RunTime:0.000086s ]
ERR: 无法加载模块:Public

[ 2016-08-28T18:07:21+08:00 ] 123.151.42.48 /tp/Public//images/ehaier-icon.png
INFO: [ app_init ] --START--
INFO: Run Behavior\BuildLiteBehavior [ RunTime:0.000014s ]
INFO: [ app_init ] --END-- [ RunTime:0.000091s ]
ERR: 无法加载模块:Public

[ 2016-08-28T18:52:19+08:00 ] 111.161.57.49 /tp/Public//tp/PublicScripts/mediav.js
INFO: [ app_init ] --START--
INFO: Run Behavior\BuildLiteBehavior [ RunTime:0.000013s ]
INFO: [ app_init ] --END-- [ RunTime:0.000107s ]
ERR: 无法加载模块:Public

[ 2016-08-28T18:52:24+08:00 ] 111.161.57.49 /tp/Public//images/ehaier-icon.png
INFO: [ app_init ] --START--
INFO: Run Behavior\BuildLiteBehavior [ RunTime:0.000013s ]
INFO: [ app_init ] --END-- [ RunTime:0.000093s ]
ERR: 无法加载模块:Public

[ 2016-08-28T19:08:40+08:00 ] 222.129.232.198 /tp/Public//tp/PublicScripts/mediav.js
INFO: [ app_init ] --START--
INFO: Run Behavior\BuildLiteBehavior [ RunTime:0.000013s ]
INFO: [ app_init ] --END-- [ RunTime:0.000086s ]
ERR: 无法加载模块:Public

[ 2016-08-28T19:09:25+08:00 ] 222.129.232.198 /tp/Public//tp/PublicScripts/mediav.js
INFO: [ app_init ] --START--
INFO: Run Behavior\BuildLiteBehavior [ RunTime:0.000014s ]
INFO: [ app_init ] --END-- [ RunTime:0.000087s ]
ERR: 无法加载模块:Public

[ 2016-08-28T19:09:44+08:00 ] 120.234.49.146 /tp/Public//tp/PublicScripts/mediav.js
INFO: [ app_init ] --START--
INFO: Run Behavior\BuildLiteBehavior [ RunTime:0.000014s ]
INFO: [ app_init ] --END-- [ RunTime:0.000087s ]
ERR: 无法加载模块:Public

[ 2016-08-28T19:10:08+08:00 ] 120.234.49.146 /tp/Public//tp/PublicScripts/mediav.js
INFO: [ app_init ] --START--
INFO: Run Behavior\BuildLiteBehavior [ RunTime:0.000010s ]
INFO: [ app_init ] --END-- [ RunTime:0.000066s ]
ERR: 无法加载模块:Public

[ 2016-08-28T19:25:01+08:00 ] 1.58.79.24 /tp/Public//tp/PublicScripts/mediav.js
INFO: [ app_init ] --START--
INFO: Run Behavior\BuildLiteBehavior [ RunTime:0.000013s ]
INFO: [ app_init ] --END-- [ RunTime:0.000087s ]
ERR: 无法加载模块:Public

[ 2016-08-28T20:09:44+08:00 ] 1.188.148.246 /tp/Public//tp/PublicScripts/mediav.js
INFO: [ app_init ] --START--
INFO: Run Behavior\BuildLiteBehavior [ RunTime:0.000013s ]
INFO: [ app_init ] --END-- [ RunTime:0.000085s ]
ERR: 无法加载模块:Public

[ 2016-08-28T20:09:57+08:00 ] 1.188.148.246 /tp/Public//tp/PublicScripts/mediav.js
INFO: [ app_init ] --START--
INFO: Run Behavior\BuildLiteBehavior [ RunTime:0.000015s ]
INFO: [ app_init ] --END-- [ RunTime:0.000107s ]
ERR: 无法加载模块:Public

[ 2016-08-28T20:10:03+08:00 ] 1.188.148.246 /tp/Public//images/ehaier-icon.png
INFO: [ app_init ] --START--
INFO: Run Behavior\BuildLiteBehavior [ RunTime:0.000015s ]
INFO: [ app_init ] --END-- [ RunTime:0.000093s ]
ERR: 无法加载模块:Public

[ 2016-08-28T20:11:09+08:00 ] 1.188.148.246 /tp/Public//tp/PublicScripts/mediav.js
INFO: [ app_init ] --START--
INFO: Run Behavior\BuildLiteBehavior [ RunTime:0.000014s ]
INFO: [ app_init ] --END-- [ RunTime:0.000099s ]
ERR: 无法加载模块:Public

[ 2016-08-28T20:48:16+08:00 ] 1.188.148.246 /tp/Public//tp/PublicScripts/mediav.js
INFO: [ app_init ] --START--
INFO: Run Behavior\BuildLiteBehavior [ RunTime:0.000014s ]
INFO: [ app_init ] --END-- [ RunTime:0.000089s ]
ERR: 无法加载模块:Public

[ 2016-08-28T20:48:18+08:00 ] 1.188.148.246 /tp/Public//images/ehaier-icon.png
INFO: [ app_init ] --START--
INFO: Run Behavior\BuildLiteBehavior [ RunTime:0.000014s ]
INFO: [ app_init ] --END-- [ RunTime:0.000093s ]
ERR: 无法加载模块:Public

[ 2016-08-28T20:49:28+08:00 ] 1.188.148.246 /tp/Public/js/bootstrap.min.js
INFO: [ app_init ] --START--
INFO: Run Behavior\BuildLiteBehavior [ RunTime:0.000020s ]
INFO: [ app_init ] --END-- [ RunTime:0.000100s ]
ERR: 无法加载模块:Public

[ 2016-08-28T20:50:26+08:00 ] 1.188.148.246 /tp/Public/js/bootstrap.min.js
INFO: [ app_init ] --START--
INFO: Run Behavior\BuildLiteBehavior [ RunTime:0.000014s ]
INFO: [ app_init ] --END-- [ RunTime:0.000087s ]
ERR: 无法加载模块:Public

[ 2016-08-28T20:52:44+08:00 ] 1.188.148.246 /tp/Public/js/bootstrap.min.js
INFO: [ app_init ] --START--
INFO: Run Behavior\BuildLiteBehavior [ RunTime:0.000014s ]
INFO: [ app_init ] --END-- [ RunTime:0.000087s ]
ERR: 无法加载模块:Public

[ 2016-08-28T21:02:50+08:00 ] 1.188.148.246 /tp/Public//tp/PublicScripts/mediav.js
INFO: [ app_init ] --START--
INFO: Run Behavior\BuildLiteBehavior [ RunTime:0.000014s ]
INFO: [ app_init ] --END-- [ RunTime:0.000087s ]
ERR: 无法加载模块:Public

[ 2016-08-28T21:09:30+08:00 ] 1.188.148.246 /tp/Public//tp/PublicScripts/mediav.js
INFO: [ app_init ] --START--
INFO: Run Behavior\BuildLiteBehavior [ RunTime:0.000016s ]
INFO: [ app_init ] --END-- [ RunTime:0.000093s ]
ERR: 无法加载模块:Public

[ 2016-08-28T21:38:53+08:00 ] 182.140.184.154 /tp/Public//tp/PublicScripts/mediav.js
INFO: [ app_init ] --START--
INFO: Run Behavior\BuildLiteBehavior [ RunTime:0.000014s ]
INFO: [ app_init ] --END-- [ RunTime:0.000087s ]
ERR: 无法加载模块:Public

[ 2016-08-28T21:39:05+08:00 ] 182.140.184.154 /tp/Public//images/ehaier-icon.png
INFO: [ app_init ] --START--
INFO: Run Behavior\BuildLiteBehavior [ RunTime:0.000014s ]
INFO: [ app_init ] --END-- [ RunTime:0.000094s ]
ERR: 无法加载模块:Public

[ 2016-08-28T21:44:27+08:00 ] 111.161.57.49 /tp/Public/js/bootstrap.min.js
INFO: [ app_init ] --START--
INFO: Run Behavior\BuildLiteBehavior [ RunTime:0.000013s ]
INFO: [ app_init ] --END-- [ RunTime:0.000085s ]
ERR: 无法加载模块:Public

[ 2016-08-28T21:44:43+08:00 ] 111.161.57.49 /tp/Public/js/bootstrap.min.js
INFO: [ app_init ] --START--
INFO: Run Behavior\BuildLiteBehavior [ RunTime:0.000014s ]
INFO: [ app_init ] --END-- [ RunTime:0.000087s ]
ERR: 无法加载模块:Public

[ 2016-08-28T21:44:44+08:00 ] 111.161.57.49 /tp/Public/js/bootstrap.min.js
INFO: [ app_init ] --START--
INFO: Run Behavior\BuildLiteBehavior [ RunTime:0.000022s ]
INFO: [ app_init ] --END-- [ RunTime:0.000143s ]
ERR: 无法加载模块:Public

[ 2016-08-28T21:44:52+08:00 ] 111.161.57.49 /tp/Public//tp/PublicScripts/mediav.js
INFO: [ app_init ] --START--
INFO: Run Behavior\BuildLiteBehavior [ RunTime:0.000013s ]
INFO: [ app_init ] --END-- [ RunTime:0.000085s ]
ERR: 无法加载模块:Public

[ 2016-08-28T21:44:54+08:00 ] 111.161.57.49 /tp/Public//images/ehaier-icon.png
INFO: [ app_init ] --START--
INFO: Run Behavior\BuildLiteBehavior [ RunTime:0.000013s ]
INFO: [ app_init ] --END-- [ RunTime:0.000094s ]
ERR: 无法加载模块:Public

[ 2016-08-28T22:54:52+08:00 ] 123.165.164.177 /tp/Public//tp/PublicScripts/mediav.js
INFO: [ app_init ] --START--
INFO: Run Behavior\BuildLiteBehavior [ RunTime:0.000014s ]
INFO: [ app_init ] --END-- [ RunTime:0.000101s ]
ERR: 无法加载模块:Public

[ 2016-08-28T22:54:59+08:00 ] 123.165.164.177 /tp/Public//tp/PublicScripts/mediav.js
INFO: [ app_init ] --START--
INFO: Run Behavior\BuildLiteBehavior [ RunTime:0.000013s ]
INFO: [ app_init ] --END-- [ RunTime:0.000086s ]
ERR: 无法加载模块:Public

